Started GET "/" for 127.0.0.1 at 2017-09-27 11:47:32 +1000
Processing by Rails::WelcomeController#index as HTML
  Rendering /Users/MacEnroy/.rvm/gems/ruby-2.4.0/gems/railties-5.1.4/lib/rails/templates/rails/welcome/index.html.erb
  Rendered /Users/MacEnroy/.rvm/gems/ruby-2.4.0/gems/railties-5.1.4/lib/rails/templates/rails/welcome/index.html.erb (5.0ms)
Completed 200 OK in 796ms (Views: 18.8ms)


Started GET "/haml" for 127.0.0.1 at 2017-09-27 11:47:35 +1000
Processing by PagesController#haml_demo as HTML
  Rendering pages/haml_demo.haml within layouts/application
  Rendered pages/haml_demo.haml within layouts/application (4.1ms)
Completed 200 OK in 3403ms (Views: 3397.3ms)


Started GET "/haml" for 127.0.0.1 at 2017-09-27 11:48:10 +1000
Processing by PagesController#haml_demo as HTML
  Rendering pages/haml_demo.haml within layouts/application
  Rendered pages/haml_demo.haml within layouts/application (2.3ms)
Completed 200 OK in 38ms (Views: 33.1ms)


Started GET "/haml" for 127.0.0.1 at 2017-09-27 11:50:46 +1000
Processing by PagesController#haml_demo as HTML
  Rendering pages/haml_demo.haml within layouts/application
  Rendered pages/haml_demo.haml within layouts/application (4.4ms)
Completed 200 OK in 36ms (Views: 33.1ms)


Started GET "/haml" for 127.0.0.1 at 2017-09-27 11:51:56 +1000
Processing by PagesController#haml_demo as HTML
  Rendering pages/haml_demo.haml within layouts/application
  Rendered pages/haml_demo.haml within layouts/application (8.1ms)
Completed 200 OK in 50ms (Views: 46.7ms)


Started GET "/haml" for 127.0.0.1 at 2017-09-27 11:53:00 +1000
Processing by PagesController#haml_demo as HTML
  Rendering pages/haml_demo.haml within layouts/application
  Rendered pages/haml_demo.haml within layouts/application (3.2ms)
Completed 200 OK in 48ms (Views: 44.2ms)


Started GET "/haml" for 127.0.0.1 at 2017-09-27 11:54:10 +1000
Processing by PagesController#haml_demo as HTML
  Rendering pages/haml_demo.haml within layouts/application
  Rendered pages/haml_demo.haml within layouts/application (6.6ms)
Completed 500 Internal Server Error in 18ms


  
ActionView::Template::Error (Inconsistent indentation: 2 spaces used for indentation, but the rest of the document was indented using 4 spaces.):
    2: 
    3: %div.container
    4:     %p here is a demo of some HAML features
    5:   %h2 Everything is broken
  
app/views/pages/haml_demo.haml:5
Started GET "/haml" for 127.0.0.1 at 2017-09-27 11:55:12 +1000
Processing by PagesController#haml_demo as HTML
  Rendering pages/haml_demo.haml within layouts/application
  Rendered pages/haml_demo.haml within layouts/application (3.3ms)
Completed 200 OK in 45ms (Views: 40.5ms)


Started GET "/haml" for 127.0.0.1 at 2017-09-27 11:55:17 +1000
Processing by PagesController#haml_demo as HTML
  Rendering pages/haml_demo.haml within layouts/application
  Rendered pages/haml_demo.haml within layouts/application (3.4ms)
Completed 200 OK in 37ms (Views: 33.6ms)


Started GET "/haml" for 127.0.0.1 at 2017-09-27 11:55:39 +1000
Processing by PagesController#haml_demo as HTML
  Rendering pages/haml_demo.haml within layouts/application
  Rendered pages/haml_demo.haml within layouts/application (3.3ms)
Completed 200 OK in 35ms (Views: 30.7ms)


Started GET "/haml" for 127.0.0.1 at 2017-09-27 11:55:41 +1000
Processing by PagesController#haml_demo as HTML
  Rendering pages/haml_demo.haml within layouts/application
  Rendered pages/haml_demo.haml within layouts/application (3.4ms)
Completed 200 OK in 32ms (Views: 27.8ms)


Started GET "/haml" for 127.0.0.1 at 2017-09-27 11:55:43 +1000
Processing by PagesController#haml_demo as HTML
  Rendering pages/haml_demo.haml within layouts/application
  Rendered pages/haml_demo.haml within layouts/application (3.2ms)
Completed 200 OK in 35ms (Views: 31.4ms)


Started GET "/haml" for 127.0.0.1 at 2017-09-27 11:57:25 +1000
Processing by PagesController#haml_demo as HTML
  Rendering pages/haml_demo.haml within layouts/application
  Rendered pages/haml_demo.haml within layouts/application (3.4ms)
Completed 200 OK in 34ms (Views: 30.3ms)


Started GET "/haml" for 127.0.0.1 at 2017-09-27 11:58:16 +1000
Processing by PagesController#haml_demo as HTML
  Rendering pages/haml_demo.haml within layouts/application
  Rendered pages/haml_demo.haml within layouts/application (3.5ms)
Completed 200 OK in 39ms (Views: 34.9ms)


Started GET "/haml" for 127.0.0.1 at 2017-09-27 11:59:24 +1000
Processing by PagesController#haml_demo as HTML
  Rendering pages/haml_demo.haml within layouts/application
  Rendered pages/haml_demo.haml within layouts/application (4.7ms)
Completed 200 OK in 39ms (Views: 35.7ms)


Started GET "/" for 127.0.0.1 at 2017-09-27 12:06:13 +1000
Processing by PagesController#index as HTML
  Rendering pages/index.haml within layouts/application
  Rendered pages/index.haml within layouts/application (6.3ms)
Completed 200 OK in 40ms (Views: 36.9ms)


Started GET "/" for 127.0.0.1 at 2017-09-27 12:08:16 +1000
Processing by PagesController#index as HTML
  Rendering pages/index.haml within layouts/application
  Rendered pages/index.haml within layouts/application (5.5ms)
Completed 200 OK in 233ms (Views: 229.3ms)


Started GET "/" for 127.0.0.1 at 2017-09-27 12:09:18 +1000
Processing by PagesController#index as HTML
  Rendering pages/index.haml within layouts/application
  Rendered pages/index.haml within layouts/application (6.1ms)
Completed 200 OK in 60ms (Views: 56.6ms)


Started GET "/" for 127.0.0.1 at 2017-09-27 12:13:47 +1000
Processing by PagesController#index as HTML
  Rendering pages/index.haml within layouts/application
  Rendered pages/index.haml within layouts/application (6.1ms)
Completed 200 OK in 736ms (Views: 733.0ms)


Started GET "/" for 127.0.0.1 at 2017-09-27 12:15:04 +1000
Processing by PagesController#index as HTML
  Rendering pages/index.haml within layouts/application
  Rendered pages/index.haml within layouts/application (6.7ms)
Completed 200 OK in 329ms (Views: 325.5ms)


Started GET "/" for 127.0.0.1 at 2017-09-27 12:18:34 +1000
Processing by PagesController#index as HTML
  Rendering pages/index.haml within layouts/application
  Rendered pages/index.haml within layouts/application (5.5ms)
Completed 200 OK in 134ms (Views: 130.4ms)


Started GET "/" for 127.0.0.1 at 2017-09-27 12:20:02 +1000
Processing by PagesController#index as HTML
  Rendering pages/index.haml within layouts/application
  Rendered pages/index.haml within layouts/application (8.4ms)
Completed 200 OK in 55ms (Views: 51.4ms)


Started GET "/" for 127.0.0.1 at 2017-09-27 12:20:34 +1000
Processing by PagesController#index as HTML
  Rendering pages/index.haml within layouts/application
  Rendered pages/index.haml within layouts/application (7.3ms)
Completed 200 OK in 42ms (Views: 38.7ms)


Started GET "/" for 127.0.0.1 at 2017-09-27 12:22:53 +1000
Processing by PagesController#index as HTML
  Rendering pages/index.haml within layouts/application
  Rendered pages/index.haml within layouts/application (5.1ms)
Completed 200 OK in 289ms (Views: 278.3ms)


Started GET "/" for 127.0.0.1 at 2017-09-27 12:28:09 +1000
Processing by PagesController#index as HTML
  Rendering pages/index.haml within layouts/application
  Rendered pages/index.haml within layouts/application (5.9ms)
Completed 200 OK in 203ms (Views: 199.3ms)


Started GET "/" for 127.0.0.1 at 2017-09-27 12:28:40 +1000
Processing by PagesController#index as HTML
  Rendering pages/index.haml within layouts/application
  Rendered pages/index.haml within layouts/application (7.1ms)
Completed 200 OK in 369ms (Views: 365.0ms)


Started GET "/" for 127.0.0.1 at 2017-09-27 12:30:42 +1000
Processing by PagesController#index as HTML
  Rendering pages/index.haml within layouts/application
  Rendered pages/index.haml within layouts/application (8.7ms)
Completed 200 OK in 319ms (Views: 313.9ms)


Started GET "/" for 127.0.0.1 at 2017-09-27 12:31:24 +1000
Processing by PagesController#index as HTML
  Rendering pages/index.haml within layouts/application
  Rendered pages/index.haml within layouts/application (7.8ms)
Completed 200 OK in 275ms (Views: 271.7ms)


Started GET "/" for 127.0.0.1 at 2017-09-27 12:32:42 +1000
Processing by PagesController#index as HTML
  Rendering pages/index.haml within layouts/application
  Rendered pages/index.haml within layouts/application (7.2ms)
Completed 200 OK in 573ms (Views: 569.4ms)


Started GET "/" for 127.0.0.1 at 2017-09-27 12:32:51 +1000
Processing by PagesController#index as HTML
  Rendering pages/index.haml within layouts/application
  Rendered pages/index.haml within layouts/application (5.3ms)
Completed 200 OK in 266ms (Views: 262.8ms)


Started GET "/" for 127.0.0.1 at 2017-09-27 12:33:14 +1000
Processing by PagesController#index as HTML
  Rendering pages/index.haml within layouts/application
  Rendered pages/index.haml within layouts/application (6.2ms)
Completed 200 OK in 272ms (Views: 267.0ms)


Started GET "/" for 127.0.0.1 at 2017-09-27 12:33:59 +1000
Processing by PagesController#index as HTML
  Rendering pages/index.haml within layouts/application
  Rendered pages/index.haml within layouts/application (6.1ms)
Completed 200 OK in 482ms (Views: 478.6ms)


Started GET "/" for 127.0.0.1 at 2017-09-27 12:34:24 +1000
Processing by PagesController#index as HTML
  Rendering pages/index.haml within layouts/application
  Rendered pages/index.haml within layouts/application (6.1ms)
Completed 200 OK in 63ms (Views: 58.5ms)


Started GET "/" for 127.0.0.1 at 2017-09-27 12:34:34 +1000
Processing by PagesController#index as HTML
  Rendering pages/index.haml within layouts/application
  Rendered pages/index.haml within layouts/application (7.9ms)
Completed 200 OK in 277ms (Views: 272.3ms)


Started GET "/" for 127.0.0.1 at 2017-09-27 12:36:59 +1000
Processing by PagesController#index as HTML
  Rendering pages/index.haml within layouts/application
  Rendered pages/index.haml within layouts/application (6.0ms)
Completed 200 OK in 129ms (Views: 124.5ms)


Started GET "/" for 127.0.0.1 at 2017-09-27 12:37:28 +1000
Processing by PagesController#index as HTML
  Rendering pages/index.haml within layouts/application
  Rendered pages/index.haml within layouts/application (5.2ms)
Completed 200 OK in 479ms (Views: 475.4ms)


Started GET "/" for 127.0.0.1 at 2017-09-27 12:38:14 +1000
Processing by PagesController#index as HTML
  Rendering pages/index.haml within layouts/application
  Rendered pages/index.haml within layouts/application (8.4ms)
Completed 200 OK in 510ms (Views: 505.4ms)


Started GET "/" for 127.0.0.1 at 2017-09-27 12:38:21 +1000
Processing by PagesController#index as HTML
  Rendering pages/index.haml within layouts/application
  Rendered pages/index.haml within layouts/application (9.6ms)
Completed 200 OK in 52ms (Views: 46.1ms)


Started GET "/" for 127.0.0.1 at 2017-09-27 12:40:15 +1000
Processing by PagesController#index as HTML
  Rendering pages/index.haml within layouts/application
  Rendered pages/index.haml within layouts/application (6.0ms)
Completed 200 OK in 283ms (Views: 279.8ms)


Started GET "/" for 127.0.0.1 at 2017-09-27 12:40:47 +1000
Processing by PagesController#index as HTML
  Rendering pages/index.haml within layouts/application
  Rendered pages/index.haml within layouts/application (8.5ms)
Completed 200 OK in 361ms (Views: 357.7ms)


Started GET "/" for 127.0.0.1 at 2017-09-27 12:42:40 +1000
Processing by PagesController#index as HTML
  Rendering pages/index.haml within layouts/application
  Rendered pages/index.haml within layouts/application (12.4ms)
Completed 200 OK in 441ms (Views: 436.1ms)


