  [1m[35m (19.2ms)[0m  [1m[34mSELECT sqlite_version(*)[0m
  [1m[35m (2.4ms)[0m  [1m[35mCREATE TABLE "schema_migrations" ("version" varchar NOT NULL PRIMARY KEY)[0m
  [1m[35m (24.5ms)[0m  [1m[35mCREATE TABLE "ar_internal_metadata" ("key" varchar NOT NULL PRIMARY KEY, "value" varchar, "created_at" datetime NOT NULL, "updated_at" datetime NOT NULL)[0m
  [1m[35m (0.3ms)[0m  [1m[34mSELECT "schema_migrations"."version" FROM "schema_migrations" ORDER BY "schema_migrations"."version" ASC[0m
Migrating to CreateDirectors (20170823101736)
  [1m[35m (0.1ms)[0m  [1m[36mbegin transaction[0m
  [1m[35m (11.1ms)[0m  [1m[35mCREATE TABLE "directors" ("id" INTEGER PRIMARY KEY AUTOINCREMENT NOT NULL, "name" text, "nationality" text, "dob" date, "award" text, "image" text, "created_at" datetime NOT NULL, "updated_at" datetime NOT NULL)[0m
  [1m[35mSQL (0.4ms)[0m  [1m[32mINSERT INTO "schema_migrations" ("version") VALUES (?)[0m  [["version", "20170823101736"]]
  [1m[35m (1.9ms)[0m  [1m[36mcommit transaction[0m
Migrating to CreateMovies (20170823103714)
  [1m[35m (0.1ms)[0m  [1m[36mbegin transaction[0m
  [1m[35m (0.6ms)[0m  [1m[35mCREATE TABLE "movies" ("id" INTEGER PRIMARY KEY AUTOINCREMENT NOT NULL, "title" text, "year" text, "genre" text, "image" text, "created_at" datetime NOT NULL, "updated_at" datetime NOT NULL)[0m
  [1m[35mSQL (0.3ms)[0m  [1m[32mINSERT INTO "schema_migrations" ("version") VALUES (?)[0m  [["version", "20170823103714"]]
  [1m[35m (1.6ms)[0m  [1m[36mcommit transaction[0m
  [1m[36mActiveRecord::InternalMetadata Load (0.2ms)[0m  [1m[34mSELECT  "ar_internal_metadata".* FROM "ar_internal_metadata" WHERE "ar_internal_metadata"."key" = ? LIMIT ?[0m  [["key", "environment"], ["LIMIT", 1]]
  [1m[35m (0.1ms)[0m  [1m[36mbegin transaction[0m
  [1m[35mSQL (0.4ms)[0m  [1m[32mINSERT INTO "ar_internal_metadata" ("key", "value", "created_at", "updated_at") VALUES (?, ?, ?, ?)[0m  [["key", "environment"], ["value", "development"], ["created_at", "2017-08-23 10:40:38.771963"], ["updated_at", "2017-08-23 10:40:38.771963"]]
  [1m[35m (1.5ms)[0m  [1m[36mcommit transaction[0m
  [1m[35m (0.3ms)[0m  [1m[34mSELECT "schema_migrations"."version" FROM "schema_migrations" ORDER BY "schema_migrations"."version" ASC[0m
  [1m[35m (0.6ms)[0m  [1m[34mSELECT "schema_migrations"."version" FROM "schema_migrations" ORDER BY "schema_migrations"."version" ASC[0m
  [1m[35m (0.5ms)[0m  [1m[34mSELECT "schema_migrations"."version" FROM "schema_migrations" ORDER BY "schema_migrations"."version" ASC[0m
  [1m[35m (0.1ms)[0m  [1m[34mSELECT "schema_migrations"."version" FROM "schema_migrations" ORDER BY "schema_migrations"."version" ASC[0m
Migrating to CreateMovies (20170823103714)
  [1m[35m (0.1ms)[0m  [1m[36mbegin transaction[0m
  [1m[35m (40.8ms)[0m  [1m[35mDROP TABLE "movies"[0m
  [1m[35mSQL (0.6ms)[0m  [1m[31mDELETE FROM "schema_migrations" WHERE "schema_migrations"."version" = ?[0m  [["version", "20170823103714"]]
  [1m[35m (1.9ms)[0m  [1m[36mcommit transaction[0m
  [1m[35m (0.5ms)[0m  [1m[34mSELECT "schema_migrations"."version" FROM "schema_migrations" ORDER BY "schema_migrations"."version" ASC[0m
  [1m[35m (0.6ms)[0m  [1m[34mSELECT "schema_migrations"."version" FROM "schema_migrations" ORDER BY "schema_migrations"."version" ASC[0m
  [1m[35m (0.1ms)[0m  [1m[34mSELECT "schema_migrations"."version" FROM "schema_migrations" ORDER BY "schema_migrations"."version" ASC[0m
Migrating to CreateDirectors (20170823101736)
  [1m[35m (0.1ms)[0m  [1m[36mbegin transaction[0m
  [1m[35m (1.4ms)[0m  [1m[35mDROP TABLE "directors"[0m
  [1m[35mSQL (0.4ms)[0m  [1m[31mDELETE FROM "schema_migrations" WHERE "schema_migrations"."version" = ?[0m  [["version", "20170823101736"]]
  [1m[35m (2.4ms)[0m  [1m[36mcommit transaction[0m
  [1m[35m (0.2ms)[0m  [1m[34mSELECT "schema_migrations"."version" FROM "schema_migrations" ORDER BY "schema_migrations"."version" ASC[0m
  [1m[35m (0.8ms)[0m  [1m[34mSELECT "schema_migrations"."version" FROM "schema_migrations" ORDER BY "schema_migrations"."version" ASC[0m
Migrating to CreateDirectors (20170823101736)
  [1m[35m (0.1ms)[0m  [1m[36mbegin transaction[0m
  [1m[35m (0.2ms)[0m  [1m[34mSELECT sqlite_version(*)[0m
  [1m[35m (1.0ms)[0m  [1m[35mCREATE TABLE "directors" ("id" INTEGER PRIMARY KEY AUTOINCREMENT NOT NULL, "name" text, "nationality" text, "dob" date, "award" text, "image" text, "created_at" datetime NOT NULL, "updated_at" datetime NOT NULL)[0m
  [1m[35mSQL (0.5ms)[0m  [1m[32mINSERT INTO "schema_migrations" ("version") VALUES (?)[0m  [["version", "20170823101736"]]
  [1m[35m (2.2ms)[0m  [1m[36mcommit transaction[0m
Migrating to CreateMovies (20170823103714)
  [1m[35m (0.1ms)[0m  [1m[36mbegin transaction[0m
  [1m[35m (21.8ms)[0m  [1m[35mCREATE TABLE "movies" ("id" INTEGER PRIMARY KEY AUTOINCREMENT NOT NULL, "title" text, "year" text, "genre" text, "image" text, "created_at" datetime NOT NULL, "updated_at" datetime NOT NULL)[0m
  [1m[35mSQL (0.4ms)[0m  [1m[32mINSERT INTO "schema_migrations" ("version") VALUES (?)[0m  [["version", "20170823103714"]]
  [1m[35m (2.1ms)[0m  [1m[36mcommit transaction[0m
  [1m[36mActiveRecord::InternalMetadata Load (18.5ms)[0m  [1m[34mSELECT  "ar_internal_metadata".* FROM "ar_internal_metadata" WHERE "ar_internal_metadata"."key" = ? LIMIT ?[0m  [["key", "environment"], ["LIMIT", 1]]
  [1m[35m (0.1ms)[0m  [1m[36mbegin transaction[0m
  [1m[35m (0.1ms)[0m  [1m[36mcommit transaction[0m
  [1m[35m (0.2ms)[0m  [1m[34mSELECT "schema_migrations"."version" FROM "schema_migrations" ORDER BY "schema_migrations"."version" ASC[0m
  [1m[35m (0.5ms)[0m  [1m[34mSELECT "schema_migrations"."version" FROM "schema_migrations" ORDER BY "schema_migrations"."version" ASC[0m
  [1m[35m (0.5ms)[0m  [1m[34mSELECT "schema_migrations"."version" FROM "schema_migrations" ORDER BY "schema_migrations"."version" ASC[0m
  [1m[35m (17.5ms)[0m  [1m[34mSELECT "schema_migrations"."version" FROM "schema_migrations" ORDER BY "schema_migrations"."version" ASC[0m
Started GET "/" for 127.0.0.1 at 2017-08-23 23:45:10 +1000
  [1m[35m (0.3ms)[0m  [1m[34mSELECT "schema_migrations"."version" FROM "schema_migrations" ORDER BY "schema_migrations"."version" ASC[0m
  
ActiveRecord::PendingMigrationError (

Migrations are pending. To resolve this issue, run:

        bin/rails db:migrate RAILS_ENV=development

):
  
activerecord (5.1.3) lib/active_record/migration.rb:576:in `check_pending!'
activerecord (5.1.3) lib/active_record/migration.rb:553:in `call'
actionpack (5.1.3) lib/action_dispatch/middleware/callbacks.rb:26:in `block in call'
activesupport (5.1.3) lib/active_support/callbacks.rb:97:in `run_callbacks'
actionpack (5.1.3) lib/action_dispatch/middleware/callbacks.rb:24:in `call'
actionpack (5.1.3) lib/action_dispatch/middleware/executor.rb:12:in `call'
actionpack (5.1.3) lib/action_dispatch/middleware/debug_exceptions.rb:59:in `call'
web-console (3.5.1) lib/web_console/middleware.rb:135:in `call_app'
web-console (3.5.1) lib/web_console/middleware.rb:28:in `block in call'
web-console (3.5.1) lib/web_console/middleware.rb:18:in `catch'
web-console (3.5.1) lib/web_console/middleware.rb:18:in `call'
actionpack (5.1.3) lib/action_dispatch/middleware/show_exceptions.rb:31:in `call'
railties (5.1.3) lib/rails/rack/logger.rb:36:in `call_app'
railties (5.1.3) lib/rails/rack/logger.rb:24:in `block in call'
activesupport (5.1.3) lib/active_support/tagged_logging.rb:69:in `block in tagged'
activesupport (5.1.3) lib/active_support/tagged_logging.rb:26:in `tagged'
activesupport (5.1.3) lib/active_support/tagged_logging.rb:69:in `tagged'
railties (5.1.3) lib/rails/rack/logger.rb:24:in `call'
sprockets-rails (3.2.0) lib/sprockets/rails/quiet_assets.rb:13:in `call'
actionpack (5.1.3) lib/action_dispatch/middleware/remote_ip.rb:79:in `call'
actionpack (5.1.3) lib/action_dispatch/middleware/request_id.rb:25:in `call'
rack (2.0.3) lib/rack/method_override.rb:22:in `call'
rack (2.0.3) lib/rack/runtime.rb:22:in `call'
activesupport (5.1.3) lib/active_support/cache/strategy/local_cache_middleware.rb:27:in `call'
actionpack (5.1.3) lib/action_dispatch/middleware/executor.rb:12:in `call'
actionpack (5.1.3) lib/action_dispatch/middleware/static.rb:125:in `call'
rack (2.0.3) lib/rack/sendfile.rb:111:in `call'
railties (5.1.3) lib/rails/engine.rb:522:in `call'
puma (3.10.0) lib/puma/configuration.rb:225:in `call'
puma (3.10.0) lib/puma/server.rb:605:in `handle_request'
puma (3.10.0) lib/puma/server.rb:437:in `process_client'
puma (3.10.0) lib/puma/server.rb:301:in `block in run'
puma (3.10.0) lib/puma/thread_pool.rb:120:in `block in spawn_thread'
Started GET "/rails/info/routes" for 127.0.0.1 at 2017-08-23 23:46:15 +1000
  [1m[35m (0.1ms)[0m  [1m[34mSELECT "schema_migrations"."version" FROM "schema_migrations" ORDER BY "schema_migrations"."version" ASC[0m
  
ActiveRecord::PendingMigrationError (

Migrations are pending. To resolve this issue, run:

        bin/rails db:migrate RAILS_ENV=development

):
  
activerecord (5.1.3) lib/active_record/migration.rb:576:in `check_pending!'
activerecord (5.1.3) lib/active_record/migration.rb:553:in `call'
actionpack (5.1.3) lib/action_dispatch/middleware/callbacks.rb:26:in `block in call'
activesupport (5.1.3) lib/active_support/callbacks.rb:97:in `run_callbacks'
actionpack (5.1.3) lib/action_dispatch/middleware/callbacks.rb:24:in `call'
actionpack (5.1.3) lib/action_dispatch/middleware/executor.rb:12:in `call'
actionpack (5.1.3) lib/action_dispatch/middleware/debug_exceptions.rb:59:in `call'
web-console (3.5.1) lib/web_console/middleware.rb:135:in `call_app'
web-console (3.5.1) lib/web_console/middleware.rb:28:in `block in call'
web-console (3.5.1) lib/web_console/middleware.rb:18:in `catch'
web-console (3.5.1) lib/web_console/middleware.rb:18:in `call'
actionpack (5.1.3) lib/action_dispatch/middleware/show_exceptions.rb:31:in `call'
railties (5.1.3) lib/rails/rack/logger.rb:36:in `call_app'
railties (5.1.3) lib/rails/rack/logger.rb:24:in `block in call'
activesupport (5.1.3) lib/active_support/tagged_logging.rb:69:in `block in tagged'
activesupport (5.1.3) lib/active_support/tagged_logging.rb:26:in `tagged'
activesupport (5.1.3) lib/active_support/tagged_logging.rb:69:in `tagged'
railties (5.1.3) lib/rails/rack/logger.rb:24:in `call'
sprockets-rails (3.2.0) lib/sprockets/rails/quiet_assets.rb:13:in `call'
actionpack (5.1.3) lib/action_dispatch/middleware/remote_ip.rb:79:in `call'
actionpack (5.1.3) lib/action_dispatch/middleware/request_id.rb:25:in `call'
rack (2.0.3) lib/rack/method_override.rb:22:in `call'
rack (2.0.3) lib/rack/runtime.rb:22:in `call'
activesupport (5.1.3) lib/active_support/cache/strategy/local_cache_middleware.rb:27:in `call'
actionpack (5.1.3) lib/action_dispatch/middleware/executor.rb:12:in `call'
actionpack (5.1.3) lib/action_dispatch/middleware/static.rb:125:in `call'
rack (2.0.3) lib/rack/sendfile.rb:111:in `call'
railties (5.1.3) lib/rails/engine.rb:522:in `call'
puma (3.10.0) lib/puma/configuration.rb:225:in `call'
puma (3.10.0) lib/puma/server.rb:605:in `handle_request'
puma (3.10.0) lib/puma/server.rb:437:in `process_client'
puma (3.10.0) lib/puma/server.rb:301:in `block in run'
puma (3.10.0) lib/puma/thread_pool.rb:120:in `block in spawn_thread'
Started GET "/rails/routes" for 127.0.0.1 at 2017-08-23 23:46:23 +1000
  [1m[35m (0.2ms)[0m  [1m[34mSELECT "schema_migrations"."version" FROM "schema_migrations" ORDER BY "schema_migrations"."version" ASC[0m
  
ActiveRecord::PendingMigrationError (

Migrations are pending. To resolve this issue, run:

        bin/rails db:migrate RAILS_ENV=development

):
  
activerecord (5.1.3) lib/active_record/migration.rb:576:in `check_pending!'
activerecord (5.1.3) lib/active_record/migration.rb:553:in `call'
actionpack (5.1.3) lib/action_dispatch/middleware/callbacks.rb:26:in `block in call'
activesupport (5.1.3) lib/active_support/callbacks.rb:97:in `run_callbacks'
actionpack (5.1.3) lib/action_dispatch/middleware/callbacks.rb:24:in `call'
actionpack (5.1.3) lib/action_dispatch/middleware/executor.rb:12:in `call'
actionpack (5.1.3) lib/action_dispatch/middleware/debug_exceptions.rb:59:in `call'
web-console (3.5.1) lib/web_console/middleware.rb:135:in `call_app'
web-console (3.5.1) lib/web_console/middleware.rb:28:in `block in call'
web-console (3.5.1) lib/web_console/middleware.rb:18:in `catch'
web-console (3.5.1) lib/web_console/middleware.rb:18:in `call'
actionpack (5.1.3) lib/action_dispatch/middleware/show_exceptions.rb:31:in `call'
railties (5.1.3) lib/rails/rack/logger.rb:36:in `call_app'
railties (5.1.3) lib/rails/rack/logger.rb:24:in `block in call'
activesupport (5.1.3) lib/active_support/tagged_logging.rb:69:in `block in tagged'
activesupport (5.1.3) lib/active_support/tagged_logging.rb:26:in `tagged'
activesupport (5.1.3) lib/active_support/tagged_logging.rb:69:in `tagged'
railties (5.1.3) lib/rails/rack/logger.rb:24:in `call'
sprockets-rails (3.2.0) lib/sprockets/rails/quiet_assets.rb:13:in `call'
actionpack (5.1.3) lib/action_dispatch/middleware/remote_ip.rb:79:in `call'
actionpack (5.1.3) lib/action_dispatch/middleware/request_id.rb:25:in `call'
rack (2.0.3) lib/rack/method_override.rb:22:in `call'
rack (2.0.3) lib/rack/runtime.rb:22:in `call'
activesupport (5.1.3) lib/active_support/cache/strategy/local_cache_middleware.rb:27:in `call'
actionpack (5.1.3) lib/action_dispatch/middleware/executor.rb:12:in `call'
actionpack (5.1.3) lib/action_dispatch/middleware/static.rb:125:in `call'
rack (2.0.3) lib/rack/sendfile.rb:111:in `call'
railties (5.1.3) lib/rails/engine.rb:522:in `call'
puma (3.10.0) lib/puma/configuration.rb:225:in `call'
puma (3.10.0) lib/puma/server.rb:605:in `handle_request'
puma (3.10.0) lib/puma/server.rb:437:in `process_client'
puma (3.10.0) lib/puma/server.rb:301:in `block in run'
puma (3.10.0) lib/puma/thread_pool.rb:120:in `block in spawn_thread'
Started GET "/rails/url" for 127.0.0.1 at 2017-08-23 23:46:24 +1000
  [1m[35m (0.1ms)[0m  [1m[34mSELECT "schema_migrations"."version" FROM "schema_migrations" ORDER BY "schema_migrations"."version" ASC[0m
  
ActiveRecord::PendingMigrationError (

Migrations are pending. To resolve this issue, run:

        bin/rails db:migrate RAILS_ENV=development

):
  
activerecord (5.1.3) lib/active_record/migration.rb:576:in `check_pending!'
activerecord (5.1.3) lib/active_record/migration.rb:553:in `call'
actionpack (5.1.3) lib/action_dispatch/middleware/callbacks.rb:26:in `block in call'
activesupport (5.1.3) lib/active_support/callbacks.rb:97:in `run_callbacks'
actionpack (5.1.3) lib/action_dispatch/middleware/callbacks.rb:24:in `call'
actionpack (5.1.3) lib/action_dispatch/middleware/executor.rb:12:in `call'
actionpack (5.1.3) lib/action_dispatch/middleware/debug_exceptions.rb:59:in `call'
web-console (3.5.1) lib/web_console/middleware.rb:135:in `call_app'
web-console (3.5.1) lib/web_console/middleware.rb:28:in `block in call'
web-console (3.5.1) lib/web_console/middleware.rb:18:in `catch'
web-console (3.5.1) lib/web_console/middleware.rb:18:in `call'
actionpack (5.1.3) lib/action_dispatch/middleware/show_exceptions.rb:31:in `call'
railties (5.1.3) lib/rails/rack/logger.rb:36:in `call_app'
railties (5.1.3) lib/rails/rack/logger.rb:24:in `block in call'
activesupport (5.1.3) lib/active_support/tagged_logging.rb:69:in `block in tagged'
activesupport (5.1.3) lib/active_support/tagged_logging.rb:26:in `tagged'
activesupport (5.1.3) lib/active_support/tagged_logging.rb:69:in `tagged'
railties (5.1.3) lib/rails/rack/logger.rb:24:in `call'
sprockets-rails (3.2.0) lib/sprockets/rails/quiet_assets.rb:13:in `call'
actionpack (5.1.3) lib/action_dispatch/middleware/remote_ip.rb:79:in `call'
actionpack (5.1.3) lib/action_dispatch/middleware/request_id.rb:25:in `call'
rack (2.0.3) lib/rack/method_override.rb:22:in `call'
rack (2.0.3) lib/rack/runtime.rb:22:in `call'
activesupport (5.1.3) lib/active_support/cache/strategy/local_cache_middleware.rb:27:in `call'
actionpack (5.1.3) lib/action_dispatch/middleware/executor.rb:12:in `call'
actionpack (5.1.3) lib/action_dispatch/middleware/static.rb:125:in `call'
rack (2.0.3) lib/rack/sendfile.rb:111:in `call'
railties (5.1.3) lib/rails/engine.rb:522:in `call'
puma (3.10.0) lib/puma/configuration.rb:225:in `call'
puma (3.10.0) lib/puma/server.rb:605:in `handle_request'
puma (3.10.0) lib/puma/server.rb:437:in `process_client'
puma (3.10.0) lib/puma/server.rb:301:in `block in run'
puma (3.10.0) lib/puma/thread_pool.rb:120:in `block in spawn_thread'
  
ActiveRecord::PendingMigrationError (

Migrations are pending. To resolve this issue, run:

        bin/rails db:migrate RAILS_ENV=development

):
  
activerecord (5.1.3) lib/active_record/migration.rb:576:in `check_pending!'
activerecord (5.1.3) lib/active_record/migration.rb:553:in `call'
actionpack (5.1.3) lib/action_dispatch/middleware/callbacks.rb:26:in `block in call'
activesupport (5.1.3) lib/active_support/callbacks.rb:97:in `run_callbacks'
actionpack (5.1.3) lib/action_dispatch/middleware/callbacks.rb:24:in `call'
actionpack (5.1.3) lib/action_dispatch/middleware/executor.rb:12:in `call'
actionpack (5.1.3) lib/action_dispatch/middleware/debug_exceptions.rb:59:in `call'
web-console (3.5.1) lib/web_console/middleware.rb:135:in `call_app'
web-console (3.5.1) lib/web_console/middleware.rb:28:in `block in call'
web-console (3.5.1) lib/web_console/middleware.rb:18:in `catch'
web-console (3.5.1) lib/web_console/middleware.rb:18:in `call'
actionpack (5.1.3) lib/action_dispatch/middleware/show_exceptions.rb:31:in `call'
railties (5.1.3) lib/rails/rack/logger.rb:36:in `call_app'
railties (5.1.3) lib/rails/rack/logger.rb:24:in `block in call'
activesupport (5.1.3) lib/active_support/tagged_logging.rb:69:in `block in tagged'
activesupport (5.1.3) lib/active_support/tagged_logging.rb:26:in `tagged'
activesupport (5.1.3) lib/active_support/tagged_logging.rb:69:in `tagged'
railties (5.1.3) lib/rails/rack/logger.rb:24:in `call'
sprockets-rails (3.2.0) lib/sprockets/rails/quiet_assets.rb:11:in `block in call'
activesupport (5.1.3) lib/active_support/logger_silence.rb:20:in `silence'
activesupport (5.1.3) lib/active_support/logger.rb:63:in `block (3 levels) in broadcast'
activesupport (5.1.3) lib/active_support/logger_silence.rb:20:in `silence'
activesupport (5.1.3) lib/active_support/logger.rb:61:in `block (2 levels) in broadcast'
sprockets-rails (3.2.0) lib/sprockets/rails/quiet_assets.rb:11:in `call'
actionpack (5.1.3) lib/action_dispatch/middleware/remote_ip.rb:79:in `call'
actionpack (5.1.3) lib/action_dispatch/middleware/request_id.rb:25:in `call'
rack (2.0.3) lib/rack/method_override.rb:22:in `call'
rack (2.0.3) lib/rack/runtime.rb:22:in `call'
activesupport (5.1.3) lib/active_support/cache/strategy/local_cache_middleware.rb:27:in `call'
actionpack (5.1.3) lib/action_dispatch/middleware/executor.rb:12:in `call'
actionpack (5.1.3) lib/action_dispatch/middleware/static.rb:125:in `call'
rack (2.0.3) lib/rack/sendfile.rb:111:in `call'
railties (5.1.3) lib/rails/engine.rb:522:in `call'
puma (3.10.0) lib/puma/configuration.rb:225:in `call'
puma (3.10.0) lib/puma/server.rb:605:in `handle_request'
puma (3.10.0) lib/puma/server.rb:437:in `process_client'
puma (3.10.0) lib/puma/server.rb:301:in `block in run'
puma (3.10.0) lib/puma/thread_pool.rb:120:in `block in spawn_thread'
  
ActiveRecord::PendingMigrationError (

Migrations are pending. To resolve this issue, run:

        bin/rails db:migrate RAILS_ENV=development

):
  
activerecord (5.1.3) lib/active_record/migration.rb:576:in `check_pending!'
activerecord (5.1.3) lib/active_record/migration.rb:553:in `call'
actionpack (5.1.3) lib/action_dispatch/middleware/callbacks.rb:26:in `block in call'
activesupport (5.1.3) lib/active_support/callbacks.rb:97:in `run_callbacks'
actionpack (5.1.3) lib/action_dispatch/middleware/callbacks.rb:24:in `call'
actionpack (5.1.3) lib/action_dispatch/middleware/executor.rb:12:in `call'
actionpack (5.1.3) lib/action_dispatch/middleware/debug_exceptions.rb:59:in `call'
web-console (3.5.1) lib/web_console/middleware.rb:135:in `call_app'
web-console (3.5.1) lib/web_console/middleware.rb:28:in `block in call'
web-console (3.5.1) lib/web_console/middleware.rb:18:in `catch'
web-console (3.5.1) lib/web_console/middleware.rb:18:in `call'
actionpack (5.1.3) lib/action_dispatch/middleware/show_exceptions.rb:31:in `call'
railties (5.1.3) lib/rails/rack/logger.rb:36:in `call_app'
railties (5.1.3) lib/rails/rack/logger.rb:24:in `block in call'
activesupport (5.1.3) lib/active_support/tagged_logging.rb:69:in `block in tagged'
activesupport (5.1.3) lib/active_support/tagged_logging.rb:26:in `tagged'
activesupport (5.1.3) lib/active_support/tagged_logging.rb:69:in `tagged'
railties (5.1.3) lib/rails/rack/logger.rb:24:in `call'
sprockets-rails (3.2.0) lib/sprockets/rails/quiet_assets.rb:11:in `block in call'
activesupport (5.1.3) lib/active_support/logger_silence.rb:20:in `silence'
activesupport (5.1.3) lib/active_support/logger.rb:63:in `block (3 levels) in broadcast'
activesupport (5.1.3) lib/active_support/logger_silence.rb:20:in `silence'
activesupport (5.1.3) lib/active_support/logger.rb:61:in `block (2 levels) in broadcast'
sprockets-rails (3.2.0) lib/sprockets/rails/quiet_assets.rb:11:in `call'
actionpack (5.1.3) lib/action_dispatch/middleware/remote_ip.rb:79:in `call'
actionpack (5.1.3) lib/action_dispatch/middleware/request_id.rb:25:in `call'
rack (2.0.3) lib/rack/method_override.rb:22:in `call'
rack (2.0.3) lib/rack/runtime.rb:22:in `call'
activesupport (5.1.3) lib/active_support/cache/strategy/local_cache_middleware.rb:27:in `call'
actionpack (5.1.3) lib/action_dispatch/middleware/executor.rb:12:in `call'
actionpack (5.1.3) lib/action_dispatch/middleware/static.rb:125:in `call'
rack (2.0.3) lib/rack/sendfile.rb:111:in `call'
railties (5.1.3) lib/rails/engine.rb:522:in `call'
puma (3.10.0) lib/puma/configuration.rb:225:in `call'
puma (3.10.0) lib/puma/server.rb:605:in `handle_request'
puma (3.10.0) lib/puma/server.rb:437:in `process_client'
puma (3.10.0) lib/puma/server.rb:301:in `block in run'
puma (3.10.0) lib/puma/thread_pool.rb:120:in `block in spawn_thread'
  
ActiveRecord::PendingMigrationError (

Migrations are pending. To resolve this issue, run:

        bin/rails db:migrate RAILS_ENV=development

):
  
activerecord (5.1.3) lib/active_record/migration.rb:576:in `check_pending!'
activerecord (5.1.3) lib/active_record/migration.rb:553:in `call'
actionpack (5.1.3) lib/action_dispatch/middleware/callbacks.rb:26:in `block in call'
activesupport (5.1.3) lib/active_support/callbacks.rb:97:in `run_callbacks'
actionpack (5.1.3) lib/action_dispatch/middleware/callbacks.rb:24:in `call'
actionpack (5.1.3) lib/action_dispatch/middleware/executor.rb:12:in `call'
actionpack (5.1.3) lib/action_dispatch/middleware/debug_exceptions.rb:59:in `call'
web-console (3.5.1) lib/web_console/middleware.rb:135:in `call_app'
web-console (3.5.1) lib/web_console/middleware.rb:28:in `block in call'
web-console (3.5.1) lib/web_console/middleware.rb:18:in `catch'
web-console (3.5.1) lib/web_console/middleware.rb:18:in `call'
actionpack (5.1.3) lib/action_dispatch/middleware/show_exceptions.rb:31:in `call'
railties (5.1.3) lib/rails/rack/logger.rb:36:in `call_app'
railties (5.1.3) lib/rails/rack/logger.rb:24:in `block in call'
activesupport (5.1.3) lib/active_support/tagged_logging.rb:69:in `block in tagged'
activesupport (5.1.3) lib/active_support/tagged_logging.rb:26:in `tagged'
activesupport (5.1.3) lib/active_support/tagged_logging.rb:69:in `tagged'
railties (5.1.3) lib/rails/rack/logger.rb:24:in `call'
sprockets-rails (3.2.0) lib/sprockets/rails/quiet_assets.rb:11:in `block in call'
activesupport (5.1.3) lib/active_support/logger_silence.rb:20:in `silence'
activesupport (5.1.3) lib/active_support/logger.rb:63:in `block (3 levels) in broadcast'
activesupport (5.1.3) lib/active_support/logger_silence.rb:20:in `silence'
activesupport (5.1.3) lib/active_support/logger.rb:61:in `block (2 levels) in broadcast'
sprockets-rails (3.2.0) lib/sprockets/rails/quiet_assets.rb:11:in `call'
actionpack (5.1.3) lib/action_dispatch/middleware/remote_ip.rb:79:in `call'
actionpack (5.1.3) lib/action_dispatch/middleware/request_id.rb:25:in `call'
rack (2.0.3) lib/rack/method_override.rb:22:in `call'
rack (2.0.3) lib/rack/runtime.rb:22:in `call'
activesupport (5.1.3) lib/active_support/cache/strategy/local_cache_middleware.rb:27:in `call'
actionpack (5.1.3) lib/action_dispatch/middleware/executor.rb:12:in `call'
actionpack (5.1.3) lib/action_dispatch/middleware/static.rb:125:in `call'
rack (2.0.3) lib/rack/sendfile.rb:111:in `call'
railties (5.1.3) lib/rails/engine.rb:522:in `call'
puma (3.10.0) lib/puma/configuration.rb:225:in `call'
puma (3.10.0) lib/puma/server.rb:605:in `handle_request'
puma (3.10.0) lib/puma/server.rb:437:in `process_client'
puma (3.10.0) lib/puma/server.rb:301:in `block in run'
puma (3.10.0) lib/puma/thread_pool.rb:120:in `block in spawn_thread'
  [1m[35m (0.2ms)[0m  [1m[34mSELECT "schema_migrations"."version" FROM "schema_migrations" ORDER BY "schema_migrations"."version" ASC[0m
Migrating to AddDirectorIdToMovies (20170823122442)
  [1m[35m (0.1ms)[0m  [1m[36mbegin transaction[0m
  [1m[35m (19.0ms)[0m  [1m[35mALTER TABLE "movies" ADD "artist_id" integer[0m
  [1m[35mSQL (7.7ms)[0m  [1m[32mINSERT INTO "schema_migrations" ("version") VALUES (?)[0m  [["version", "20170823122442"]]
  [1m[35m (2.3ms)[0m  [1m[36mcommit transaction[0m
  [1m[36mActiveRecord::InternalMetadata Load (8.7ms)[0m  [1m[34mSELECT  "ar_internal_metadata".* FROM "ar_internal_metadata" WHERE "ar_internal_metadata"."key" = ? LIMIT ?[0m  [["key", "environment"], ["LIMIT", 1]]
  [1m[35m (0.1ms)[0m  [1m[36mbegin transaction[0m
  [1m[35m (0.1ms)[0m  [1m[36mcommit transaction[0m
  [1m[35m (0.2ms)[0m  [1m[34mSELECT "schema_migrations"."version" FROM "schema_migrations" ORDER BY "schema_migrations"."version" ASC[0m
Started GET "/" for 127.0.0.1 at 2017-08-23 23:53:13 +1000
  [1m[35m (0.2ms)[0m  [1m[34mSELECT "schema_migrations"."version" FROM "schema_migrations" ORDER BY "schema_migrations"."version" ASC[0m
Processing by MoviesController#index as HTML
Completed 500 Internal Server Error in 13ms (ActiveRecord: 0.0ms)


  
NameError (uninitialized constant MoviesController::Movies):
  
app/controllers/movies_controller.rb:3:in `index'
Started PUT "/__web_console/repl_sessions/1053f00cd9bb8fd29a52c8893a63ea6b" for 127.0.0.1 at 2017-08-23 23:55:37 +1000
Started PUT "/__web_console/repl_sessions/1053f00cd9bb8fd29a52c8893a63ea6b" for 127.0.0.1 at 2017-08-23 23:55:38 +1000
Started GET "/rails/info/routes" for 127.0.0.1 at 2017-08-23 23:58:55 +1000
Processing by Rails::InfoController#routes as HTML
  Rendering /Users/amandasam/.rvm/gems/ruby-2.4.0/gems/railties-5.1.3/lib/rails/templates/rails/info/routes.html.erb within layouts/application
  Rendered collection of /Users/amandasam/.rvm/gems/ruby-2.4.0/gems/actionpack-5.1.3/lib/action_dispatch/middleware/templates/routes/_route.html.erb [17 times] (92.5ms)
  Rendered /Users/amandasam/.rvm/gems/ruby-2.4.0/gems/actionpack-5.1.3/lib/action_dispatch/middleware/templates/routes/_table.html.erb (104.2ms)
  Rendered /Users/amandasam/.rvm/gems/ruby-2.4.0/gems/railties-5.1.3/lib/rails/templates/rails/info/routes.html.erb within layouts/application (258.9ms)
Completed 200 OK in 332ms (Views: 280.0ms | ActiveRecord: 0.0ms)


Started GET "/" for 127.0.0.1 at 2017-08-23 23:59:46 +1000
Processing by MoviesController#index as HTML
Completed 500 Internal Server Error in 2ms


  
NameError (uninitialized constant MoviesController::Movies):
  
app/controllers/movies_controller.rb:3:in `index'
Started GET "/" for 127.0.0.1 at 2017-08-23 23:59:50 +1000
Processing by MoviesController#index as HTML
Completed 500 Internal Server Error in 2ms


  
NameError (uninitialized constant MoviesController::Movies):
  
app/controllers/movies_controller.rb:3:in `index'
Started GET "/" for 127.0.0.1 at 2017-08-23 23:59:52 +1000
Processing by MoviesController#index as HTML
Completed 500 Internal Server Error in 2ms


  
NameError (uninitialized constant MoviesController::Movies):
  
app/controllers/movies_controller.rb:3:in `index'
Started GET "/" for 127.0.0.1 at 2017-08-24 00:01:07 +1000
Processing by MoviesController#index as HTML
Completed 500 Internal Server Error in 3ms


  
NameError (uninitialized constant MoviesController::Movies):
  
app/controllers/movies_controller.rb:3:in `index'
Started GET "/" for 127.0.0.1 at 2017-08-24 00:01:08 +1000
Processing by MoviesController#index as HTML
Completed 500 Internal Server Error in 2ms


  
NameError (uninitialized constant MoviesController::Movies):
  
app/controllers/movies_controller.rb:3:in `index'
Started GET "/" for 127.0.0.1 at 2017-08-24 00:01:10 +1000
Processing by MoviesController#index as HTML
Completed 500 Internal Server Error in 2ms


  
NameError (uninitialized constant MoviesController::Movies):
  
app/controllers/movies_controller.rb:3:in `index'
Started GET "/" for 127.0.0.1 at 2017-08-24 00:02:31 +1000
Processing by MoviesController#index as HTML
  Rendering movies/index.html.erb within layouts/application
  [1m[36mMovie Load (0.5ms)[0m  [1m[34mSELECT "movies".* FROM "movies"[0m
  Rendered movies/index.html.erb within layouts/application (22.8ms)
Completed 200 OK in 2786ms (Views: 2305.4ms | ActiveRecord: 1.5ms)


Started GET "/directors" for 127.0.0.1 at 2017-08-24 00:02:39 +1000
Processing by DirectorsController#index as HTML
  Rendering directors/index.html.erb within layouts/application
  [1m[36mDirector Load (11.7ms)[0m  [1m[34mSELECT "directors".* FROM "directors"[0m
  Rendered directors/index.html.erb within layouts/application (15.9ms)
Completed 200 OK in 153ms (Views: 67.1ms | ActiveRecord: 12.4ms)


Started GET "/directors/new" for 127.0.0.1 at 2017-08-24 00:02:40 +1000
Processing by DirectorsController#new as HTML
  Rendering directors/new.html.erb within layouts/application
  Rendered directors/_form.html.erb (328.9ms)
  Rendered directors/new.html.erb within layouts/application (345.8ms)
Completed 200 OK in 399ms (Views: 377.7ms | ActiveRecord: 0.8ms)


Started GET "/" for 127.0.0.1 at 2017-08-24 00:04:12 +1000
Processing by MoviesController#index as HTML
  Rendering movies/index.html.erb within layouts/application
  [1m[36mMovie Load (0.2ms)[0m  [1m[34mSELECT "movies".* FROM "movies"[0m
  Rendered movies/index.html.erb within layouts/application (1.5ms)
Completed 200 OK in 105ms (Views: 100.0ms | ActiveRecord: 0.2ms)


Started GET "/" for 127.0.0.1 at 2017-08-24 00:04:12 +1000
Processing by MoviesController#index as HTML
  Rendering movies/index.html.erb within layouts/application
  [1m[36mMovie Load (0.2ms)[0m  [1m[34mSELECT "movies".* FROM "movies"[0m
  Rendered movies/index.html.erb within layouts/application (1.3ms)
Completed 200 OK in 30ms (Views: 27.8ms | ActiveRecord: 0.2ms)


Started GET "/" for 127.0.0.1 at 2017-08-24 00:04:15 +1000
Processing by MoviesController#index as HTML
  Rendering movies/index.html.erb within layouts/application
  [1m[36mMovie Load (0.5ms)[0m  [1m[34mSELECT "movies".* FROM "movies"[0m
  Rendered movies/index.html.erb within layouts/application (2.0ms)
Completed 200 OK in 30ms (Views: 27.0ms | ActiveRecord: 0.5ms)


Started GET "/" for 127.0.0.1 at 2017-08-24 00:04:17 +1000
Processing by MoviesController#index as HTML
  Rendering movies/index.html.erb within layouts/application
  [1m[36mMovie Load (0.3ms)[0m  [1m[34mSELECT "movies".* FROM "movies"[0m
  Rendered movies/index.html.erb within layouts/application (2.0ms)
Completed 200 OK in 35ms (Views: 30.2ms | ActiveRecord: 0.3ms)


Started GET "/directors" for 127.0.0.1 at 2017-08-24 00:04:18 +1000
Processing by DirectorsController#index as HTML
  Rendering directors/index.html.erb within layouts/application
  [1m[36mDirector Load (0.2ms)[0m  [1m[34mSELECT "directors".* FROM "directors"[0m
  Rendered directors/index.html.erb within layouts/application (1.5ms)
Completed 200 OK in 47ms (Views: 25.9ms | ActiveRecord: 0.2ms)


Started GET "/directors/new" for 127.0.0.1 at 2017-08-24 00:04:18 +1000
Processing by DirectorsController#new as HTML
  Rendering directors/new.html.erb within layouts/application
  Rendered directors/_form.html.erb (3.8ms)
  Rendered directors/new.html.erb within layouts/application (29.7ms)
Completed 200 OK in 59ms (Views: 55.6ms | ActiveRecord: 0.0ms)


Started GET "/movies" for 127.0.0.1 at 2017-08-24 00:04:21 +1000
Processing by MoviesController#index as HTML
  Rendering movies/index.html.erb within layouts/application
  [1m[36mMovie Load (0.4ms)[0m  [1m[34mSELECT "movies".* FROM "movies"[0m
  Rendered movies/index.html.erb within layouts/application (4.5ms)
Completed 200 OK in 34ms (Views: 29.6ms | ActiveRecord: 0.4ms)


Started GET "/movies/new" for 127.0.0.1 at 2017-08-24 00:04:22 +1000
Processing by MoviesController#new as HTML
Completed 500 Internal Server Error in 4ms (ActiveRecord: 0.0ms)


  
NameError (uninitialized constant MoviesController::Movies):
  
app/controllers/movies_controller.rb:7:in `new'
Started GET "/movies" for 127.0.0.1 at 2017-08-24 00:04:29 +1000
Processing by MoviesController#index as HTML
  Rendering movies/index.html.erb within layouts/application
  [1m[36mMovie Load (0.2ms)[0m  [1m[34mSELECT "movies".* FROM "movies"[0m
  Rendered movies/index.html.erb within layouts/application (1.6ms)
Completed 200 OK in 34ms (Views: 30.9ms | ActiveRecord: 0.2ms)


Started GET "/movies/new" for 127.0.0.1 at 2017-08-24 00:04:57 +1000
Processing by MoviesController#new as HTML
Completed 500 Internal Server Error in 3ms (ActiveRecord: 0.0ms)


  
NameError (uninitialized constant MoviesController::Movies):
  
app/controllers/movies_controller.rb:7:in `new'
Started GET "/movies" for 127.0.0.1 at 2017-08-24 00:05:02 +1000
Processing by MoviesController#index as HTML
  Rendering movies/index.html.erb within layouts/application
  [1m[36mMovie Load (0.2ms)[0m  [1m[34mSELECT "movies".* FROM "movies"[0m
  Rendered movies/index.html.erb within layouts/application (1.7ms)
Completed 200 OK in 27ms (Views: 24.3ms | ActiveRecord: 0.2ms)


Started GET "/movies" for 127.0.0.1 at 2017-08-24 00:06:40 +1000
Processing by MoviesController#index as HTML
  Rendering movies/index.html.erb within layouts/application
  [1m[36mMovie Load (11.5ms)[0m  [1m[34mSELECT "movies".* FROM "movies"[0m
  Rendered movies/index.html.erb within layouts/application (15.8ms)
Completed 200 OK in 48ms (Views: 39.2ms | ActiveRecord: 12.6ms)


Started GET "/" for 127.0.0.1 at 2017-08-24 00:06:41 +1000
Processing by MoviesController#index as HTML
  Rendering movies/index.html.erb within layouts/application
  [1m[36mMovie Load (0.4ms)[0m  [1m[34mSELECT "movies".* FROM "movies"[0m
  Rendered movies/index.html.erb within layouts/application (2.2ms)
Completed 200 OK in 55ms (Views: 50.6ms | ActiveRecord: 0.4ms)


Started GET "/directors" for 127.0.0.1 at 2017-08-24 00:06:42 +1000
Processing by DirectorsController#index as HTML
  Rendering directors/index.html.erb within layouts/application
  [1m[36mDirector Load (0.7ms)[0m  [1m[34mSELECT "directors".* FROM "directors"[0m
  Rendered directors/index.html.erb within layouts/application (3.4ms)
Completed 200 OK in 36ms (Views: 26.5ms | ActiveRecord: 1.1ms)


Started GET "/directors/new" for 127.0.0.1 at 2017-08-24 00:06:43 +1000
Processing by DirectorsController#new as HTML
  Rendering directors/new.html.erb within layouts/application
  Rendered directors/_form.html.erb (3.5ms)
  Rendered directors/new.html.erb within layouts/application (5.9ms)
Completed 200 OK in 45ms (Views: 27.2ms | ActiveRecord: 0.8ms)


Started GET "/movies" for 127.0.0.1 at 2017-08-24 00:06:44 +1000
Processing by MoviesController#index as HTML
  Rendering movies/index.html.erb within layouts/application
  [1m[36mMovie Load (0.9ms)[0m  [1m[34mSELECT "movies".* FROM "movies"[0m
  Rendered movies/index.html.erb within layouts/application (4.4ms)
Completed 200 OK in 49ms (Views: 43.0ms | ActiveRecord: 0.9ms)


Started GET "/movies/new" for 127.0.0.1 at 2017-08-24 00:06:44 +1000
Processing by MoviesController#new as HTML
  Rendering movies/new.html.erb within layouts/application
  [1m[35m (0.3ms)[0m  [1m[34mSELECT "directors"."name", "directors"."id" FROM "directors"[0m
  Rendered movies/_form.html.erb (38.3ms)
  Rendered movies/new.html.erb within layouts/application (57.2ms)
Completed 500 Internal Server Error in 80ms (ActiveRecord: 0.8ms)


  
ActionView::Template::Error (undefined method `director_id' for #<Movie:0x007fd7e9933668>
Did you mean?  director
               director=):
    23: 
    24:   <fieldset>
    25:     <%= f.label :director_id %>
    26:     <%= f.select :director_id, Director.pluck(:name, :id), :include_blank => true %>
    27:   </fieldset>
    28: 
    29:   <fieldset>
  
app/views/movies/_form.html.erb:26:in `block in _app_views_movies__form_html_erb__963860370494625005_70282647459000'
app/views/movies/_form.html.erb:3:in `_app_views_movies__form_html_erb__963860370494625005_70282647459000'
app/views/movies/new.html.erb:3:in `_app_views_movies_new_html_erb___1934796993514886609_70282656562560'
Started GET "/movies" for 127.0.0.1 at 2017-08-24 00:09:09 +1000
Processing by MoviesController#index as HTML
  Rendering movies/index.html.erb within layouts/application
  [1m[36mMovie Load (0.3ms)[0m  [1m[34mSELECT "movies".* FROM "movies"[0m
  Rendered movies/index.html.erb within layouts/application (1.8ms)
Completed 200 OK in 27ms (Views: 24.1ms | ActiveRecord: 0.3ms)


Started GET "/movies/new" for 127.0.0.1 at 2017-08-24 00:09:12 +1000
Processing by MoviesController#new as HTML
  Rendering movies/new.html.erb within layouts/application
  [1m[35m (0.3ms)[0m  [1m[34mSELECT "directors"."name", "directors"."id" FROM "directors"[0m
  Rendered movies/_form.html.erb (17.6ms)
  Rendered movies/new.html.erb within layouts/application (21.3ms)
Completed 500 Internal Server Error in 33ms (ActiveRecord: 0.3ms)


  
ActionView::Template::Error (undefined method `director_id' for #<Movie:0x007fd7e99281a0>
Did you mean?  director
               director=):
    23: 
    24:   <fieldset>
    25:     <%= f.label :director_id %>
    26:     <%= f.select :director_id, Director.pluck(:name, :id), :include_blank => true %>
    27:   </fieldset>
    28: 
    29:   <fieldset>
  
app/views/movies/_form.html.erb:26:in `block in _app_views_movies__form_html_erb__963860370494625005_70282647538740'
app/views/movies/_form.html.erb:3:in `_app_views_movies__form_html_erb__963860370494625005_70282647538740'
app/views/movies/new.html.erb:3:in `_app_views_movies_new_html_erb___1934796993514886609_70282656683280'
Started GET "/movies/new" for 127.0.0.1 at 2017-08-24 00:10:57 +1000
Processing by MoviesController#new as HTML
  Rendering movies/new.html.erb within layouts/application
  [1m[35m (0.2ms)[0m  [1m[34mSELECT "directors"."name", "directors"."id" FROM "directors"[0m
  Rendered movies/_form.html.erb (14.9ms)
  Rendered movies/new.html.erb within layouts/application (17.9ms)
Completed 500 Internal Server Error in 26ms (ActiveRecord: 0.2ms)


  
ActionView::Template::Error (undefined method `director_id' for #<Movie:0x007fd7e535d198>
Did you mean?  director
               director=):
    23: 
    24:   <!-- <fieldset>
    25:     <%= f.label :director_id %>
    26:     <%= f.select :director_id, Director.pluck(:name, :id), :include_blank => true %>
    27:   </fieldset> -->
    28: 
    29:   <fieldset>
  
app/views/movies/_form.html.erb:26:in `block in _app_views_movies__form_html_erb__963860370494625005_70282620057920'
app/views/movies/_form.html.erb:3:in `_app_views_movies__form_html_erb__963860370494625005_70282620057920'
app/views/movies/new.html.erb:3:in `_app_views_movies_new_html_erb___1934796993514886609_70282620091740'
Started GET "/movies/new" for 127.0.0.1 at 2017-08-24 00:10:59 +1000
Processing by MoviesController#new as HTML
  Rendering movies/new.html.erb within layouts/application
  [1m[35m (0.2ms)[0m  [1m[34mSELECT "directors"."name", "directors"."id" FROM "directors"[0m
  Rendered movies/_form.html.erb (15.8ms)
  Rendered movies/new.html.erb within layouts/application (19.0ms)
Completed 500 Internal Server Error in 27ms (ActiveRecord: 0.2ms)


  
ActionView::Template::Error (undefined method `director_id' for #<Movie:0x007fd7e5c51588>
Did you mean?  director
               director=):
    23: 
    24:   <!-- <fieldset>
    25:     <%= f.label :director_id %>
    26:     <%= f.select :director_id, Director.pluck(:name, :id), :include_blank => true %>
    27:   </fieldset> -->
    28: 
    29:   <fieldset>
  
app/views/movies/_form.html.erb:26:in `block in _app_views_movies__form_html_erb__963860370494625005_70282658470100'
app/views/movies/_form.html.erb:3:in `_app_views_movies__form_html_erb__963860370494625005_70282658470100'
app/views/movies/new.html.erb:3:in `_app_views_movies_new_html_erb___1934796993514886609_70282624785860'
Started GET "/" for 127.0.0.1 at 2017-08-24 00:11:05 +1000
Processing by MoviesController#index as HTML
  Rendering movies/index.html.erb within layouts/application
  [1m[36mMovie Load (0.3ms)[0m  [1m[34mSELECT "movies".* FROM "movies"[0m
  Rendered movies/index.html.erb within layouts/application (1.9ms)
Completed 200 OK in 27ms (Views: 23.7ms | ActiveRecord: 0.3ms)


Started GET "/directors" for 127.0.0.1 at 2017-08-24 00:11:07 +1000
Processing by DirectorsController#index as HTML
  Rendering directors/index.html.erb within layouts/application
  [1m[36mDirector Load (0.6ms)[0m  [1m[34mSELECT "directors".* FROM "directors"[0m
  Rendered directors/index.html.erb within layouts/application (3.0ms)
Completed 200 OK in 36ms (Views: 31.1ms | ActiveRecord: 0.6ms)


Started GET "/" for 127.0.0.1 at 2017-08-24 00:11:08 +1000
Processing by MoviesController#index as HTML
  Rendering movies/index.html.erb within layouts/application
  [1m[36mMovie Load (0.4ms)[0m  [1m[34mSELECT "movies".* FROM "movies"[0m
  Rendered movies/index.html.erb within layouts/application (2.2ms)
Completed 200 OK in 49ms (Views: 44.4ms | ActiveRecord: 0.4ms)


Started GET "/directors" for 127.0.0.1 at 2017-08-24 00:11:08 +1000
Processing by DirectorsController#index as HTML
  Rendering directors/index.html.erb within layouts/application
  [1m[36mDirector Load (0.4ms)[0m  [1m[34mSELECT "directors".* FROM "directors"[0m
  Rendered directors/index.html.erb within layouts/application (2.0ms)
Completed 200 OK in 40ms (Views: 35.8ms | ActiveRecord: 0.4ms)


Started GET "/directors/new" for 127.0.0.1 at 2017-08-24 00:11:09 +1000
Processing by DirectorsController#new as HTML
  Rendering directors/new.html.erb within layouts/application
  Rendered directors/_form.html.erb (5.1ms)
  Rendered directors/new.html.erb within layouts/application (8.2ms)
Completed 200 OK in 38ms (Views: 34.1ms | ActiveRecord: 0.0ms)


Started GET "/movies" for 127.0.0.1 at 2017-08-24 00:11:10 +1000
Processing by MoviesController#index as HTML
  Rendering movies/index.html.erb within layouts/application
  [1m[36mMovie Load (0.3ms)[0m  [1m[34mSELECT "movies".* FROM "movies"[0m
  Rendered movies/index.html.erb within layouts/application (2.5ms)
Completed 200 OK in 33ms (Views: 28.3ms | ActiveRecord: 0.3ms)


Started GET "/movies/new" for 127.0.0.1 at 2017-08-24 00:11:13 +1000
Processing by MoviesController#new as HTML
  Rendering movies/new.html.erb within layouts/application
  [1m[35m (0.3ms)[0m  [1m[34mSELECT "directors"."name", "directors"."id" FROM "directors"[0m
  Rendered movies/_form.html.erb (17.1ms)
  Rendered movies/new.html.erb within layouts/application (20.6ms)
Completed 500 Internal Server Error in 33ms (ActiveRecord: 0.3ms)


  
ActionView::Template::Error (undefined method `director_id' for #<Movie:0x007fd7e52de730>
Did you mean?  director
               director=):
    23: 
    24:   <!-- <fieldset>
    25:     <%= f.label :director_id %>
    26:     <%= f.select :director_id, Director.pluck(:name, :id), :include_blank => true %>
    27:   </fieldset> -->
    28: 
    29:   <fieldset>
  
app/views/movies/_form.html.erb:26:in `block in _app_views_movies__form_html_erb__963860370494625005_70282647405660'
app/views/movies/_form.html.erb:3:in `_app_views_movies__form_html_erb__963860370494625005_70282647405660'
app/views/movies/new.html.erb:3:in `_app_views_movies_new_html_erb___1934796993514886609_70282619840680'
Started GET "/movies" for 127.0.0.1 at 2017-08-24 00:13:37 +1000
Processing by MoviesController#index as HTML
  Rendering movies/index.html.erb within layouts/application
  [1m[36mMovie Load (0.2ms)[0m  [1m[34mSELECT "movies".* FROM "movies"[0m
  Rendered movies/index.html.erb within layouts/application (1.4ms)
Completed 200 OK in 28ms (Views: 24.5ms | ActiveRecord: 0.2ms)


Started GET "/directors/new" for 127.0.0.1 at 2017-08-24 00:14:52 +1000
Processing by DirectorsController#new as HTML
  Rendering directors/new.html.erb within layouts/application
  Rendered directors/_form.html.erb (3.8ms)
  Rendered directors/new.html.erb within layouts/application (6.7ms)
Completed 200 OK in 36ms (Views: 32.0ms | ActiveRecord: 0.0ms)


Started GET "/directors" for 127.0.0.1 at 2017-08-24 00:14:53 +1000
Processing by DirectorsController#index as HTML
  Rendering directors/index.html.erb within layouts/application
  [1m[36mDirector Load (0.4ms)[0m  [1m[34mSELECT "directors".* FROM "directors"[0m
  Rendered directors/index.html.erb within layouts/application (2.6ms)
Completed 200 OK in 34ms (Views: 30.4ms | ActiveRecord: 0.4ms)


Started GET "/" for 127.0.0.1 at 2017-08-24 00:14:53 +1000
Processing by MoviesController#index as HTML
  Rendering movies/index.html.erb within layouts/application
  [1m[36mMovie Load (0.6ms)[0m  [1m[34mSELECT "movies".* FROM "movies"[0m
  Rendered movies/index.html.erb within layouts/application (2.3ms)
Completed 200 OK in 32ms (Views: 27.7ms | ActiveRecord: 0.6ms)


Started GET "/directors" for 127.0.0.1 at 2017-08-24 00:18:16 +1000
Processing by DirectorsController#index as HTML
  Rendering directors/index.html.erb within layouts/application
  [1m[36mDirector Load (0.6ms)[0m  [1m[34mSELECT "directors".* FROM "directors"[0m
  Rendered directors/index.html.erb within layouts/application (7.9ms)
Completed 200 OK in 230ms (Views: 207.3ms | ActiveRecord: 0.6ms)


Started GET "/movies" for 127.0.0.1 at 2017-08-24 00:18:16 +1000
Processing by MoviesController#index as HTML
  Rendering movies/index.html.erb within layouts/application
  [1m[36mMovie Load (0.6ms)[0m  [1m[34mSELECT "movies".* FROM "movies"[0m
  Rendered movies/index.html.erb within layouts/application (3.5ms)
Completed 200 OK in 69ms (Views: 64.5ms | ActiveRecord: 0.6ms)


Started GET "/movies/new" for 127.0.0.1 at 2017-08-24 00:18:18 +1000
Processing by MoviesController#new as HTML
  Rendering movies/new.html.erb within layouts/application
  [1m[35m (0.3ms)[0m  [1m[34mSELECT "directors"."name", "directors"."id" FROM "directors"[0m
  Rendered movies/_form.html.erb (18.5ms)
  Rendered movies/new.html.erb within layouts/application (42.1ms)
Completed 500 Internal Server Error in 52ms (ActiveRecord: 0.3ms)


  
ActionView::Template::Error (undefined method `director_id' for #<Movie:0x007fd7e9c40798>
Did you mean?  director
               director=):
    23: 
    24:   <fieldset>
    25:     <%= f.label :director_id %>
    26:     <%= f.select :director_id, Director.pluck(:name, :id), :include_blank => true %>
    27:   </fieldset>
    28: 
    29:   <fieldset>
  
app/views/movies/_form.html.erb:26:in `block in _app_views_movies__form_html_erb__963860370494625005_70282658267600'
app/views/movies/_form.html.erb:3:in `_app_views_movies__form_html_erb__963860370494625005_70282658267600'
app/views/movies/new.html.erb:3:in `_app_views_movies_new_html_erb___1934796993514886609_70282658306260'
Started GET "/movies" for 127.0.0.1 at 2017-08-24 00:18:27 +1000
Processing by MoviesController#index as HTML
  Rendering movies/index.html.erb within layouts/application
  [1m[36mMovie Load (0.3ms)[0m  [1m[34mSELECT "movies".* FROM "movies"[0m
  Rendered movies/index.html.erb within layouts/application (2.0ms)
Completed 200 OK in 31ms (Views: 28.8ms | ActiveRecord: 0.3ms)


Started GET "/" for 127.0.0.1 at 2017-08-24 00:18:28 +1000
Processing by MoviesController#index as HTML
  Rendering movies/index.html.erb within layouts/application
  [1m[36mMovie Load (0.3ms)[0m  [1m[34mSELECT "movies".* FROM "movies"[0m
  Rendered movies/index.html.erb within layouts/application (2.4ms)
Completed 200 OK in 33ms (Views: 28.1ms | ActiveRecord: 0.3ms)


Started GET "/" for 127.0.0.1 at 2017-08-24 00:19:19 +1000
Processing by MoviesController#index as HTML
  Rendering movies/index.html.erb within layouts/application
  [1m[36mMovie Load (0.3ms)[0m  [1m[34mSELECT "movies".* FROM "movies"[0m
  Rendered movies/index.html.erb within layouts/application (1.5ms)
Completed 200 OK in 144ms (Views: 141.2ms | ActiveRecord: 0.3ms)


Started GET "/" for 127.0.0.1 at 2017-08-24 00:19:28 +1000
Processing by MoviesController#index as HTML
  Rendering movies/index.html.erb within layouts/application
  [1m[36mMovie Load (0.3ms)[0m  [1m[34mSELECT "movies".* FROM "movies"[0m
  Rendered movies/index.html.erb within layouts/application (1.6ms)
Completed 200 OK in 30ms (Views: 27.0ms | ActiveRecord: 0.3ms)


Started GET "/directors" for 127.0.0.1 at 2017-08-24 00:19:31 +1000
Processing by DirectorsController#index as HTML
  Rendering directors/index.html.erb within layouts/application
  [1m[36mDirector Load (0.3ms)[0m  [1m[34mSELECT "directors".* FROM "directors"[0m
  Rendered directors/index.html.erb within layouts/application (2.3ms)
Completed 200 OK in 32ms (Views: 28.2ms | ActiveRecord: 0.3ms)


Started GET "/directors/new" for 127.0.0.1 at 2017-08-24 00:19:32 +1000
Processing by DirectorsController#new as HTML
  Rendering directors/new.html.erb within layouts/application
  Rendered directors/_form.html.erb (6.8ms)
  Rendered directors/new.html.erb within layouts/application (28.0ms)
Completed 200 OK in 60ms (Views: 55.1ms | ActiveRecord: 0.0ms)


Started GET "/movies" for 127.0.0.1 at 2017-08-24 00:19:37 +1000
Processing by MoviesController#index as HTML
  Rendering movies/index.html.erb within layouts/application
  [1m[36mMovie Load (0.4ms)[0m  [1m[34mSELECT "movies".* FROM "movies"[0m
  Rendered movies/index.html.erb within layouts/application (2.4ms)
Completed 200 OK in 36ms (Views: 32.3ms | ActiveRecord: 0.4ms)


Started GET "/" for 127.0.0.1 at 2017-08-24 00:19:38 +1000
Processing by MoviesController#index as HTML
  Rendering movies/index.html.erb within layouts/application
  [1m[36mMovie Load (0.3ms)[0m  [1m[34mSELECT "movies".* FROM "movies"[0m
  Rendered movies/index.html.erb within layouts/application (2.4ms)
Completed 200 OK in 51ms (Views: 46.2ms | ActiveRecord: 0.3ms)


Started GET "/directors" for 127.0.0.1 at 2017-08-24 00:20:04 +1000
Processing by DirectorsController#index as HTML
  Rendering directors/index.html.erb within layouts/application
  [1m[36mDirector Load (0.3ms)[0m  [1m[34mSELECT "directors".* FROM "directors"[0m
  Rendered directors/index.html.erb within layouts/application (1.7ms)
Completed 200 OK in 36ms (Views: 31.3ms | ActiveRecord: 0.3ms)


Started GET "/directors/new" for 127.0.0.1 at 2017-08-24 00:20:05 +1000
Processing by DirectorsController#new as HTML
  Rendering directors/new.html.erb within layouts/application
  Rendered directors/_form.html.erb (4.1ms)
  Rendered directors/new.html.erb within layouts/application (6.9ms)
Completed 200 OK in 43ms (Views: 38.7ms | ActiveRecord: 0.0ms)


Started POST "/directors" for 127.0.0.1 at 2017-08-24 00:22:04 +1000
Processing by DirectorsController#create as HTML
  Parameters: {"utf8"=>"✓", "authenticity_token"=>"6ClHWMCbifSWEn3aWThS1tKt2WtTcYpKYPjXFRzPbmI3LIN/nITQQc6YOJnfNIZwOC9a1gxlL2kyG2KXz394KA==", "director"=>{"name"=>"Christopher Nolan", "nationality"=>"British-American", "dob"=>"1970 /07/30", "award"=>"Academy Award", "image"=>"https://vignette4.wikia.nocookie.net/marvel_dc/images/0/05/Christopher_Nolan.jpg/revision/latest?cb=20081213214405"}, "commit"=>"Create Director"}
  [1m[35m (0.2ms)[0m  [1m[36mbegin transaction[0m
  [1m[35mSQL (117.2ms)[0m  [1m[32mINSERT INTO "directors" ("name", "nationality", "award", "image", "created_at", "updated_at") VALUES (?, ?, ?, ?, ?, ?)[0m  [["name", "Christopher Nolan"], ["nationality", "British-American"], ["award", "Academy Award"], ["image", "https://vignette4.wikia.nocookie.net/marvel_dc/images/0/05/Christopher_Nolan.jpg/revision/latest?cb=20081213214405"], ["created_at", "2017-08-23 14:22:04.645999"], ["updated_at", "2017-08-23 14:22:04.645999"]]
  [1m[35m (42.9ms)[0m  [1m[36mcommit transaction[0m
Redirected to http://localhost:3000/directors/1
Completed 302 Found in 170ms (ActiveRecord: 160.3ms)


Started GET "/directors/1" for 127.0.0.1 at 2017-08-24 00:22:04 +1000
Processing by DirectorsController#show as HTML
  Parameters: {"id"=>"1"}
  [1m[36mDirector Load (0.4ms)[0m  [1m[34mSELECT  "directors".* FROM "directors" WHERE "directors"."id" = ? LIMIT ?[0m  [["id", 1], ["LIMIT", 1]]
  Rendering directors/show.html.erb within layouts/application
  [1m[36mMovie Load (0.7ms)[0m  [1m[34mSELECT "movies".* FROM "movies" WHERE "movies"."director_id" = ?[0m  [["director_id", 1]]
  Rendered directors/show.html.erb within layouts/application (66.7ms)
Completed 500 Internal Server Error in 515ms (ActiveRecord: 1.1ms)


  
ActionView::Template::Error (SQLite3::SQLException: no such column: movies.director_id: SELECT "movies".* FROM "movies" WHERE "movies"."director_id" = ?):
     8:   <li>Award: <%= @director.award %></li>
     9: </ul>
    10: 
    11: <% @director.movies.each do |movie| %>
    12:   <%= link_to image_tag(movie.image, :class => 'thumb'), movie %>
    13: <% end %>
    14: 
  
app/views/directors/show.html.erb:11:in `_app_views_directors_show_html_erb___1039236661195136235_70282660316740'
Started GET "/directors/1" for 127.0.0.1 at 2017-08-24 09:31:01 +1000
  [1m[35m (15.3ms)[0m  [1m[34mSELECT "schema_migrations"."version" FROM "schema_migrations" ORDER BY "schema_migrations"."version" ASC[0m
Processing by DirectorsController#show as HTML
  Parameters: {"id"=>"1"}
  [1m[36mDirector Load (10.0ms)[0m  [1m[34mSELECT  "directors".* FROM "directors" WHERE "directors"."id" = ? LIMIT ?[0m  [["id", 1], ["LIMIT", 1]]
  Rendering directors/show.html.erb within layouts/application
  [1m[36mMovie Load (0.5ms)[0m  [1m[34mSELECT "movies".* FROM "movies" WHERE "movies"."director_id" = ?[0m  [["director_id", 1]]
  Rendered directors/show.html.erb within layouts/application (61.1ms)
Completed 500 Internal Server Error in 270ms (ActiveRecord: 12.0ms)


  
ActionView::Template::Error (SQLite3::SQLException: no such column: movies.director_id: SELECT "movies".* FROM "movies" WHERE "movies"."director_id" = ?):
     8:   <li>Award: <%= @director.award %></li>
     9: </ul>
    10: 
    11: <% @director.movies.each do |movie| %>
    12:   <%= link_to image_tag(movie.image, :class => 'thumb'), movie %>
    13: <% end %>
    14: 
  
app/views/directors/show.html.erb:11:in `_app_views_directors_show_html_erb__1746600893306876885_70216971968760'
Started POST "/directors" for 127.0.0.1 at 2017-08-24 09:31:58 +1000
Processing by DirectorsController#create as HTML
  Parameters: {"utf8"=>"✓", "authenticity_token"=>"iKdlGXuf/WAdItAgZF9LsNBlrXSGJSt2+kFAhqSaHP6ywrPcfnKyNOhg1JvxG0brDc43OWdGNzY22GuEGPWmFw==", "director"=>{"name"=>"Christopher Nolan", "nationality"=>"British-American", "dob"=>"1970 /07/30", "award"=>"Academy Award", "image"=>"https://vignette4.wikia.nocookie.net/marvel_dc/images/0/05/Christopher_Nolan.jpg/revision/latest?cb=20081213214405"}, "commit"=>"Create Director"}
  [1m[35m (0.1ms)[0m  [1m[36mbegin transaction[0m
  [1m[35mSQL (39.1ms)[0m  [1m[32mINSERT INTO "directors" ("name", "nationality", "award", "image", "created_at", "updated_at") VALUES (?, ?, ?, ?, ?, ?)[0m  [["name", "Christopher Nolan"], ["nationality", "British-American"], ["award", "Academy Award"], ["image", "https://vignette4.wikia.nocookie.net/marvel_dc/images/0/05/Christopher_Nolan.jpg/revision/latest?cb=20081213214405"], ["created_at", "2017-08-23 23:31:58.902338"], ["updated_at", "2017-08-23 23:31:58.902338"]]
  [1m[35m (1.7ms)[0m  [1m[36mcommit transaction[0m
Redirected to http://localhost:3000/directors/2
Completed 302 Found in 50ms (ActiveRecord: 41.3ms)


Started GET "/directors/2" for 127.0.0.1 at 2017-08-24 09:31:58 +1000
Processing by DirectorsController#show as HTML
  Parameters: {"id"=>"2"}
  [1m[36mDirector Load (0.5ms)[0m  [1m[34mSELECT  "directors".* FROM "directors" WHERE "directors"."id" = ? LIMIT ?[0m  [["id", 2], ["LIMIT", 1]]
  Rendering directors/show.html.erb within layouts/application
  [1m[36mMovie Load (0.6ms)[0m  [1m[34mSELECT "movies".* FROM "movies" WHERE "movies"."director_id" = ?[0m  [["director_id", 2]]
  Rendered directors/show.html.erb within layouts/application (4.6ms)
Completed 500 Internal Server Error in 73ms (ActiveRecord: 1.1ms)


  
ActionView::Template::Error (SQLite3::SQLException: no such column: movies.director_id: SELECT "movies".* FROM "movies" WHERE "movies"."director_id" = ?):
     8:   <li>Award: <%= @director.award %></li>
     9: </ul>
    10: 
    11: <% @director.movies.each do |movie| %>
    12:   <%= link_to image_tag(movie.image, :class => 'thumb'), movie %>
    13: <% end %>
    14: 
  
app/views/directors/show.html.erb:11:in `_app_views_directors_show_html_erb__1746600893306876885_70217002822480'
  [1m[35m (9.5ms)[0m  [1m[34mSELECT "schema_migrations"."version" FROM "schema_migrations" ORDER BY "schema_migrations"."version" ASC[0m
  [1m[35m (0.2ms)[0m  [1m[34mSELECT "schema_migrations"."version" FROM "schema_migrations" ORDER BY "schema_migrations"."version" ASC[0m
Migrating to AddDirectorIdToMovies (20170823122442)
  [1m[35m (0.1ms)[0m  [1m[36mbegin transaction[0m
  [1m[35m (0.1ms)[0m  [1m[34mSELECT sqlite_version(*)[0m
  [1m[35m (19.1ms)[0m  [1m[35mCREATE TEMPORARY TABLE "amovies" ("id" INTEGER PRIMARY KEY AUTOINCREMENT NOT NULL, "title" text DEFAULT NULL, "year" text DEFAULT NULL, "genre" text DEFAULT NULL, "image" text DEFAULT NULL, "created_at" datetime NOT NULL, "updated_at" datetime NOT NULL, "artist_id" integer DEFAULT NULL)[0m
  [1m[35m (0.8ms)[0m  [1m[32mINSERT INTO "amovies" ("id","title","year","genre","image","created_at","updated_at","artist_id")
                     SELECT "id","title","year","genre","image","created_at","updated_at","artist_id" FROM "movies"[0m
  [1m[35m (20.3ms)[0m  [1m[35mDROP TABLE "movies"[0m
  [1m[35m (0.3ms)[0m  [1m[35mCREATE TABLE "movies" ("id" INTEGER PRIMARY KEY AUTOINCREMENT NOT NULL, "title" text DEFAULT NULL, "year" text DEFAULT NULL, "genre" text DEFAULT NULL, "image" text DEFAULT NULL, "created_at" datetime NOT NULL, "updated_at" datetime NOT NULL)[0m
  [1m[35m (0.2ms)[0m  [1m[32mINSERT INTO "movies" ("id","title","year","genre","image","created_at","updated_at")
                     SELECT "id","title","year","genre","image","created_at","updated_at" FROM "amovies"[0m
  [1m[35m (0.2ms)[0m  [1m[35mDROP TABLE "amovies"[0m
  [1m[35mSQL (0.5ms)[0m  [1m[31mDELETE FROM "schema_migrations" WHERE "schema_migrations"."version" = ?[0m  [["version", "20170823122442"]]
  [1m[35m (2.4ms)[0m  [1m[36mcommit transaction[0m
  [1m[35m (0.1ms)[0m  [1m[34mSELECT "schema_migrations"."version" FROM "schema_migrations" ORDER BY "schema_migrations"."version" ASC[0m
  [1m[35m (0.3ms)[0m  [1m[34mSELECT "schema_migrations"."version" FROM "schema_migrations" ORDER BY "schema_migrations"."version" ASC[0m
Migrating to AddDirectorIdToMovies (20170823122442)
  [1m[35m (0.1ms)[0m  [1m[36mbegin transaction[0m
  [1m[35m (35.2ms)[0m  [1m[35mALTER TABLE "movies" ADD "director_id" integer[0m
  [1m[35mSQL (0.7ms)[0m  [1m[32mINSERT INTO "schema_migrations" ("version") VALUES (?)[0m  [["version", "20170823122442"]]
  [1m[35m (2.0ms)[0m  [1m[36mcommit transaction[0m
  [1m[36mActiveRecord::InternalMetadata Load (1.0ms)[0m  [1m[34mSELECT  "ar_internal_metadata".* FROM "ar_internal_metadata" WHERE "ar_internal_metadata"."key" = ? LIMIT ?[0m  [["key", "environment"], ["LIMIT", 1]]
  [1m[35m (0.1ms)[0m  [1m[36mbegin transaction[0m
  [1m[35m (0.0ms)[0m  [1m[36mcommit transaction[0m
  [1m[35m (0.2ms)[0m  [1m[34mSELECT "schema_migrations"."version" FROM "schema_migrations" ORDER BY "schema_migrations"."version" ASC[0m
Started GET "/" for 127.0.0.1 at 2017-08-24 09:45:20 +1000
  [1m[35m (15.4ms)[0m  [1m[34mSELECT "schema_migrations"."version" FROM "schema_migrations" ORDER BY "schema_migrations"."version" ASC[0m
Processing by MoviesController#index as HTML
  Rendering movies/index.html.erb within layouts/application
  [1m[36mMovie Load (12.6ms)[0m  [1m[34mSELECT "movies".* FROM "movies"[0m
  Rendered movies/index.html.erb within layouts/application (18.1ms)
Completed 200 OK in 757ms (Views: 692.0ms | ActiveRecord: 13.3ms)


Started GET "/movies" for 127.0.0.1 at 2017-08-24 09:45:31 +1000
Processing by MoviesController#index as HTML
  Rendering movies/index.html.erb within layouts/application
  [1m[36mMovie Load (2.5ms)[0m  [1m[34mSELECT "movies".* FROM "movies"[0m
  Rendered movies/index.html.erb within layouts/application (6.1ms)
Completed 200 OK in 36ms (Views: 29.1ms | ActiveRecord: 2.9ms)


Started GET "/directors/new" for 127.0.0.1 at 2017-08-24 09:45:32 +1000
Processing by DirectorsController#new as HTML
  Rendering directors/new.html.erb within layouts/application
  Rendered directors/_form.html.erb (182.6ms)
  Rendered directors/new.html.erb within layouts/application (222.7ms)
Completed 200 OK in 354ms (Views: 251.9ms | ActiveRecord: 0.9ms)


Started POST "/directors" for 127.0.0.1 at 2017-08-24 09:46:54 +1000
Processing by DirectorsController#create as HTML
  Parameters: {"utf8"=>"✓", "authenticity_token"=>"65vXWAMkdOBZPTI6zRv05cAWu5En8QrPcdVp+4YzeUU0nhN/XzstVQG3d3lLFyBDKpQ4LHjlr+wjNtx5VYNvDw==", "director"=>{"name"=>"christopher nolan", "nationality"=>"British-American", "dob"=>"1970 /07/30", "award"=>"Academy Award", "image"=>"https://vignette4.wikia.nocookie.net/marvel_dc/images/0/05/Christopher_Nolan.jpg/revision/latest?cb=20081213214405"}, "commit"=>"Create Director"}
  [1m[35m (0.3ms)[0m  [1m[36mbegin transaction[0m
  [1m[35mSQL (27.5ms)[0m  [1m[32mINSERT INTO "directors" ("name", "nationality", "award", "image", "created_at", "updated_at") VALUES (?, ?, ?, ?, ?, ?)[0m  [["name", "christopher nolan"], ["nationality", "British-American"], ["award", "Academy Award"], ["image", "https://vignette4.wikia.nocookie.net/marvel_dc/images/0/05/Christopher_Nolan.jpg/revision/latest?cb=20081213214405"], ["created_at", "2017-08-23 23:46:54.945357"], ["updated_at", "2017-08-23 23:46:54.945357"]]
  [1m[35m (1.8ms)[0m  [1m[36mcommit transaction[0m
Redirected to http://localhost:3000/directors/3
Completed 302 Found in 37ms (ActiveRecord: 29.6ms)


Started GET "/directors/3" for 127.0.0.1 at 2017-08-24 09:46:54 +1000
Processing by DirectorsController#show as HTML
  Parameters: {"id"=>"3"}
  [1m[36mDirector Load (0.5ms)[0m  [1m[34mSELECT  "directors".* FROM "directors" WHERE "directors"."id" = ? LIMIT ?[0m  [["id", 3], ["LIMIT", 1]]
  Rendering directors/show.html.erb within layouts/application
  [1m[36mMovie Load (0.3ms)[0m  [1m[34mSELECT "movies".* FROM "movies" WHERE "movies"."director_id" = ?[0m  [["director_id", 3]]
  Rendered directors/show.html.erb within layouts/application (100.2ms)
Completed 200 OK in 322ms (Views: 231.6ms | ActiveRecord: 0.8ms)


Started GET "/" for 127.0.0.1 at 2017-08-24 09:47:03 +1000
Processing by MoviesController#index as HTML
  Rendering movies/index.html.erb within layouts/application
  [1m[36mMovie Load (0.2ms)[0m  [1m[34mSELECT "movies".* FROM "movies"[0m
  Rendered movies/index.html.erb within layouts/application (1.4ms)
Completed 200 OK in 90ms (Views: 84.9ms | ActiveRecord: 0.2ms)


Started GET "/directors" for 127.0.0.1 at 2017-08-24 09:47:04 +1000
Processing by DirectorsController#index as HTML
  Rendering directors/index.html.erb within layouts/application
  [1m[36mDirector Load (0.4ms)[0m  [1m[34mSELECT "directors".* FROM "directors"[0m
  Rendered directors/index.html.erb within layouts/application (3.1ms)
Completed 200 OK in 46ms (Views: 26.2ms | ActiveRecord: 0.4ms)


Started GET "/directors/new" for 127.0.0.1 at 2017-08-24 09:47:40 +1000
Processing by DirectorsController#new as HTML
  Rendering directors/new.html.erb within layouts/application
  Rendered directors/_form.html.erb (4.8ms)
  Rendered directors/new.html.erb within layouts/application (13.8ms)
Completed 200 OK in 66ms (Views: 36.5ms | ActiveRecord: 0.0ms)


Started GET "/directors" for 127.0.0.1 at 2017-08-24 09:47:42 +1000
Processing by DirectorsController#index as HTML
  Rendering directors/index.html.erb within layouts/application
  [1m[36mDirector Load (0.5ms)[0m  [1m[34mSELECT "directors".* FROM "directors"[0m
  Rendered directors/index.html.erb within layouts/application (4.1ms)
Completed 200 OK in 60ms (Views: 55.4ms | ActiveRecord: 0.5ms)


Started GET "/movies/new" for 127.0.0.1 at 2017-08-24 09:47:48 +1000
Processing by MoviesController#new as HTML
  Rendering movies/new.html.erb within layouts/application
  [1m[35m (0.3ms)[0m  [1m[34mSELECT "directors"."name", "directors"."id" FROM "directors"[0m
  Rendered movies/_form.html.erb (43.8ms)
  Rendered movies/new.html.erb within layouts/application (49.0ms)
Completed 200 OK in 92ms (Views: 72.2ms | ActiveRecord: 1.4ms)


Started GET "/movies" for 127.0.0.1 at 2017-08-24 09:47:51 +1000
Processing by MoviesController#index as HTML
  Rendering movies/index.html.erb within layouts/application
  [1m[36mMovie Load (0.4ms)[0m  [1m[34mSELECT "movies".* FROM "movies"[0m
  Rendered movies/index.html.erb within layouts/application (2.5ms)
Completed 200 OK in 34ms (Views: 30.1ms | ActiveRecord: 0.4ms)


Started GET "/movies/new" for 127.0.0.1 at 2017-08-24 09:47:52 +1000
Processing by MoviesController#new as HTML
  Rendering movies/new.html.erb within layouts/application
  [1m[35m (0.4ms)[0m  [1m[34mSELECT "directors"."name", "directors"."id" FROM "directors"[0m
  Rendered movies/_form.html.erb (13.3ms)
  Rendered movies/new.html.erb within layouts/application (16.5ms)
Completed 200 OK in 47ms (Views: 42.0ms | ActiveRecord: 0.4ms)


Started POST "/movies" for 127.0.0.1 at 2017-08-24 09:49:37 +1000
Processing by MoviesController#create as HTML
  Parameters: {"utf8"=>"✓", "authenticity_token"=>"roe68AVyTnZBG3cEFUSEQhqwItlirpnQqjfhMETaZl+IJa10TuNuORCmMT8lhjoiwIxQF4rEfqELBgVNG9jiFg==", "movie"=>{"title"=>"Dunkirk", "year"=>"2017", "genre"=>"Thriller", "image"=>"https://www.thestoryoftexas.com/upload/images/events/movies/imax-dunkirk-poster.jpg?1497972267", "director_id"=>"1"}, "commit"=>"Create Movie"}
Unpermitted parameter: :director_id
  [1m[35m (0.1ms)[0m  [1m[36mbegin transaction[0m
  [1m[35mSQL (0.6ms)[0m  [1m[32mINSERT INTO "movies" ("title", "year", "genre", "image", "created_at", "updated_at") VALUES (?, ?, ?, ?, ?, ?)[0m  [["title", "Dunkirk"], ["year", "2017"], ["genre", "Thriller"], ["image", "https://www.thestoryoftexas.com/upload/images/events/movies/imax-dunkirk-poster.jpg?1497972267"], ["created_at", "2017-08-23 23:49:37.308936"], ["updated_at", "2017-08-23 23:49:37.308936"]]
  [1m[35m (19.6ms)[0m  [1m[36mcommit transaction[0m
Redirected to http://localhost:3000/movies/1
Completed 302 Found in 27ms (ActiveRecord: 20.3ms)


Started GET "/movies/1" for 127.0.0.1 at 2017-08-24 09:49:37 +1000
Processing by MoviesController#show as HTML
  Parameters: {"id"=>"1"}
  [1m[36mMovie Load (0.3ms)[0m  [1m[34mSELECT  "movies".* FROM "movies" WHERE "movies"."id" = ? LIMIT ?[0m  [["id", 1], ["LIMIT", 1]]
  Rendering movies/show.html.erb within layouts/application
  Rendered movies/show.html.erb within layouts/application (55.7ms)
Completed 200 OK in 181ms (Views: 155.1ms | ActiveRecord: 0.3ms)


Started GET "/directors" for 127.0.0.1 at 2017-08-24 09:49:42 +1000
Processing by DirectorsController#index as HTML
  Rendering directors/index.html.erb within layouts/application
  [1m[36mDirector Load (0.3ms)[0m  [1m[34mSELECT "directors".* FROM "directors"[0m
  Rendered directors/index.html.erb within layouts/application (2.9ms)
Completed 200 OK in 57ms (Views: 34.8ms | ActiveRecord: 0.3ms)


Started GET "/directors/1" for 127.0.0.1 at 2017-08-24 09:49:47 +1000
Processing by DirectorsController#show as HTML
  Parameters: {"id"=>"1"}
  [1m[36mDirector Load (0.4ms)[0m  [1m[34mSELECT  "directors".* FROM "directors" WHERE "directors"."id" = ? LIMIT ?[0m  [["id", 1], ["LIMIT", 1]]
  Rendering directors/show.html.erb within layouts/application
  [1m[36mMovie Load (0.3ms)[0m  [1m[34mSELECT "movies".* FROM "movies" WHERE "movies"."director_id" = ?[0m  [["director_id", 1]]
  Rendered directors/show.html.erb within layouts/application (3.5ms)
Completed 200 OK in 81ms (Views: 29.5ms | ActiveRecord: 0.7ms)


Started GET "/directors/1" for 127.0.0.1 at 2017-08-24 09:50:52 +1000
Processing by DirectorsController#show as HTML
  Parameters: {"id"=>"1"}
  [1m[36mDirector Load (0.3ms)[0m  [1m[34mSELECT  "directors".* FROM "directors" WHERE "directors"."id" = ? LIMIT ?[0m  [["id", 1], ["LIMIT", 1]]
  Rendering directors/show.html.erb within layouts/application
  [1m[36mMovie Load (0.2ms)[0m  [1m[34mSELECT "movies".* FROM "movies" WHERE "movies"."director_id" = ?[0m  [["director_id", 1]]
  Rendered directors/show.html.erb within layouts/application (3.9ms)
Completed 200 OK in 41ms (Views: 33.8ms | ActiveRecord: 0.5ms)


Started GET "/directors/2" for 127.0.0.1 at 2017-08-24 09:51:01 +1000
Processing by DirectorsController#show as HTML
  Parameters: {"id"=>"2"}
  [1m[36mDirector Load (0.3ms)[0m  [1m[34mSELECT  "directors".* FROM "directors" WHERE "directors"."id" = ? LIMIT ?[0m  [["id", 2], ["LIMIT", 1]]
  Rendering directors/show.html.erb within layouts/application
  [1m[36mMovie Load (0.2ms)[0m  [1m[34mSELECT "movies".* FROM "movies" WHERE "movies"."director_id" = ?[0m  [["director_id", 2]]
  Rendered directors/show.html.erb within layouts/application (3.2ms)
Completed 200 OK in 36ms (Views: 30.8ms | ActiveRecord: 0.5ms)


Started GET "/directors/new" for 127.0.0.1 at 2017-08-24 09:51:11 +1000
Processing by DirectorsController#new as HTML
  Rendering directors/new.html.erb within layouts/application
  Rendered directors/_form.html.erb (4.7ms)
  Rendered directors/new.html.erb within layouts/application (26.6ms)
Completed 200 OK in 71ms (Views: 49.0ms | ActiveRecord: 0.0ms)


Started POST "/directors" for 127.0.0.1 at 2017-08-24 09:51:26 +1000
Processing by DirectorsController#create as HTML
  Parameters: {"utf8"=>"✓", "authenticity_token"=>"GaOXxvgMJDMKvMctNJKvaeWSAe0CBy5VWDm5JEDy9cXGplPhpBN9hlI2gm6ynnvPDxCCUF0Ti3YK2gymk0Ljjw==", "director"=>{"name"=>"A", "nationality"=>"s", "dob"=>"1980/09/09", "award"=>"Academy Award", "image"=>""}, "commit"=>"Create Director"}
  [1m[35m (0.2ms)[0m  [1m[36mbegin transaction[0m
  [1m[35mSQL (0.7ms)[0m  [1m[32mINSERT INTO "directors" ("name", "nationality", "dob", "award", "image", "created_at", "updated_at") VALUES (?, ?, ?, ?, ?, ?, ?)[0m  [["name", "A"], ["nationality", "s"], ["dob", "1980-09-09"], ["award", "Academy Award"], ["image", ""], ["created_at", "2017-08-23 23:51:26.572632"], ["updated_at", "2017-08-23 23:51:26.572632"]]
  [1m[35m (1.7ms)[0m  [1m[36mcommit transaction[0m
Redirected to http://localhost:3000/directors/4
Completed 302 Found in 29ms (ActiveRecord: 2.6ms)


Started GET "/directors/4" for 127.0.0.1 at 2017-08-24 09:51:26 +1000
Processing by DirectorsController#show as HTML
  Parameters: {"id"=>"4"}
  [1m[36mDirector Load (0.2ms)[0m  [1m[34mSELECT  "directors".* FROM "directors" WHERE "directors"."id" = ? LIMIT ?[0m  [["id", 4], ["LIMIT", 1]]
  Rendering directors/show.html.erb within layouts/application
  [1m[36mMovie Load (0.2ms)[0m  [1m[34mSELECT "movies".* FROM "movies" WHERE "movies"."director_id" = ?[0m  [["director_id", 4]]
  Rendered directors/show.html.erb within layouts/application (3.8ms)
Completed 200 OK in 31ms (Views: 28.1ms | ActiveRecord: 0.4ms)


Started GET "/directors" for 127.0.0.1 at 2017-08-24 09:51:30 +1000
Processing by DirectorsController#index as HTML
  Rendering directors/index.html.erb within layouts/application
  [1m[36mDirector Load (0.4ms)[0m  [1m[34mSELECT "directors".* FROM "directors"[0m
  Rendered directors/index.html.erb within layouts/application (4.9ms)
Completed 200 OK in 39ms (Views: 34.3ms | ActiveRecord: 0.4ms)


Started GET "/directors/3" for 127.0.0.1 at 2017-08-24 09:52:19 +1000
Processing by DirectorsController#show as HTML
  Parameters: {"id"=>"3"}
  [1m[36mDirector Load (0.2ms)[0m  [1m[34mSELECT  "directors".* FROM "directors" WHERE "directors"."id" = ? LIMIT ?[0m  [["id", 3], ["LIMIT", 1]]
  Rendering directors/show.html.erb within layouts/application
  [1m[36mMovie Load (0.2ms)[0m  [1m[34mSELECT "movies".* FROM "movies" WHERE "movies"."director_id" = ?[0m  [["director_id", 3]]
  Rendered directors/show.html.erb within layouts/application (4.3ms)
Completed 200 OK in 35ms (Views: 30.3ms | ActiveRecord: 0.4ms)


Started DELETE "/directors/3" for 127.0.0.1 at 2017-08-24 09:52:24 +1000
Processing by DirectorsController#destroy as HTML
  Parameters: {"authenticity_token"=>"BIBG4TxmeCSNUav4IwB9kfOQha3kiZWuF9eSCv8B/EA+5ZAkOYs3cHgTr0O2RHDKLjsf4AXqie7bTrkIQ25GqQ==", "id"=>"3"}
  [1m[36mDirector Load (0.3ms)[0m  [1m[34mSELECT  "directors".* FROM "directors" WHERE "directors"."id" = ? LIMIT ?[0m  [["id", 3], ["LIMIT", 1]]
  [1m[35m (0.1ms)[0m  [1m[36mbegin transaction[0m
  [1m[35mSQL (1.7ms)[0m  [1m[31mDELETE FROM "directors" WHERE "directors"."id" = ?[0m  [["id", 3]]
  [1m[35m (2.3ms)[0m  [1m[36mcommit transaction[0m
Redirected to http://localhost:3000/directors
Completed 302 Found in 9ms (ActiveRecord: 4.4ms)


Started GET "/directors" for 127.0.0.1 at 2017-08-24 09:52:24 +1000
Processing by DirectorsController#index as HTML
  Rendering directors/index.html.erb within layouts/application
  [1m[36mDirector Load (0.6ms)[0m  [1m[34mSELECT "directors".* FROM "directors"[0m
  Rendered directors/index.html.erb within layouts/application (4.1ms)
Completed 200 OK in 42ms (Views: 35.8ms | ActiveRecord: 0.6ms)


Started GET "/directors/2" for 127.0.0.1 at 2017-08-24 09:52:27 +1000
Processing by DirectorsController#show as HTML
  Parameters: {"id"=>"2"}
  [1m[36mDirector Load (0.3ms)[0m  [1m[34mSELECT  "directors".* FROM "directors" WHERE "directors"."id" = ? LIMIT ?[0m  [["id", 2], ["LIMIT", 1]]
  Rendering directors/show.html.erb within layouts/application
  [1m[36mMovie Load (0.3ms)[0m  [1m[34mSELECT "movies".* FROM "movies" WHERE "movies"."director_id" = ?[0m  [["director_id", 2]]
  Rendered directors/show.html.erb within layouts/application (5.1ms)
Completed 200 OK in 38ms (Views: 32.6ms | ActiveRecord: 0.6ms)


Started DELETE "/directors/2" for 127.0.0.1 at 2017-08-24 09:52:32 +1000
Processing by DirectorsController#destroy as HTML
  Parameters: {"authenticity_token"=>"jb4B+ab2bZCtv9xy+spox+KRqUg6XUlPQveci9yPKLC329c8oxsixFj92MlvjmWcPzozBds+VQ+ObreJYOCSWQ==", "id"=>"2"}
  [1m[36mDirector Load (0.3ms)[0m  [1m[34mSELECT  "directors".* FROM "directors" WHERE "directors"."id" = ? LIMIT ?[0m  [["id", 2], ["LIMIT", 1]]
  [1m[35m (0.1ms)[0m  [1m[36mbegin transaction[0m
  [1m[35mSQL (0.6ms)[0m  [1m[31mDELETE FROM "directors" WHERE "directors"."id" = ?[0m  [["id", 2]]
  [1m[35m (3.1ms)[0m  [1m[36mcommit transaction[0m
Redirected to http://localhost:3000/directors
Completed 302 Found in 9ms (ActiveRecord: 4.0ms)


Started GET "/directors" for 127.0.0.1 at 2017-08-24 09:52:32 +1000
Processing by DirectorsController#index as HTML
  Rendering directors/index.html.erb within layouts/application
  [1m[36mDirector Load (0.4ms)[0m  [1m[34mSELECT "directors".* FROM "directors"[0m
  Rendered directors/index.html.erb within layouts/application (3.3ms)
Completed 200 OK in 32ms (Views: 27.3ms | ActiveRecord: 0.4ms)


Started GET "/directors/4" for 127.0.0.1 at 2017-08-24 09:52:34 +1000
Processing by DirectorsController#show as HTML
  Parameters: {"id"=>"4"}
  [1m[36mDirector Load (0.4ms)[0m  [1m[34mSELECT  "directors".* FROM "directors" WHERE "directors"."id" = ? LIMIT ?[0m  [["id", 4], ["LIMIT", 1]]
  Rendering directors/show.html.erb within layouts/application
  [1m[36mMovie Load (0.3ms)[0m  [1m[34mSELECT "movies".* FROM "movies" WHERE "movies"."director_id" = ?[0m  [["director_id", 4]]
  Rendered directors/show.html.erb within layouts/application (4.8ms)
Completed 200 OK in 36ms (Views: 30.1ms | ActiveRecord: 0.6ms)


Started DELETE "/directors/4" for 127.0.0.1 at 2017-08-24 09:52:38 +1000
Processing by DirectorsController#destroy as HTML
  Parameters: {"authenticity_token"=>"sraeYBwPRZkn7wHEysO2aXUbQdTCE5/0XN14pcITgrSI00ilGeIKzdKtBX9fh7syqLDbmSNwg7SQRFOnfnw4XQ==", "id"=>"4"}
  [1m[36mDirector Load (0.2ms)[0m  [1m[34mSELECT  "directors".* FROM "directors" WHERE "directors"."id" = ? LIMIT ?[0m  [["id", 4], ["LIMIT", 1]]
  [1m[35m (0.1ms)[0m  [1m[36mbegin transaction[0m
  [1m[35mSQL (0.6ms)[0m  [1m[31mDELETE FROM "directors" WHERE "directors"."id" = ?[0m  [["id", 4]]
  [1m[35m (3.2ms)[0m  [1m[36mcommit transaction[0m
Redirected to http://localhost:3000/directors
Completed 302 Found in 8ms (ActiveRecord: 4.0ms)


Started GET "/directors" for 127.0.0.1 at 2017-08-24 09:52:38 +1000
Processing by DirectorsController#index as HTML
  Rendering directors/index.html.erb within layouts/application
  [1m[36mDirector Load (0.4ms)[0m  [1m[34mSELECT "directors".* FROM "directors"[0m
  Rendered directors/index.html.erb within layouts/application (3.4ms)
Completed 200 OK in 38ms (Views: 33.5ms | ActiveRecord: 0.4ms)


Started GET "/movies" for 127.0.0.1 at 2017-08-24 09:52:40 +1000
Processing by MoviesController#index as HTML
  Rendering movies/index.html.erb within layouts/application
  [1m[36mMovie Load (0.4ms)[0m  [1m[34mSELECT "movies".* FROM "movies"[0m
  Rendered movies/index.html.erb within layouts/application (2.9ms)
Completed 200 OK in 34ms (Views: 29.6ms | ActiveRecord: 0.4ms)


Started GET "/movies/1" for 127.0.0.1 at 2017-08-24 09:52:42 +1000
Processing by MoviesController#show as HTML
  Parameters: {"id"=>"1"}
  [1m[36mMovie Load (0.3ms)[0m  [1m[34mSELECT  "movies".* FROM "movies" WHERE "movies"."id" = ? LIMIT ?[0m  [["id", 1], ["LIMIT", 1]]
  Rendering movies/show.html.erb within layouts/application
  Rendered movies/show.html.erb within layouts/application (2.3ms)
Completed 200 OK in 35ms (Views: 29.2ms | ActiveRecord: 0.3ms)


Started GET "/directors/new" for 127.0.0.1 at 2017-08-24 09:52:48 +1000
Processing by DirectorsController#new as HTML
  Rendering directors/new.html.erb within layouts/application
  Rendered directors/_form.html.erb (5.2ms)
  Rendered directors/new.html.erb within layouts/application (8.2ms)
Completed 200 OK in 38ms (Views: 32.9ms | ActiveRecord: 0.0ms)


Started GET "/directors" for 127.0.0.1 at 2017-08-24 09:52:49 +1000
Processing by DirectorsController#index as HTML
  Rendering directors/index.html.erb within layouts/application
  [1m[36mDirector Load (0.4ms)[0m  [1m[34mSELECT "directors".* FROM "directors"[0m
  Rendered directors/index.html.erb within layouts/application (2.9ms)
Completed 200 OK in 34ms (Views: 29.4ms | ActiveRecord: 0.4ms)


Started GET "/directors/new" for 127.0.0.1 at 2017-08-24 09:52:50 +1000
Processing by DirectorsController#new as HTML
  Rendering directors/new.html.erb within layouts/application
  Rendered directors/_form.html.erb (5.4ms)
  Rendered directors/new.html.erb within layouts/application (9.2ms)
Completed 200 OK in 48ms (Views: 43.6ms | ActiveRecord: 0.0ms)


Started GET "/movies/new" for 127.0.0.1 at 2017-08-24 09:52:51 +1000
Processing by MoviesController#new as HTML
  Rendering movies/new.html.erb within layouts/application
  [1m[35m (0.4ms)[0m  [1m[34mSELECT "directors"."name", "directors"."id" FROM "directors"[0m
  Rendered movies/_form.html.erb (7.2ms)
  Rendered movies/new.html.erb within layouts/application (9.8ms)
Completed 200 OK in 37ms (Views: 33.0ms | ActiveRecord: 0.4ms)


Started GET "/movies" for 127.0.0.1 at 2017-08-24 09:52:52 +1000
Processing by MoviesController#index as HTML
  Rendering movies/index.html.erb within layouts/application
  [1m[36mMovie Load (0.3ms)[0m  [1m[34mSELECT "movies".* FROM "movies"[0m
  Rendered movies/index.html.erb within layouts/application (2.6ms)
Completed 200 OK in 43ms (Views: 38.6ms | ActiveRecord: 0.3ms)


Started GET "/directors/new" for 127.0.0.1 at 2017-08-24 09:52:53 +1000
Processing by DirectorsController#new as HTML
  Rendering directors/new.html.erb within layouts/application
  Rendered directors/_form.html.erb (5.2ms)
  Rendered directors/new.html.erb within layouts/application (9.7ms)
Completed 200 OK in 45ms (Views: 39.9ms | ActiveRecord: 0.0ms)


Started GET "/directors" for 127.0.0.1 at 2017-08-24 09:52:54 +1000
Processing by DirectorsController#index as HTML
  Rendering directors/index.html.erb within layouts/application
  [1m[36mDirector Load (0.7ms)[0m  [1m[34mSELECT "directors".* FROM "directors"[0m
  Rendered directors/index.html.erb within layouts/application (4.4ms)
Completed 200 OK in 37ms (Views: 31.6ms | ActiveRecord: 0.7ms)


Started GET "/" for 127.0.0.1 at 2017-08-24 09:52:54 +1000
Processing by MoviesController#index as HTML
  Rendering movies/index.html.erb within layouts/application
  [1m[36mMovie Load (0.4ms)[0m  [1m[34mSELECT "movies".* FROM "movies"[0m
  Rendered movies/index.html.erb within layouts/application (3.3ms)
Completed 200 OK in 36ms (Views: 32.0ms | ActiveRecord: 0.4ms)


Started GET "/directors" for 127.0.0.1 at 2017-08-24 09:52:55 +1000
Processing by DirectorsController#index as HTML
  Rendering directors/index.html.erb within layouts/application
  [1m[36mDirector Load (0.4ms)[0m  [1m[34mSELECT "directors".* FROM "directors"[0m
  Rendered directors/index.html.erb within layouts/application (5.3ms)
Completed 200 OK in 34ms (Views: 29.4ms | ActiveRecord: 0.4ms)


Started GET "/rails/info/routes" for 127.0.0.1 at 2017-09-04 21:36:05 +1000
  [1m[35m (0.2ms)[0m  [1m[34mSELECT "schema_migrations"."version" FROM "schema_migrations" ORDER BY "schema_migrations"."version" ASC[0m
Processing by Rails::InfoController#routes as HTML
  Rendering /Users/amandasam/.rvm/gems/ruby-2.4.0/gems/railties-5.1.3/lib/rails/templates/rails/info/routes.html.erb within layouts/application
  Rendered collection of /Users/amandasam/.rvm/gems/ruby-2.4.0/gems/actionpack-5.1.3/lib/action_dispatch/middleware/templates/routes/_route.html.erb [17 times] (6.6ms)
  Rendered /Users/amandasam/.rvm/gems/ruby-2.4.0/gems/actionpack-5.1.3/lib/action_dispatch/middleware/templates/routes/_table.html.erb (7.5ms)
  Rendered /Users/amandasam/.rvm/gems/ruby-2.4.0/gems/railties-5.1.3/lib/rails/templates/rails/info/routes.html.erb within layouts/application (36.7ms)
Completed 200 OK in 112ms (Views: 96.9ms | ActiveRecord: 0.0ms)


Started GET "/oceans" for 127.0.0.1 at 2017-09-04 21:36:10 +1000
  
ActionController::RoutingError (No route matches [GET] "/oceans"):
  
actionpack (5.1.3) lib/action_dispatch/middleware/debug_exceptions.rb:63:in `call'
web-console (3.5.1) lib/web_console/middleware.rb:135:in `call_app'
web-console (3.5.1) lib/web_console/middleware.rb:28:in `block in call'
web-console (3.5.1) lib/web_console/middleware.rb:18:in `catch'
web-console (3.5.1) lib/web_console/middleware.rb:18:in `call'
actionpack (5.1.3) lib/action_dispatch/middleware/show_exceptions.rb:31:in `call'
railties (5.1.3) lib/rails/rack/logger.rb:36:in `call_app'
railties (5.1.3) lib/rails/rack/logger.rb:24:in `block in call'
activesupport (5.1.3) lib/active_support/tagged_logging.rb:69:in `block in tagged'
activesupport (5.1.3) lib/active_support/tagged_logging.rb:26:in `tagged'
activesupport (5.1.3) lib/active_support/tagged_logging.rb:69:in `tagged'
railties (5.1.3) lib/rails/rack/logger.rb:24:in `call'
sprockets-rails (3.2.0) lib/sprockets/rails/quiet_assets.rb:13:in `call'
actionpack (5.1.3) lib/action_dispatch/middleware/remote_ip.rb:79:in `call'
actionpack (5.1.3) lib/action_dispatch/middleware/request_id.rb:25:in `call'
rack (2.0.3) lib/rack/method_override.rb:22:in `call'
rack (2.0.3) lib/rack/runtime.rb:22:in `call'
activesupport (5.1.3) lib/active_support/cache/strategy/local_cache_middleware.rb:27:in `call'
actionpack (5.1.3) lib/action_dispatch/middleware/executor.rb:12:in `call'
actionpack (5.1.3) lib/action_dispatch/middleware/static.rb:125:in `call'
rack (2.0.3) lib/rack/sendfile.rb:111:in `call'
railties (5.1.3) lib/rails/engine.rb:522:in `call'
puma (3.10.0) lib/puma/configuration.rb:225:in `call'
puma (3.10.0) lib/puma/server.rb:605:in `handle_request'
puma (3.10.0) lib/puma/server.rb:437:in `process_client'
puma (3.10.0) lib/puma/server.rb:301:in `block in run'
puma (3.10.0) lib/puma/thread_pool.rb:120:in `block in spawn_thread'
Started GET "/oceans" for 127.0.0.1 at 2017-09-04 21:36:14 +1000
  
ActionController::RoutingError (No route matches [GET] "/oceans"):
  
actionpack (5.1.3) lib/action_dispatch/middleware/debug_exceptions.rb:63:in `call'
web-console (3.5.1) lib/web_console/middleware.rb:135:in `call_app'
web-console (3.5.1) lib/web_console/middleware.rb:28:in `block in call'
web-console (3.5.1) lib/web_console/middleware.rb:18:in `catch'
web-console (3.5.1) lib/web_console/middleware.rb:18:in `call'
actionpack (5.1.3) lib/action_dispatch/middleware/show_exceptions.rb:31:in `call'
railties (5.1.3) lib/rails/rack/logger.rb:36:in `call_app'
railties (5.1.3) lib/rails/rack/logger.rb:24:in `block in call'
activesupport (5.1.3) lib/active_support/tagged_logging.rb:69:in `block in tagged'
activesupport (5.1.3) lib/active_support/tagged_logging.rb:26:in `tagged'
activesupport (5.1.3) lib/active_support/tagged_logging.rb:69:in `tagged'
railties (5.1.3) lib/rails/rack/logger.rb:24:in `call'
sprockets-rails (3.2.0) lib/sprockets/rails/quiet_assets.rb:13:in `call'
actionpack (5.1.3) lib/action_dispatch/middleware/remote_ip.rb:79:in `call'
actionpack (5.1.3) lib/action_dispatch/middleware/request_id.rb:25:in `call'
rack (2.0.3) lib/rack/method_override.rb:22:in `call'
rack (2.0.3) lib/rack/runtime.rb:22:in `call'
activesupport (5.1.3) lib/active_support/cache/strategy/local_cache_middleware.rb:27:in `call'
actionpack (5.1.3) lib/action_dispatch/middleware/executor.rb:12:in `call'
actionpack (5.1.3) lib/action_dispatch/middleware/static.rb:125:in `call'
rack (2.0.3) lib/rack/sendfile.rb:111:in `call'
railties (5.1.3) lib/rails/engine.rb:522:in `call'
puma (3.10.0) lib/puma/configuration.rb:225:in `call'
puma (3.10.0) lib/puma/server.rb:605:in `handle_request'
puma (3.10.0) lib/puma/server.rb:437:in `process_client'
puma (3.10.0) lib/puma/server.rb:301:in `block in run'
puma (3.10.0) lib/puma/thread_pool.rb:120:in `block in spawn_thread'
Started GET "/" for 127.0.0.1 at 2017-09-04 21:36:20 +1000
Processing by MoviesController#index as HTML
  Rendering movies/index.html.erb within layouts/application
  [1m[36mMovie Load (0.2ms)[0m  [1m[34mSELECT "movies".* FROM "movies"[0m
  Rendered movies/index.html.erb within layouts/application (33.5ms)
Completed 200 OK in 764ms (Views: 703.6ms | ActiveRecord: 1.5ms)


Started GET "/" for 127.0.0.1 at 2017-09-04 21:36:25 +1000
Processing by MoviesController#index as HTML
  Rendering movies/index.html.erb within layouts/application
  [1m[36mMovie Load (0.3ms)[0m  [1m[34mSELECT "movies".* FROM "movies"[0m
  Rendered movies/index.html.erb within layouts/application (2.6ms)
Completed 200 OK in 33ms (Views: 28.3ms | ActiveRecord: 0.3ms)


Started GET "/directors" for 127.0.0.1 at 2017-09-04 21:36:27 +1000
Processing by DirectorsController#index as HTML
  Rendering directors/index.html.erb within layouts/application
  [1m[36mDirector Load (0.3ms)[0m  [1m[34mSELECT "directors".* FROM "directors"[0m
  Rendered directors/index.html.erb within layouts/application (12.5ms)
Completed 200 OK in 105ms (Views: 40.8ms | ActiveRecord: 1.0ms)


Started GET "/directors/new" for 127.0.0.1 at 2017-09-04 21:36:29 +1000
Processing by DirectorsController#new as HTML
  Rendering directors/new.html.erb within layouts/application
  Rendered directors/_form.html.erb (156.8ms)
  Rendered directors/new.html.erb within layouts/application (175.0ms)
Completed 200 OK in 220ms (Views: 201.8ms | ActiveRecord: 0.0ms)


Started GET "/movies" for 127.0.0.1 at 2017-09-04 21:36:30 +1000
Processing by MoviesController#index as HTML
  Rendering movies/index.html.erb within layouts/application
  [1m[36mMovie Load (0.3ms)[0m  [1m[34mSELECT "movies".* FROM "movies"[0m
  Rendered movies/index.html.erb within layouts/application (2.7ms)
Completed 200 OK in 34ms (Views: 30.0ms | ActiveRecord: 0.3ms)


Started GET "/movies/new" for 127.0.0.1 at 2017-09-04 21:36:31 +1000
Processing by MoviesController#new as HTML
  Rendering movies/new.html.erb within layouts/application
  [1m[35m (0.3ms)[0m  [1m[34mSELECT "directors"."name", "directors"."id" FROM "directors"[0m
  Rendered movies/_form.html.erb (25.3ms)
  Rendered movies/new.html.erb within layouts/application (46.3ms)
Completed 200 OK in 111ms (Views: 75.1ms | ActiveRecord: 0.3ms)


Started GET "/movies" for 127.0.0.1 at 2017-09-04 21:36:32 +1000
Processing by MoviesController#index as HTML
  Rendering movies/index.html.erb within layouts/application
  [1m[36mMovie Load (0.4ms)[0m  [1m[34mSELECT "movies".* FROM "movies"[0m
  Rendered movies/index.html.erb within layouts/application (3.0ms)
Completed 200 OK in 42ms (Views: 37.0ms | ActiveRecord: 0.4ms)


Started GET "/directors/new" for 127.0.0.1 at 2017-09-04 21:36:32 +1000
Processing by DirectorsController#new as HTML
  Rendering directors/new.html.erb within layouts/application
  Rendered directors/_form.html.erb (4.6ms)
  Rendered directors/new.html.erb within layouts/application (7.7ms)
Completed 200 OK in 41ms (Views: 37.0ms | ActiveRecord: 0.0ms)


Started GET "/directors" for 127.0.0.1 at 2017-09-04 21:36:33 +1000
Processing by DirectorsController#index as HTML
  Rendering directors/index.html.erb within layouts/application
  [1m[36mDirector Load (0.5ms)[0m  [1m[34mSELECT "directors".* FROM "directors"[0m
  Rendered directors/index.html.erb within layouts/application (3.4ms)
Completed 200 OK in 41ms (Views: 34.7ms | ActiveRecord: 0.5ms)


Started GET "/" for 127.0.0.1 at 2017-09-04 21:36:34 +1000
Processing by MoviesController#index as HTML
  Rendering movies/index.html.erb within layouts/application
  [1m[36mMovie Load (0.3ms)[0m  [1m[34mSELECT "movies".* FROM "movies"[0m
  Rendered movies/index.html.erb within layouts/application (2.4ms)
Completed 200 OK in 40ms (Views: 35.3ms | ActiveRecord: 0.3ms)


