  [1m[35m (12.9ms)[0m  [1m[34mSELECT sqlite_version(*)[0m
  [1m[35m (2.4ms)[0m  [1m[35mCREATE TABLE "schema_migrations" ("version" varchar NOT NULL PRIMARY KEY)[0m
  [1m[35m (1.9ms)[0m  [1m[35mCREATE TABLE "ar_internal_metadata" ("key" varchar NOT NULL PRIMARY KEY, "value" varchar, "created_at" datetime NOT NULL, "updated_at" datetime NOT NULL)[0m
  [1m[35m (0.3ms)[0m  [1m[34mSELECT "schema_migrations"."version" FROM "schema_migrations" ORDER BY "schema_migrations"."version" ASC[0m
Migrating to CreateOceans (20170822124455)
  [1m[35m (0.1ms)[0m  [1m[36mbegin transaction[0m
  [1m[35m (1.1ms)[0m  [1m[35mCREATE TABLE "oceans" ("id" INTEGER PRIMARY KEY AUTOINCREMENT NOT NULL, "name" text, "image" text, "area" text, "volume" float, "depth" float, "created_at" datetime NOT NULL, "updated_at" datetime NOT NULL)[0m
  [1m[35mSQL (0.3ms)[0m  [1m[32mINSERT INTO "schema_migrations" ("version") VALUES (?)[0m  [["version", "20170822124455"]]
  [1m[35m (2.1ms)[0m  [1m[36mcommit transaction[0m
  [1m[36mActiveRecord::InternalMetadata Load (0.1ms)[0m  [1m[34mSELECT  "ar_internal_metadata".* FROM "ar_internal_metadata" WHERE "ar_internal_metadata"."key" = ? LIMIT ?[0m  [["key", "environment"], ["LIMIT", 1]]
  [1m[35m (0.1ms)[0m  [1m[36mbegin transaction[0m
  [1m[35mSQL (0.4ms)[0m  [1m[32mINSERT INTO "ar_internal_metadata" ("key", "value", "created_at", "updated_at") VALUES (?, ?, ?, ?)[0m  [["key", "environment"], ["value", "development"], ["created_at", "2017-08-22 13:03:36.167067"], ["updated_at", "2017-08-22 13:03:36.167067"]]
  [1m[35m (1.5ms)[0m  [1m[36mcommit transaction[0m
  [1m[35m (0.3ms)[0m  [1m[34mSELECT "schema_migrations"."version" FROM "schema_migrations" ORDER BY "schema_migrations"."version" ASC[0m
  [1m[35m (0.5ms)[0m  [1m[34mSELECT "schema_migrations"."version" FROM "schema_migrations" ORDER BY "schema_migrations"."version" ASC[0m
Started GET "/" for 127.0.0.1 at 2017-08-23 00:05:21 +1000
  [1m[35m (20.6ms)[0m  [1m[34mSELECT "schema_migrations"."version" FROM "schema_migrations" ORDER BY "schema_migrations"."version" ASC[0m
Processing by Rails::WelcomeController#index as HTML
  Rendering /Users/amandasam/.rvm/gems/ruby-2.4.0/gems/railties-5.1.3/lib/rails/templates/rails/welcome/index.html.erb
  Rendered /Users/amandasam/.rvm/gems/ruby-2.4.0/gems/railties-5.1.3/lib/rails/templates/rails/welcome/index.html.erb (6.3ms)
Completed 200 OK in 201ms (Views: 93.9ms | ActiveRecord: 0.0ms)


Started GET "/oceans" for 127.0.0.1 at 2017-08-23 00:05:29 +1000
Processing by OceansController#index as HTML
  Rendering oceans/index.html.erb within layouts/application
  [1m[36mOcean Load (0.1ms)[0m  [1m[34mSELECT "oceans".* FROM "oceans"[0m
  Rendered oceans/index.html.erb within layouts/application (48.5ms)
Completed 200 OK in 732ms (Views: 687.8ms | ActiveRecord: 0.9ms)


Started GET "/oceans/new" for 127.0.0.1 at 2017-08-23 00:05:34 +1000
Processing by OceansController#new as HTML
  Rendering oceans/new.html.erb within layouts/application
  Rendered oceans/new.html.erb within layouts/application (0.7ms)
Completed 200 OK in 28ms (Views: 23.7ms | ActiveRecord: 0.0ms)


Started GET "/oceans" for 127.0.0.1 at 2017-08-23 00:05:39 +1000
Processing by OceansController#index as HTML
  Rendering oceans/index.html.erb within layouts/application
  [1m[36mOcean Load (0.3ms)[0m  [1m[34mSELECT "oceans".* FROM "oceans"[0m
  Rendered oceans/index.html.erb within layouts/application (1.5ms)
Completed 200 OK in 38ms (Views: 33.5ms | ActiveRecord: 0.3ms)


Started GET "/oceans/new" for 127.0.0.1 at 2017-08-23 00:05:41 +1000
Processing by OceansController#new as HTML
  Rendering oceans/new.html.erb within layouts/application
  Rendered oceans/new.html.erb within layouts/application (0.8ms)
Completed 200 OK in 38ms (Views: 33.9ms | ActiveRecord: 0.0ms)


Started GET "/oceans" for 127.0.0.1 at 2017-08-23 00:09:19 +1000
Processing by OceansController#index as HTML
  Rendering oceans/index.html.erb within layouts/application
  [1m[36mOcean Load (0.3ms)[0m  [1m[34mSELECT "oceans".* FROM "oceans"[0m
  Rendered oceans/index.html.erb within layouts/application (7.8ms)
Completed 200 OK in 244ms (Views: 240.1ms | ActiveRecord: 0.3ms)


Started GET "/oceans" for 127.0.0.1 at 2017-08-23 00:09:40 +1000
Processing by OceansController#index as HTML
  Rendering oceans/index.html.erb within layouts/application
  [1m[36mOcean Load (0.2ms)[0m  [1m[34mSELECT "oceans".* FROM "oceans"[0m
  Rendered oceans/index.html.erb within layouts/application (1.3ms)
Completed 200 OK in 95ms (Views: 91.7ms | ActiveRecord: 0.2ms)


Started GET "/oceans" for 127.0.0.1 at 2017-08-23 00:12:03 +1000
Processing by OceansController#index as HTML
  Rendering oceans/index.html.erb within layouts/application
  [1m[36mOcean Load (0.3ms)[0m  [1m[34mSELECT "oceans".* FROM "oceans"[0m
  Rendered oceans/index.html.erb within layouts/application (1.5ms)
Completed 200 OK in 257ms (Views: 253.4ms | ActiveRecord: 0.3ms)


Started GET "/images/ocean_background.jpg" for 127.0.0.1 at 2017-08-23 00:12:03 +1000
  
ActionController::RoutingError (No route matches [GET] "/images/ocean_background.jpg"):
  
actionpack (5.1.3) lib/action_dispatch/middleware/debug_exceptions.rb:63:in `call'
web-console (3.5.1) lib/web_console/middleware.rb:135:in `call_app'
web-console (3.5.1) lib/web_console/middleware.rb:28:in `block in call'
web-console (3.5.1) lib/web_console/middleware.rb:18:in `catch'
web-console (3.5.1) lib/web_console/middleware.rb:18:in `call'
actionpack (5.1.3) lib/action_dispatch/middleware/show_exceptions.rb:31:in `call'
railties (5.1.3) lib/rails/rack/logger.rb:36:in `call_app'
railties (5.1.3) lib/rails/rack/logger.rb:24:in `block in call'
activesupport (5.1.3) lib/active_support/tagged_logging.rb:69:in `block in tagged'
activesupport (5.1.3) lib/active_support/tagged_logging.rb:26:in `tagged'
activesupport (5.1.3) lib/active_support/tagged_logging.rb:69:in `tagged'
railties (5.1.3) lib/rails/rack/logger.rb:24:in `call'
sprockets-rails (3.2.0) lib/sprockets/rails/quiet_assets.rb:13:in `call'
actionpack (5.1.3) lib/action_dispatch/middleware/remote_ip.rb:79:in `call'
actionpack (5.1.3) lib/action_dispatch/middleware/request_id.rb:25:in `call'
rack (2.0.3) lib/rack/method_override.rb:22:in `call'
rack (2.0.3) lib/rack/runtime.rb:22:in `call'
activesupport (5.1.3) lib/active_support/cache/strategy/local_cache_middleware.rb:27:in `call'
actionpack (5.1.3) lib/action_dispatch/middleware/executor.rb:12:in `call'
actionpack (5.1.3) lib/action_dispatch/middleware/static.rb:125:in `call'
rack (2.0.3) lib/rack/sendfile.rb:111:in `call'
railties (5.1.3) lib/rails/engine.rb:522:in `call'
puma (3.10.0) lib/puma/configuration.rb:225:in `call'
puma (3.10.0) lib/puma/server.rb:605:in `handle_request'
puma (3.10.0) lib/puma/server.rb:437:in `process_client'
puma (3.10.0) lib/puma/server.rb:301:in `block in run'
puma (3.10.0) lib/puma/thread_pool.rb:120:in `block in spawn_thread'
Started GET "/oceans" for 127.0.0.1 at 2017-08-23 00:12:10 +1000
Processing by OceansController#index as HTML
  Rendering oceans/index.html.erb within layouts/application
  [1m[36mOcean Load (0.3ms)[0m  [1m[34mSELECT "oceans".* FROM "oceans"[0m
  Rendered oceans/index.html.erb within layouts/application (1.4ms)
Completed 200 OK in 24ms (Views: 20.8ms | ActiveRecord: 0.3ms)


Started GET "/images/ocean_background.jpg" for 127.0.0.1 at 2017-08-23 00:12:10 +1000
  
ActionController::RoutingError (No route matches [GET] "/images/ocean_background.jpg"):
  
actionpack (5.1.3) lib/action_dispatch/middleware/debug_exceptions.rb:63:in `call'
web-console (3.5.1) lib/web_console/middleware.rb:135:in `call_app'
web-console (3.5.1) lib/web_console/middleware.rb:28:in `block in call'
web-console (3.5.1) lib/web_console/middleware.rb:18:in `catch'
web-console (3.5.1) lib/web_console/middleware.rb:18:in `call'
actionpack (5.1.3) lib/action_dispatch/middleware/show_exceptions.rb:31:in `call'
railties (5.1.3) lib/rails/rack/logger.rb:36:in `call_app'
railties (5.1.3) lib/rails/rack/logger.rb:24:in `block in call'
activesupport (5.1.3) lib/active_support/tagged_logging.rb:69:in `block in tagged'
activesupport (5.1.3) lib/active_support/tagged_logging.rb:26:in `tagged'
activesupport (5.1.3) lib/active_support/tagged_logging.rb:69:in `tagged'
railties (5.1.3) lib/rails/rack/logger.rb:24:in `call'
sprockets-rails (3.2.0) lib/sprockets/rails/quiet_assets.rb:13:in `call'
actionpack (5.1.3) lib/action_dispatch/middleware/remote_ip.rb:79:in `call'
actionpack (5.1.3) lib/action_dispatch/middleware/request_id.rb:25:in `call'
rack (2.0.3) lib/rack/method_override.rb:22:in `call'
rack (2.0.3) lib/rack/runtime.rb:22:in `call'
activesupport (5.1.3) lib/active_support/cache/strategy/local_cache_middleware.rb:27:in `call'
actionpack (5.1.3) lib/action_dispatch/middleware/executor.rb:12:in `call'
actionpack (5.1.3) lib/action_dispatch/middleware/static.rb:125:in `call'
rack (2.0.3) lib/rack/sendfile.rb:111:in `call'
railties (5.1.3) lib/rails/engine.rb:522:in `call'
puma (3.10.0) lib/puma/configuration.rb:225:in `call'
puma (3.10.0) lib/puma/server.rb:605:in `handle_request'
puma (3.10.0) lib/puma/server.rb:437:in `process_client'
puma (3.10.0) lib/puma/server.rb:301:in `block in run'
puma (3.10.0) lib/puma/thread_pool.rb:120:in `block in spawn_thread'
Started GET "/oceans" for 127.0.0.1 at 2017-08-23 00:12:16 +1000
Processing by OceansController#index as HTML
  Rendering oceans/index.html.erb within layouts/application
  [1m[36mOcean Load (0.2ms)[0m  [1m[34mSELECT "oceans".* FROM "oceans"[0m
  Rendered oceans/index.html.erb within layouts/application (1.5ms)
Completed 200 OK in 72ms (Views: 68.9ms | ActiveRecord: 0.2ms)


Started GET "/images/ocean_background.jpg" for 127.0.0.1 at 2017-08-23 00:12:17 +1000
  
ActionController::RoutingError (No route matches [GET] "/images/ocean_background.jpg"):
  
actionpack (5.1.3) lib/action_dispatch/middleware/debug_exceptions.rb:63:in `call'
web-console (3.5.1) lib/web_console/middleware.rb:135:in `call_app'
web-console (3.5.1) lib/web_console/middleware.rb:28:in `block in call'
web-console (3.5.1) lib/web_console/middleware.rb:18:in `catch'
web-console (3.5.1) lib/web_console/middleware.rb:18:in `call'
actionpack (5.1.3) lib/action_dispatch/middleware/show_exceptions.rb:31:in `call'
railties (5.1.3) lib/rails/rack/logger.rb:36:in `call_app'
railties (5.1.3) lib/rails/rack/logger.rb:24:in `block in call'
activesupport (5.1.3) lib/active_support/tagged_logging.rb:69:in `block in tagged'
activesupport (5.1.3) lib/active_support/tagged_logging.rb:26:in `tagged'
activesupport (5.1.3) lib/active_support/tagged_logging.rb:69:in `tagged'
railties (5.1.3) lib/rails/rack/logger.rb:24:in `call'
sprockets-rails (3.2.0) lib/sprockets/rails/quiet_assets.rb:13:in `call'
actionpack (5.1.3) lib/action_dispatch/middleware/remote_ip.rb:79:in `call'
actionpack (5.1.3) lib/action_dispatch/middleware/request_id.rb:25:in `call'
rack (2.0.3) lib/rack/method_override.rb:22:in `call'
rack (2.0.3) lib/rack/runtime.rb:22:in `call'
activesupport (5.1.3) lib/active_support/cache/strategy/local_cache_middleware.rb:27:in `call'
actionpack (5.1.3) lib/action_dispatch/middleware/executor.rb:12:in `call'
actionpack (5.1.3) lib/action_dispatch/middleware/static.rb:125:in `call'
rack (2.0.3) lib/rack/sendfile.rb:111:in `call'
railties (5.1.3) lib/rails/engine.rb:522:in `call'
puma (3.10.0) lib/puma/configuration.rb:225:in `call'
puma (3.10.0) lib/puma/server.rb:605:in `handle_request'
puma (3.10.0) lib/puma/server.rb:437:in `process_client'
puma (3.10.0) lib/puma/server.rb:301:in `block in run'
puma (3.10.0) lib/puma/thread_pool.rb:120:in `block in spawn_thread'
Started GET "/oceans" for 127.0.0.1 at 2017-08-23 00:12:24 +1000
Processing by OceansController#index as HTML
  Rendering oceans/index.html.erb within layouts/application
  [1m[36mOcean Load (0.3ms)[0m  [1m[34mSELECT "oceans".* FROM "oceans"[0m
  Rendered oceans/index.html.erb within layouts/application (1.7ms)
Completed 200 OK in 37ms (Views: 34.1ms | ActiveRecord: 0.3ms)


Started GET "/ocean_background.jpg" for 127.0.0.1 at 2017-08-23 00:12:25 +1000
  
ActionController::RoutingError (No route matches [GET] "/ocean_background.jpg"):
  
actionpack (5.1.3) lib/action_dispatch/middleware/debug_exceptions.rb:63:in `call'
web-console (3.5.1) lib/web_console/middleware.rb:135:in `call_app'
web-console (3.5.1) lib/web_console/middleware.rb:28:in `block in call'
web-console (3.5.1) lib/web_console/middleware.rb:18:in `catch'
web-console (3.5.1) lib/web_console/middleware.rb:18:in `call'
actionpack (5.1.3) lib/action_dispatch/middleware/show_exceptions.rb:31:in `call'
railties (5.1.3) lib/rails/rack/logger.rb:36:in `call_app'
railties (5.1.3) lib/rails/rack/logger.rb:24:in `block in call'
activesupport (5.1.3) lib/active_support/tagged_logging.rb:69:in `block in tagged'
activesupport (5.1.3) lib/active_support/tagged_logging.rb:26:in `tagged'
activesupport (5.1.3) lib/active_support/tagged_logging.rb:69:in `tagged'
railties (5.1.3) lib/rails/rack/logger.rb:24:in `call'
sprockets-rails (3.2.0) lib/sprockets/rails/quiet_assets.rb:13:in `call'
actionpack (5.1.3) lib/action_dispatch/middleware/remote_ip.rb:79:in `call'
actionpack (5.1.3) lib/action_dispatch/middleware/request_id.rb:25:in `call'
rack (2.0.3) lib/rack/method_override.rb:22:in `call'
rack (2.0.3) lib/rack/runtime.rb:22:in `call'
activesupport (5.1.3) lib/active_support/cache/strategy/local_cache_middleware.rb:27:in `call'
actionpack (5.1.3) lib/action_dispatch/middleware/executor.rb:12:in `call'
actionpack (5.1.3) lib/action_dispatch/middleware/static.rb:125:in `call'
rack (2.0.3) lib/rack/sendfile.rb:111:in `call'
railties (5.1.3) lib/rails/engine.rb:522:in `call'
puma (3.10.0) lib/puma/configuration.rb:225:in `call'
puma (3.10.0) lib/puma/server.rb:605:in `handle_request'
puma (3.10.0) lib/puma/server.rb:437:in `process_client'
puma (3.10.0) lib/puma/server.rb:301:in `block in run'
puma (3.10.0) lib/puma/thread_pool.rb:120:in `block in spawn_thread'
Started GET "/oceans" for 127.0.0.1 at 2017-08-23 00:12:26 +1000
Processing by OceansController#index as HTML
  Rendering oceans/index.html.erb within layouts/application
  [1m[36mOcean Load (0.2ms)[0m  [1m[34mSELECT "oceans".* FROM "oceans"[0m
  Rendered oceans/index.html.erb within layouts/application (1.4ms)
Completed 200 OK in 24ms (Views: 21.2ms | ActiveRecord: 0.2ms)


Started GET "/ocean_background.jpg" for 127.0.0.1 at 2017-08-23 00:12:26 +1000
  
ActionController::RoutingError (No route matches [GET] "/ocean_background.jpg"):
  
actionpack (5.1.3) lib/action_dispatch/middleware/debug_exceptions.rb:63:in `call'
web-console (3.5.1) lib/web_console/middleware.rb:135:in `call_app'
web-console (3.5.1) lib/web_console/middleware.rb:28:in `block in call'
web-console (3.5.1) lib/web_console/middleware.rb:18:in `catch'
web-console (3.5.1) lib/web_console/middleware.rb:18:in `call'
actionpack (5.1.3) lib/action_dispatch/middleware/show_exceptions.rb:31:in `call'
railties (5.1.3) lib/rails/rack/logger.rb:36:in `call_app'
railties (5.1.3) lib/rails/rack/logger.rb:24:in `block in call'
activesupport (5.1.3) lib/active_support/tagged_logging.rb:69:in `block in tagged'
activesupport (5.1.3) lib/active_support/tagged_logging.rb:26:in `tagged'
activesupport (5.1.3) lib/active_support/tagged_logging.rb:69:in `tagged'
railties (5.1.3) lib/rails/rack/logger.rb:24:in `call'
sprockets-rails (3.2.0) lib/sprockets/rails/quiet_assets.rb:13:in `call'
actionpack (5.1.3) lib/action_dispatch/middleware/remote_ip.rb:79:in `call'
actionpack (5.1.3) lib/action_dispatch/middleware/request_id.rb:25:in `call'
rack (2.0.3) lib/rack/method_override.rb:22:in `call'
rack (2.0.3) lib/rack/runtime.rb:22:in `call'
activesupport (5.1.3) lib/active_support/cache/strategy/local_cache_middleware.rb:27:in `call'
actionpack (5.1.3) lib/action_dispatch/middleware/executor.rb:12:in `call'
actionpack (5.1.3) lib/action_dispatch/middleware/static.rb:125:in `call'
rack (2.0.3) lib/rack/sendfile.rb:111:in `call'
railties (5.1.3) lib/rails/engine.rb:522:in `call'
puma (3.10.0) lib/puma/configuration.rb:225:in `call'
puma (3.10.0) lib/puma/server.rb:605:in `handle_request'
puma (3.10.0) lib/puma/server.rb:437:in `process_client'
puma (3.10.0) lib/puma/server.rb:301:in `block in run'
puma (3.10.0) lib/puma/thread_pool.rb:120:in `block in spawn_thread'
Started GET "/oceans" for 127.0.0.1 at 2017-08-23 00:12:47 +1000
Processing by OceansController#index as HTML
  Rendering oceans/index.html.erb within layouts/application
  [1m[36mOcean Load (0.3ms)[0m  [1m[34mSELECT "oceans".* FROM "oceans"[0m
  Rendered oceans/index.html.erb within layouts/application (1.6ms)
Completed 200 OK in 38ms (Views: 34.8ms | ActiveRecord: 0.3ms)


Started GET "/oceans/new" for 127.0.0.1 at 2017-08-23 00:13:01 +1000
Processing by OceansController#new as HTML
  Rendering oceans/new.html.erb within layouts/application
  Rendered oceans/new.html.erb within layouts/application (0.6ms)
Completed 200 OK in 34ms (Views: 30.0ms | ActiveRecord: 0.0ms)


Started GET "/oceans" for 127.0.0.1 at 2017-08-23 00:13:04 +1000
Processing by OceansController#index as HTML
  Rendering oceans/index.html.erb within layouts/application
  [1m[36mOcean Load (0.4ms)[0m  [1m[34mSELECT "oceans".* FROM "oceans"[0m
  Rendered oceans/index.html.erb within layouts/application (2.1ms)
Completed 200 OK in 48ms (Views: 42.8ms | ActiveRecord: 0.4ms)


Started GET "/oceans/new" for 127.0.0.1 at 2017-08-23 00:13:10 +1000
Processing by OceansController#new as HTML
  Rendering oceans/new.html.erb within layouts/application
  Rendered oceans/new.html.erb within layouts/application (0.8ms)
Completed 200 OK in 41ms (Views: 36.7ms | ActiveRecord: 0.0ms)


Started GET "/oceans/new" for 127.0.0.1 at 2017-08-23 00:13:47 +1000
Processing by OceansController#new as HTML
  Rendering oceans/new.html.erb within layouts/application
  Rendered oceans/new.html.erb within layouts/application (0.4ms)
Completed 200 OK in 108ms (Views: 104.9ms | ActiveRecord: 0.0ms)


Started GET "/oceans/new" for 127.0.0.1 at 2017-08-23 00:13:53 +1000
Processing by OceansController#new as HTML
  Rendering oceans/new.html.erb within layouts/application
  Rendered oceans/new.html.erb within layouts/application (0.6ms)
Completed 200 OK in 31ms (Views: 27.4ms | ActiveRecord: 0.0ms)


Started GET "/oceans" for 127.0.0.1 at 2017-08-23 00:13:54 +1000
Processing by OceansController#index as HTML
  Rendering oceans/index.html.erb within layouts/application
  [1m[36mOcean Load (0.3ms)[0m  [1m[34mSELECT "oceans".* FROM "oceans"[0m
  Rendered oceans/index.html.erb within layouts/application (2.3ms)
Completed 200 OK in 33ms (Views: 27.6ms | ActiveRecord: 0.3ms)


Started GET "/oceans/new" for 127.0.0.1 at 2017-08-23 00:13:58 +1000
Processing by OceansController#new as HTML
  Rendering oceans/new.html.erb within layouts/application
  Rendered oceans/new.html.erb within layouts/application (0.7ms)
Completed 200 OK in 42ms (Views: 37.0ms | ActiveRecord: 0.0ms)


Started GET "/oceans/new" for 127.0.0.1 at 2017-08-23 00:14:42 +1000
Processing by OceansController#new as HTML
  Rendering oceans/new.html.erb within layouts/application
  Rendered oceans/new.html.erb within layouts/application (0.5ms)
Completed 200 OK in 78ms (Views: 75.2ms | ActiveRecord: 0.0ms)


Started GET "/oceans/new" for 127.0.0.1 at 2017-08-23 00:15:46 +1000
Processing by OceansController#new as HTML
  Rendering oceans/new.html.erb within layouts/application
  Rendered oceans/new.html.erb within layouts/application (0.5ms)
Completed 200 OK in 422ms (Views: 419.1ms | ActiveRecord: 0.0ms)


Started GET "/oceans/new" for 127.0.0.1 at 2017-08-23 00:15:54 +1000
Processing by OceansController#new as HTML
  Rendering oceans/new.html.erb within layouts/application
  Rendered oceans/new.html.erb within layouts/application (0.7ms)
Completed 200 OK in 95ms (Views: 91.2ms | ActiveRecord: 0.0ms)


Started GET "/oceans" for 127.0.0.1 at 2017-08-23 00:15:54 +1000
Processing by OceansController#index as HTML
  Rendering oceans/index.html.erb within layouts/application
  [1m[36mOcean Load (14.2ms)[0m  [1m[34mSELECT "oceans".* FROM "oceans"[0m
  Rendered oceans/index.html.erb within layouts/application (16.0ms)
Completed 200 OK in 58ms (Views: 25.4ms | ActiveRecord: 14.2ms)


Started GET "/oceans/new" for 127.0.0.1 at 2017-08-23 00:15:57 +1000
Processing by OceansController#new as HTML
  Rendering oceans/new.html.erb within layouts/application
  Rendered oceans/new.html.erb within layouts/application (1.2ms)
Completed 200 OK in 100ms (Views: 95.8ms | ActiveRecord: 0.0ms)


Started POST "/oceans" for 127.0.0.1 at 2017-08-23 00:17:53 +1000
Processing by OceansController#create as HTML
  Parameters: {"name"=>"Pacific Ocean", "image"=>"http://cdn.whatarethe7continents.com/wp-content/uploads/2013/08/pacific-ocean-map.png", "area"=>"161", "depth"=>"4280"}
  [1m[35m (0.1ms)[0m  [1m[36mbegin transaction[0m
  [1m[35mSQL (18.2ms)[0m  [1m[32mINSERT INTO "oceans" ("name", "image", "area", "depth", "created_at", "updated_at") VALUES (?, ?, ?, ?, ?, ?)[0m  [["name", "Pacific Ocean"], ["image", "http://cdn.whatarethe7continents.com/wp-content/uploads/2013/08/pacific-ocean-map.png"], ["area", "161"], ["depth", 4280.0], ["created_at", "2017-08-22 14:17:53.269888"], ["updated_at", "2017-08-22 14:17:53.269888"]]
  [1m[35m (11.6ms)[0m  [1m[36mcommit transaction[0m
Redirected to http://localhost:3000/oceans/1
Completed 302 Found in 56ms (ActiveRecord: 30.7ms)


Started GET "/oceans/1" for 127.0.0.1 at 2017-08-23 00:17:53 +1000
Processing by OceansController#show as HTML
  Parameters: {"id"=>"1"}
  [1m[36mOcean Load (0.5ms)[0m  [1m[34mSELECT  "oceans".* FROM "oceans" WHERE "oceans"."id" = ? LIMIT ?[0m  [["id", 1], ["LIMIT", 1]]
  Rendering oceans/show.html.erb within layouts/application
  Rendered oceans/show.html.erb within layouts/application (1.7ms)
Completed 200 OK in 163ms (Views: 25.6ms | ActiveRecord: 0.5ms)


Started GET "/oceans/1" for 127.0.0.1 at 2017-08-23 00:18:32 +1000
Processing by OceansController#show as HTML
  Parameters: {"id"=>"1"}
  [1m[36mOcean Load (0.3ms)[0m  [1m[34mSELECT  "oceans".* FROM "oceans" WHERE "oceans"."id" = ? LIMIT ?[0m  [["id", 1], ["LIMIT", 1]]
  Rendering oceans/show.html.erb within layouts/application
  Rendered oceans/show.html.erb within layouts/application (1.5ms)
Completed 200 OK in 65ms (Views: 62.1ms | ActiveRecord: 0.3ms)


Started GET "/oceans" for 127.0.0.1 at 2017-08-23 00:18:35 +1000
Processing by OceansController#index as HTML
  Rendering oceans/index.html.erb within layouts/application
  [1m[36mOcean Load (0.5ms)[0m  [1m[34mSELECT "oceans".* FROM "oceans"[0m
  Rendered oceans/index.html.erb within layouts/application (2.8ms)
Completed 200 OK in 36ms (Views: 31.3ms | ActiveRecord: 0.5ms)


Started GET "/oceans/1" for 127.0.0.1 at 2017-08-23 00:18:38 +1000
Processing by OceansController#show as HTML
  Parameters: {"id"=>"1"}
  [1m[36mOcean Load (0.2ms)[0m  [1m[34mSELECT  "oceans".* FROM "oceans" WHERE "oceans"."id" = ? LIMIT ?[0m  [["id", 1], ["LIMIT", 1]]
  Rendering oceans/show.html.erb within layouts/application
  Rendered oceans/show.html.erb within layouts/application (2.4ms)
Completed 200 OK in 35ms (Views: 31.2ms | ActiveRecord: 0.2ms)


Started GET "/oceans" for 127.0.0.1 at 2017-08-23 00:18:40 +1000
Processing by OceansController#index as HTML
  Rendering oceans/index.html.erb within layouts/application
  [1m[36mOcean Load (0.3ms)[0m  [1m[34mSELECT "oceans".* FROM "oceans"[0m
  Rendered oceans/index.html.erb within layouts/application (2.6ms)
Completed 200 OK in 44ms (Views: 38.7ms | ActiveRecord: 0.3ms)


Started GET "/oceans/1" for 127.0.0.1 at 2017-08-23 00:18:42 +1000
Processing by OceansController#show as HTML
  Parameters: {"id"=>"1"}
  [1m[36mOcean Load (0.3ms)[0m  [1m[34mSELECT  "oceans".* FROM "oceans" WHERE "oceans"."id" = ? LIMIT ?[0m  [["id", 1], ["LIMIT", 1]]
  Rendering oceans/show.html.erb within layouts/application
  Rendered oceans/show.html.erb within layouts/application (2.2ms)
Completed 200 OK in 43ms (Views: 37.2ms | ActiveRecord: 0.3ms)


Started GET "/oceans" for 127.0.0.1 at 2017-08-23 00:18:46 +1000
Processing by OceansController#index as HTML
  Rendering oceans/index.html.erb within layouts/application
  [1m[36mOcean Load (0.4ms)[0m  [1m[34mSELECT "oceans".* FROM "oceans"[0m
  Rendered oceans/index.html.erb within layouts/application (2.1ms)
Completed 200 OK in 67ms (Views: 61.2ms | ActiveRecord: 0.4ms)


Started GET "/oceans" for 127.0.0.1 at 2017-08-23 00:19:25 +1000
Processing by OceansController#index as HTML
  Rendering oceans/index.html.erb within layouts/application
  [1m[36mOcean Load (0.4ms)[0m  [1m[34mSELECT "oceans".* FROM "oceans"[0m
  Rendered oceans/index.html.erb within layouts/application (2.1ms)
Completed 200 OK in 62ms (Views: 58.5ms | ActiveRecord: 0.4ms)


Started GET "/oceans" for 127.0.0.1 at 2017-08-23 00:19:41 +1000
Processing by OceansController#index as HTML
  Rendering oceans/index.html.erb within layouts/application
  [1m[36mOcean Load (0.3ms)[0m  [1m[34mSELECT "oceans".* FROM "oceans"[0m
  Rendered oceans/index.html.erb within layouts/application (2.0ms)
Completed 200 OK in 42ms (Views: 39.4ms | ActiveRecord: 0.3ms)


Started GET "/oceans" for 127.0.0.1 at 2017-08-23 00:20:32 +1000
Processing by OceansController#index as HTML
  Rendering oceans/index.html.erb within layouts/application
  [1m[36mOcean Load (0.3ms)[0m  [1m[34mSELECT "oceans".* FROM "oceans"[0m
  Rendered oceans/index.html.erb within layouts/application (2.0ms)
Completed 200 OK in 123ms (Views: 118.9ms | ActiveRecord: 0.3ms)


Started GET "/oceans/new" for 127.0.0.1 at 2017-08-23 00:20:41 +1000
Processing by OceansController#new as HTML
  Rendering oceans/new.html.erb within layouts/application
  Rendered oceans/new.html.erb within layouts/application (0.6ms)
Completed 200 OK in 28ms (Views: 24.5ms | ActiveRecord: 0.0ms)


Started GET "/oceans" for 127.0.0.1 at 2017-08-23 00:20:43 +1000
Processing by OceansController#index as HTML
  Rendering oceans/index.html.erb within layouts/application
  [1m[36mOcean Load (0.4ms)[0m  [1m[34mSELECT "oceans".* FROM "oceans"[0m
  Rendered oceans/index.html.erb within layouts/application (2.8ms)
Completed 200 OK in 48ms (Views: 43.5ms | ActiveRecord: 0.4ms)


Started GET "/oceans/1" for 127.0.0.1 at 2017-08-23 00:20:43 +1000
Processing by OceansController#show as HTML
  Parameters: {"id"=>"1"}
  [1m[36mOcean Load (0.3ms)[0m  [1m[34mSELECT  "oceans".* FROM "oceans" WHERE "oceans"."id" = ? LIMIT ?[0m  [["id", 1], ["LIMIT", 1]]
  Rendering oceans/show.html.erb within layouts/application
  Rendered oceans/show.html.erb within layouts/application (2.3ms)
Completed 200 OK in 30ms (Views: 25.4ms | ActiveRecord: 0.3ms)


Started GET "/oceans/1" for 127.0.0.1 at 2017-08-23 00:21:31 +1000
Processing by OceansController#show as HTML
  Parameters: {"id"=>"1"}
  [1m[36mOcean Load (0.2ms)[0m  [1m[34mSELECT  "oceans".* FROM "oceans" WHERE "oceans"."id" = ? LIMIT ?[0m  [["id", 1], ["LIMIT", 1]]
  Rendering oceans/show.html.erb within layouts/application
  Rendered oceans/show.html.erb within layouts/application (1.4ms)
Completed 200 OK in 110ms (Views: 107.5ms | ActiveRecord: 0.2ms)


Started GET "/oceans" for 127.0.0.1 at 2017-08-23 00:21:34 +1000
Processing by OceansController#index as HTML
  Rendering oceans/index.html.erb within layouts/application
  [1m[36mOcean Load (0.3ms)[0m  [1m[34mSELECT "oceans".* FROM "oceans"[0m
  Rendered oceans/index.html.erb within layouts/application (2.4ms)
Completed 200 OK in 44ms (Views: 39.7ms | ActiveRecord: 0.3ms)


Started GET "/oceans/new" for 127.0.0.1 at 2017-08-23 00:21:39 +1000
Processing by OceansController#new as HTML
  Rendering oceans/new.html.erb within layouts/application
  Rendered oceans/new.html.erb within layouts/application (0.7ms)
Completed 200 OK in 29ms (Views: 25.7ms | ActiveRecord: 0.0ms)


Started GET "/oceans" for 127.0.0.1 at 2017-08-23 00:21:42 +1000
Processing by OceansController#index as HTML
  Rendering oceans/index.html.erb within layouts/application
  [1m[36mOcean Load (0.4ms)[0m  [1m[34mSELECT "oceans".* FROM "oceans"[0m
  Rendered oceans/index.html.erb within layouts/application (2.6ms)
Completed 200 OK in 41ms (Views: 34.3ms | ActiveRecord: 0.4ms)


Started GET "/oceans/1" for 127.0.0.1 at 2017-08-23 00:21:44 +1000
Processing by OceansController#show as HTML
  Parameters: {"id"=>"1"}
  [1m[36mOcean Load (0.3ms)[0m  [1m[34mSELECT  "oceans".* FROM "oceans" WHERE "oceans"."id" = ? LIMIT ?[0m  [["id", 1], ["LIMIT", 1]]
  Rendering oceans/show.html.erb within layouts/application
  Rendered oceans/show.html.erb within layouts/application (2.6ms)
Completed 200 OK in 57ms (Views: 51.3ms | ActiveRecord: 0.3ms)


Started GET "/oceans/new" for 127.0.0.1 at 2017-08-23 00:21:48 +1000
Processing by OceansController#new as HTML
  Rendering oceans/new.html.erb within layouts/application
  Rendered oceans/new.html.erb within layouts/application (0.6ms)
Completed 200 OK in 45ms (Views: 41.6ms | ActiveRecord: 0.0ms)


Started GET "/oceans/new" for 127.0.0.1 at 2017-08-23 00:22:27 +1000
Processing by OceansController#new as HTML
  Rendering oceans/new.html.erb within layouts/application
  Rendered oceans/new.html.erb within layouts/application (0.4ms)
Completed 200 OK in 81ms (Views: 79.4ms | ActiveRecord: 0.0ms)


Started GET "/oceans/new" for 127.0.0.1 at 2017-08-23 00:23:04 +1000
Processing by OceansController#new as HTML
  Rendering oceans/new.html.erb within layouts/application
  Rendered oceans/new.html.erb within layouts/application (0.6ms)
Completed 200 OK in 254ms (Views: 250.7ms | ActiveRecord: 0.0ms)


Started GET "/oceans" for 127.0.0.1 at 2017-08-23 00:23:12 +1000
Processing by OceansController#index as HTML
  Rendering oceans/index.html.erb within layouts/application
  [1m[36mOcean Load (0.3ms)[0m  [1m[34mSELECT "oceans".* FROM "oceans"[0m
  Rendered oceans/index.html.erb within layouts/application (2.2ms)
Completed 200 OK in 29ms (Views: 25.3ms | ActiveRecord: 0.3ms)


Started GET "/oceans/new" for 127.0.0.1 at 2017-08-23 00:23:14 +1000
Processing by OceansController#new as HTML
  Rendering oceans/new.html.erb within layouts/application
  Rendered oceans/new.html.erb within layouts/application (0.7ms)
Completed 200 OK in 38ms (Views: 34.5ms | ActiveRecord: 0.0ms)


Started GET "/oceans" for 127.0.0.1 at 2017-08-23 00:23:18 +1000
Processing by OceansController#index as HTML
  Rendering oceans/index.html.erb within layouts/application
  [1m[36mOcean Load (0.4ms)[0m  [1m[34mSELECT "oceans".* FROM "oceans"[0m
  Rendered oceans/index.html.erb within layouts/application (3.0ms)
Completed 200 OK in 41ms (Views: 36.3ms | ActiveRecord: 0.4ms)


Started GET "/oceans/new" for 127.0.0.1 at 2017-08-23 00:23:19 +1000
Processing by OceansController#new as HTML
  Rendering oceans/new.html.erb within layouts/application
  Rendered oceans/new.html.erb within layouts/application (1.0ms)
Completed 200 OK in 37ms (Views: 33.2ms | ActiveRecord: 0.0ms)


Started GET "/oceans" for 127.0.0.1 at 2017-08-23 00:23:20 +1000
Processing by OceansController#index as HTML
  Rendering oceans/index.html.erb within layouts/application
  [1m[36mOcean Load (0.3ms)[0m  [1m[34mSELECT "oceans".* FROM "oceans"[0m
  Rendered oceans/index.html.erb within layouts/application (2.1ms)
Completed 200 OK in 44ms (Views: 39.5ms | ActiveRecord: 0.3ms)


Started GET "/oceans/1" for 127.0.0.1 at 2017-08-23 00:23:21 +1000
Processing by OceansController#show as HTML
  Parameters: {"id"=>"1"}
  [1m[36mOcean Load (0.3ms)[0m  [1m[34mSELECT  "oceans".* FROM "oceans" WHERE "oceans"."id" = ? LIMIT ?[0m  [["id", 1], ["LIMIT", 1]]
  Rendering oceans/show.html.erb within layouts/application
  Rendered oceans/show.html.erb within layouts/application (2.5ms)
Completed 200 OK in 47ms (Views: 42.7ms | ActiveRecord: 0.3ms)


Started GET "/oceans" for 127.0.0.1 at 2017-08-23 00:23:27 +1000
Processing by OceansController#index as HTML
  Rendering oceans/index.html.erb within layouts/application
  [1m[36mOcean Load (0.4ms)[0m  [1m[34mSELECT "oceans".* FROM "oceans"[0m
  Rendered oceans/index.html.erb within layouts/application (2.8ms)
Completed 200 OK in 43ms (Views: 38.7ms | ActiveRecord: 0.4ms)


Started GET "/oceans/new" for 127.0.0.1 at 2017-08-23 00:24:04 +1000
Processing by OceansController#new as HTML
  Rendering oceans/new.html.erb within layouts/application
  Rendered oceans/new.html.erb within layouts/application (0.8ms)
Completed 200 OK in 39ms (Views: 35.4ms | ActiveRecord: 0.0ms)


Started POST "/oceans" for 127.0.0.1 at 2017-08-23 00:26:07 +1000
Processing by OceansController#create as HTML
  Parameters: {"name"=>"Atlantic Ocean", "image"=>"http://cdn.whatarethe7continents.com/wp-content/uploads/2013/08/atlantic-ocean-map-1.png", "area"=>"106", "depth"=>"8486"}
  [1m[35m (0.1ms)[0m  [1m[36mbegin transaction[0m
  [1m[35mSQL (16.0ms)[0m  [1m[32mINSERT INTO "oceans" ("name", "image", "area", "depth", "created_at", "updated_at") VALUES (?, ?, ?, ?, ?, ?)[0m  [["name", "Atlantic Ocean"], ["image", "http://cdn.whatarethe7continents.com/wp-content/uploads/2013/08/atlantic-ocean-map-1.png"], ["area", "106"], ["depth", 8486.0], ["created_at", "2017-08-22 14:26:07.275422"], ["updated_at", "2017-08-22 14:26:07.275422"]]
  [1m[35m (3.8ms)[0m  [1m[36mcommit transaction[0m
Redirected to http://localhost:3000/oceans/2
Completed 302 Found in 24ms (ActiveRecord: 19.8ms)


Started GET "/oceans/2" for 127.0.0.1 at 2017-08-23 00:26:07 +1000
Processing by OceansController#show as HTML
  Parameters: {"id"=>"2"}
  [1m[36mOcean Load (0.3ms)[0m  [1m[34mSELECT  "oceans".* FROM "oceans" WHERE "oceans"."id" = ? LIMIT ?[0m  [["id", 2], ["LIMIT", 1]]
  Rendering oceans/show.html.erb within layouts/application
  Rendered oceans/show.html.erb within layouts/application (2.0ms)
Completed 200 OK in 40ms (Views: 35.1ms | ActiveRecord: 0.3ms)


Started GET "/oceans" for 127.0.0.1 at 2017-08-23 00:26:16 +1000
Processing by OceansController#index as HTML
  Rendering oceans/index.html.erb within layouts/application
  [1m[36mOcean Load (0.4ms)[0m  [1m[34mSELECT "oceans".* FROM "oceans"[0m
  Rendered oceans/index.html.erb within layouts/application (2.9ms)
Completed 200 OK in 29ms (Views: 25.4ms | ActiveRecord: 0.4ms)


Started GET "/oceans/1" for 127.0.0.1 at 2017-08-23 00:26:17 +1000
Processing by OceansController#show as HTML
  Parameters: {"id"=>"1"}
  [1m[36mOcean Load (0.3ms)[0m  [1m[34mSELECT  "oceans".* FROM "oceans" WHERE "oceans"."id" = ? LIMIT ?[0m  [["id", 1], ["LIMIT", 1]]
  Rendering oceans/show.html.erb within layouts/application
  Rendered oceans/show.html.erb within layouts/application (2.3ms)
Completed 200 OK in 29ms (Views: 24.7ms | ActiveRecord: 0.3ms)


Started GET "/oceans" for 127.0.0.1 at 2017-08-23 00:26:18 +1000
Processing by OceansController#index as HTML
  Rendering oceans/index.html.erb within layouts/application
  [1m[36mOcean Load (0.4ms)[0m  [1m[34mSELECT "oceans".* FROM "oceans"[0m
  Rendered oceans/index.html.erb within layouts/application (2.8ms)
Completed 200 OK in 38ms (Views: 33.6ms | ActiveRecord: 0.4ms)


Started GET "/oceans/2" for 127.0.0.1 at 2017-08-23 00:26:19 +1000
Processing by OceansController#show as HTML
  Parameters: {"id"=>"2"}
  [1m[36mOcean Load (0.2ms)[0m  [1m[34mSELECT  "oceans".* FROM "oceans" WHERE "oceans"."id" = ? LIMIT ?[0m  [["id", 2], ["LIMIT", 1]]
  Rendering oceans/show.html.erb within layouts/application
  Rendered oceans/show.html.erb within layouts/application (2.3ms)
Completed 200 OK in 38ms (Views: 32.8ms | ActiveRecord: 0.2ms)


Started GET "/oceans/new" for 127.0.0.1 at 2017-08-23 00:26:20 +1000
Processing by OceansController#new as HTML
  Rendering oceans/new.html.erb within layouts/application
  Rendered oceans/new.html.erb within layouts/application (0.8ms)
Completed 200 OK in 34ms (Views: 30.8ms | ActiveRecord: 0.0ms)


Started POST "/oceans" for 127.0.0.1 at 2017-08-23 00:27:41 +1000
Processing by OceansController#create as HTML
  Parameters: {"name"=>"Indian Ocean", "image"=>"http://cdn.whatarethe7continents.com/wp-content/uploads/2013/08/indian-ocean-map.png", "area"=>"73", "depth"=>"3890"}
  [1m[35m (0.1ms)[0m  [1m[36mbegin transaction[0m
  [1m[35mSQL (0.5ms)[0m  [1m[32mINSERT INTO "oceans" ("name", "image", "area", "depth", "created_at", "updated_at") VALUES (?, ?, ?, ?, ?, ?)[0m  [["name", "Indian Ocean"], ["image", "http://cdn.whatarethe7continents.com/wp-content/uploads/2013/08/indian-ocean-map.png"], ["area", "73"], ["depth", 3890.0], ["created_at", "2017-08-22 14:27:41.089669"], ["updated_at", "2017-08-22 14:27:41.089669"]]
  [1m[35m (2.5ms)[0m  [1m[36mcommit transaction[0m
Redirected to http://localhost:3000/oceans/3
Completed 302 Found in 7ms (ActiveRecord: 3.2ms)


Started GET "/oceans/3" for 127.0.0.1 at 2017-08-23 00:27:41 +1000
Processing by OceansController#show as HTML
  Parameters: {"id"=>"3"}
  [1m[36mOcean Load (0.2ms)[0m  [1m[34mSELECT  "oceans".* FROM "oceans" WHERE "oceans"."id" = ? LIMIT ?[0m  [["id", 3], ["LIMIT", 1]]
  Rendering oceans/show.html.erb within layouts/application
  Rendered oceans/show.html.erb within layouts/application (1.9ms)
Completed 200 OK in 36ms (Views: 33.0ms | ActiveRecord: 0.2ms)


Started GET "/oceans" for 127.0.0.1 at 2017-08-23 00:28:00 +1000
Processing by OceansController#index as HTML
  Rendering oceans/index.html.erb within layouts/application
  [1m[36mOcean Load (0.5ms)[0m  [1m[34mSELECT "oceans".* FROM "oceans"[0m
  Rendered oceans/index.html.erb within layouts/application (3.3ms)
Completed 200 OK in 35ms (Views: 31.7ms | ActiveRecord: 0.5ms)


Started GET "/oceans/new" for 127.0.0.1 at 2017-08-23 00:28:03 +1000
Processing by OceansController#new as HTML
  Rendering oceans/new.html.erb within layouts/application
  Rendered oceans/new.html.erb within layouts/application (0.7ms)
Completed 200 OK in 26ms (Views: 22.3ms | ActiveRecord: 0.0ms)


Started POST "/oceans" for 127.0.0.1 at 2017-08-23 00:29:27 +1000
Processing by OceansController#create as HTML
  Parameters: {"name"=>"Southern Ocean", "image"=>"http://cdn.whatarethe7continents.com/wp-content/uploads/2013/08/southern-ocean-map.png", "area"=>"20", "depth"=>"3963"}
  [1m[35m (0.1ms)[0m  [1m[36mbegin transaction[0m
  [1m[35mSQL (0.5ms)[0m  [1m[32mINSERT INTO "oceans" ("name", "image", "area", "depth", "created_at", "updated_at") VALUES (?, ?, ?, ?, ?, ?)[0m  [["name", "Southern Ocean"], ["image", "http://cdn.whatarethe7continents.com/wp-content/uploads/2013/08/southern-ocean-map.png"], ["area", "20"], ["depth", 3963.0], ["created_at", "2017-08-22 14:29:27.104632"], ["updated_at", "2017-08-22 14:29:27.104632"]]
  [1m[35m (1.8ms)[0m  [1m[36mcommit transaction[0m
Redirected to http://localhost:3000/oceans/4
Completed 302 Found in 5ms (ActiveRecord: 2.4ms)


Started GET "/oceans/4" for 127.0.0.1 at 2017-08-23 00:29:27 +1000
Processing by OceansController#show as HTML
  Parameters: {"id"=>"4"}
  [1m[36mOcean Load (0.3ms)[0m  [1m[34mSELECT  "oceans".* FROM "oceans" WHERE "oceans"."id" = ? LIMIT ?[0m  [["id", 4], ["LIMIT", 1]]
  Rendering oceans/show.html.erb within layouts/application
  Rendered oceans/show.html.erb within layouts/application (1.5ms)
Completed 200 OK in 89ms (Views: 84.4ms | ActiveRecord: 0.3ms)


Started GET "/oceans" for 127.0.0.1 at 2017-08-23 00:29:29 +1000
Processing by OceansController#index as HTML
  Rendering oceans/index.html.erb within layouts/application
  [1m[36mOcean Load (0.5ms)[0m  [1m[34mSELECT "oceans".* FROM "oceans"[0m
  Rendered oceans/index.html.erb within layouts/application (3.3ms)
Completed 200 OK in 28ms (Views: 24.3ms | ActiveRecord: 0.5ms)


Started GET "/oceans/1" for 127.0.0.1 at 2017-08-23 00:29:30 +1000
Processing by OceansController#show as HTML
  Parameters: {"id"=>"1"}
  [1m[36mOcean Load (0.2ms)[0m  [1m[34mSELECT  "oceans".* FROM "oceans" WHERE "oceans"."id" = ? LIMIT ?[0m  [["id", 1], ["LIMIT", 1]]
  Rendering oceans/show.html.erb within layouts/application
  Rendered oceans/show.html.erb within layouts/application (1.3ms)
Completed 200 OK in 21ms (Views: 18.0ms | ActiveRecord: 0.2ms)


Started GET "/oceans" for 127.0.0.1 at 2017-08-23 00:29:32 +1000
Processing by OceansController#index as HTML
  Rendering oceans/index.html.erb within layouts/application
  [1m[36mOcean Load (0.4ms)[0m  [1m[34mSELECT "oceans".* FROM "oceans"[0m
  Rendered oceans/index.html.erb within layouts/application (3.5ms)
Completed 200 OK in 42ms (Views: 36.6ms | ActiveRecord: 0.4ms)


Started GET "/oceans/2" for 127.0.0.1 at 2017-08-23 00:29:33 +1000
Processing by OceansController#show as HTML
  Parameters: {"id"=>"2"}
  [1m[36mOcean Load (0.3ms)[0m  [1m[34mSELECT  "oceans".* FROM "oceans" WHERE "oceans"."id" = ? LIMIT ?[0m  [["id", 2], ["LIMIT", 1]]
  Rendering oceans/show.html.erb within layouts/application
  Rendered oceans/show.html.erb within layouts/application (2.3ms)
Completed 200 OK in 30ms (Views: 24.7ms | ActiveRecord: 0.3ms)


Started GET "/oceans" for 127.0.0.1 at 2017-08-23 00:29:35 +1000
Processing by OceansController#index as HTML
  Rendering oceans/index.html.erb within layouts/application
  [1m[36mOcean Load (0.7ms)[0m  [1m[34mSELECT "oceans".* FROM "oceans"[0m
  Rendered oceans/index.html.erb within layouts/application (3.6ms)
Completed 200 OK in 40ms (Views: 34.7ms | ActiveRecord: 0.7ms)


Started GET "/oceans/3" for 127.0.0.1 at 2017-08-23 00:29:36 +1000
Processing by OceansController#show as HTML
  Parameters: {"id"=>"3"}
  [1m[36mOcean Load (0.2ms)[0m  [1m[34mSELECT  "oceans".* FROM "oceans" WHERE "oceans"."id" = ? LIMIT ?[0m  [["id", 3], ["LIMIT", 1]]
  Rendering oceans/show.html.erb within layouts/application
  Rendered oceans/show.html.erb within layouts/application (2.2ms)
Completed 200 OK in 31ms (Views: 26.4ms | ActiveRecord: 0.2ms)


Started GET "/oceans" for 127.0.0.1 at 2017-08-23 00:29:38 +1000
Processing by OceansController#index as HTML
  Rendering oceans/index.html.erb within layouts/application
  [1m[36mOcean Load (0.3ms)[0m  [1m[34mSELECT "oceans".* FROM "oceans"[0m
  Rendered oceans/index.html.erb within layouts/application (2.1ms)
Completed 200 OK in 39ms (Views: 33.7ms | ActiveRecord: 0.3ms)


Started GET "/oceans/4" for 127.0.0.1 at 2017-08-23 00:29:39 +1000
Processing by OceansController#show as HTML
  Parameters: {"id"=>"4"}
  [1m[36mOcean Load (0.3ms)[0m  [1m[34mSELECT  "oceans".* FROM "oceans" WHERE "oceans"."id" = ? LIMIT ?[0m  [["id", 4], ["LIMIT", 1]]
  Rendering oceans/show.html.erb within layouts/application
  Rendered oceans/show.html.erb within layouts/application (2.2ms)
Completed 200 OK in 39ms (Views: 33.1ms | ActiveRecord: 0.3ms)


Started GET "/oceans" for 127.0.0.1 at 2017-08-23 00:29:40 +1000
Processing by OceansController#index as HTML
  Rendering oceans/index.html.erb within layouts/application
  [1m[36mOcean Load (0.4ms)[0m  [1m[34mSELECT "oceans".* FROM "oceans"[0m
  Rendered oceans/index.html.erb within layouts/application (3.1ms)
Completed 200 OK in 38ms (Views: 33.1ms | ActiveRecord: 0.4ms)


Started GET "/oceans/new" for 127.0.0.1 at 2017-08-23 00:29:41 +1000
Processing by OceansController#new as HTML
  Rendering oceans/new.html.erb within layouts/application
  Rendered oceans/new.html.erb within layouts/application (0.6ms)
Completed 200 OK in 30ms (Views: 26.1ms | ActiveRecord: 0.0ms)


Started GET "/oceans" for 127.0.0.1 at 2017-08-23 00:29:42 +1000
Processing by OceansController#index as HTML
  Rendering oceans/index.html.erb within layouts/application
  [1m[36mOcean Load (0.7ms)[0m  [1m[34mSELECT "oceans".* FROM "oceans"[0m
  Rendered oceans/index.html.erb within layouts/application (3.7ms)
Completed 200 OK in 54ms (Views: 49.4ms | ActiveRecord: 0.6ms)


Started GET "/" for 127.0.0.1 at 2017-09-04 21:29:44 +1000
  [1m[35m (0.3ms)[0m  [1m[34mSELECT "schema_migrations"."version" FROM "schema_migrations" ORDER BY "schema_migrations"."version" ASC[0m
Processing by Rails::WelcomeController#index as HTML
  Rendering /Users/amandasam/.rvm/gems/ruby-2.4.0/gems/railties-5.1.3/lib/rails/templates/rails/welcome/index.html.erb
  Rendered /Users/amandasam/.rvm/gems/ruby-2.4.0/gems/railties-5.1.3/lib/rails/templates/rails/welcome/index.html.erb (7.0ms)
Completed 200 OK in 124ms (Views: 50.4ms | ActiveRecord: 0.0ms)


Started GET "/rails/info/routes" for 127.0.0.1 at 2017-09-04 21:31:53 +1000
Processing by Rails::InfoController#routes as HTML
  Rendering /Users/amandasam/.rvm/gems/ruby-2.4.0/gems/railties-5.1.3/lib/rails/templates/rails/info/routes.html.erb within layouts/application
  Rendered collection of /Users/amandasam/.rvm/gems/ruby-2.4.0/gems/actionpack-5.1.3/lib/action_dispatch/middleware/templates/routes/_route.html.erb [7 times] (106.9ms)
  Rendered /Users/amandasam/.rvm/gems/ruby-2.4.0/gems/actionpack-5.1.3/lib/action_dispatch/middleware/templates/routes/_table.html.erb (92.4ms)
  Rendered /Users/amandasam/.rvm/gems/ruby-2.4.0/gems/railties-5.1.3/lib/rails/templates/rails/info/routes.html.erb within layouts/application (247.3ms)
Completed 200 OK in 292ms (Views: 266.8ms | ActiveRecord: 0.0ms)


Started GET "/oceans" for 127.0.0.1 at 2017-09-04 21:32:12 +1000
Processing by OceansController#index as HTML
  Rendering oceans/index.html.erb within layouts/application
  [1m[36mOcean Load (5.1ms)[0m  [1m[34mSELECT "oceans".* FROM "oceans"[0m
  Rendered oceans/index.html.erb within layouts/application (87.9ms)
Completed 200 OK in 1040ms (Views: 1002.4ms | ActiveRecord: 6.8ms)


Started GET "/oceans" for 127.0.0.1 at 2017-09-04 21:32:23 +1000
Processing by OceansController#index as HTML
  Rendering oceans/index.html.erb within layouts/application
  [1m[36mOcean Load (0.4ms)[0m  [1m[34mSELECT "oceans".* FROM "oceans"[0m
  Rendered oceans/index.html.erb within layouts/application (2.2ms)
Completed 200 OK in 27ms (Views: 22.2ms | ActiveRecord: 0.4ms)


Started GET "/oceans/new" for 127.0.0.1 at 2017-09-04 21:32:23 +1000
Processing by OceansController#new as HTML
  Rendering oceans/new.html.erb within layouts/application
  Rendered oceans/new.html.erb within layouts/application (0.5ms)
Completed 200 OK in 42ms (Views: 19.1ms | ActiveRecord: 0.0ms)


Started GET "/oceans" for 127.0.0.1 at 2017-09-04 21:32:27 +1000
Processing by OceansController#index as HTML
  Rendering oceans/index.html.erb within layouts/application
  [1m[36mOcean Load (0.4ms)[0m  [1m[34mSELECT "oceans".* FROM "oceans"[0m
  Rendered oceans/index.html.erb within layouts/application (3.5ms)
Completed 200 OK in 44ms (Views: 39.0ms | ActiveRecord: 0.4ms)


Started GET "/oceans/1" for 127.0.0.1 at 2017-09-04 21:32:29 +1000
Processing by OceansController#show as HTML
  Parameters: {"id"=>"1"}
  [1m[36mOcean Load (0.3ms)[0m  [1m[34mSELECT  "oceans".* FROM "oceans" WHERE "oceans"."id" = ? LIMIT ?[0m  [["id", 1], ["LIMIT", 1]]
  Rendering oceans/show.html.erb within layouts/application
  Rendered oceans/show.html.erb within layouts/application (1.3ms)
Completed 200 OK in 55ms (Views: 18.0ms | ActiveRecord: 0.3ms)


Started GET "/oceans" for 127.0.0.1 at 2017-09-04 21:32:32 +1000
Processing by OceansController#index as HTML
  Rendering oceans/index.html.erb within layouts/application
  [1m[36mOcean Load (0.4ms)[0m  [1m[34mSELECT "oceans".* FROM "oceans"[0m
  Rendered oceans/index.html.erb within layouts/application (3.5ms)
Completed 200 OK in 44ms (Views: 39.1ms | ActiveRecord: 0.4ms)


Started GET "/oceans/2" for 127.0.0.1 at 2017-09-04 21:32:34 +1000
Processing by OceansController#show as HTML
  Parameters: {"id"=>"2"}
  [1m[36mOcean Load (0.3ms)[0m  [1m[34mSELECT  "oceans".* FROM "oceans" WHERE "oceans"."id" = ? LIMIT ?[0m  [["id", 2], ["LIMIT", 1]]
  Rendering oceans/show.html.erb within layouts/application
  Rendered oceans/show.html.erb within layouts/application (2.1ms)
Completed 200 OK in 28ms (Views: 23.1ms | ActiveRecord: 0.3ms)


Started GET "/oceans" for 127.0.0.1 at 2017-09-04 21:32:35 +1000
Processing by OceansController#index as HTML
  Rendering oceans/index.html.erb within layouts/application
  [1m[36mOcean Load (0.4ms)[0m  [1m[34mSELECT "oceans".* FROM "oceans"[0m
  Rendered oceans/index.html.erb within layouts/application (3.4ms)
Completed 200 OK in 43ms (Views: 38.8ms | ActiveRecord: 0.4ms)


Started GET "/oceans/3" for 127.0.0.1 at 2017-09-04 21:32:37 +1000
Processing by OceansController#show as HTML
  Parameters: {"id"=>"3"}
  [1m[36mOcean Load (0.3ms)[0m  [1m[34mSELECT  "oceans".* FROM "oceans" WHERE "oceans"."id" = ? LIMIT ?[0m  [["id", 3], ["LIMIT", 1]]
  Rendering oceans/show.html.erb within layouts/application
  Rendered oceans/show.html.erb within layouts/application (1.7ms)
Completed 200 OK in 28ms (Views: 23.2ms | ActiveRecord: 0.3ms)


Started GET "/oceans" for 127.0.0.1 at 2017-09-04 21:32:38 +1000
Processing by OceansController#index as HTML
  Rendering oceans/index.html.erb within layouts/application
  [1m[36mOcean Load (0.4ms)[0m  [1m[34mSELECT "oceans".* FROM "oceans"[0m
  Rendered oceans/index.html.erb within layouts/application (2.8ms)
Completed 200 OK in 42ms (Views: 38.6ms | ActiveRecord: 0.4ms)


Started GET "/oceans/4" for 127.0.0.1 at 2017-09-04 21:32:39 +1000
Processing by OceansController#show as HTML
  Parameters: {"id"=>"4"}
  [1m[36mOcean Load (0.3ms)[0m  [1m[34mSELECT  "oceans".* FROM "oceans" WHERE "oceans"."id" = ? LIMIT ?[0m  [["id", 4], ["LIMIT", 1]]
  Rendering oceans/show.html.erb within layouts/application
  Rendered oceans/show.html.erb within layouts/application (1.7ms)
Completed 200 OK in 28ms (Views: 23.1ms | ActiveRecord: 0.3ms)


Started GET "/oceans" for 127.0.0.1 at 2017-09-04 21:32:41 +1000
Processing by OceansController#index as HTML
  Rendering oceans/index.html.erb within layouts/application
  [1m[36mOcean Load (0.4ms)[0m  [1m[34mSELECT "oceans".* FROM "oceans"[0m
  Rendered oceans/index.html.erb within layouts/application (3.0ms)
Completed 200 OK in 44ms (Views: 38.4ms | ActiveRecord: 0.4ms)


