  [1m[35m (25.4ms)[0m  [1m[35mCREATE TABLE "schema_migrations" ("version" character varying NOT NULL PRIMARY KEY)[0m
  [1m[35m (19.9ms)[0m  [1m[35mCREATE TABLE "ar_internal_metadata" ("key" character varying NOT NULL PRIMARY KEY, "value" character varying, "created_at" timestamp NOT NULL, "updated_at" timestamp NOT NULL)[0m
  [1m[35m (6.3ms)[0m  [1m[34mSELECT pg_try_advisory_lock(1477257123317732505)[0m
  [1m[35m (1.0ms)[0m  [1m[34mSELECT "schema_migrations"."version" FROM "schema_migrations" ORDER BY "schema_migrations"."version" ASC[0m
Migrating to CreateButterflies (20170912020030)
  [1m[35m (0.3ms)[0m  [1m[35mBEGIN[0m
  [1m[35m (23.9ms)[0m  [1m[35mCREATE TABLE "butterflies" ("id" bigserial primary key, "name" character varying, "family" character varying, "image" text, "created_at" timestamp NOT NULL, "updated_at" timestamp NOT NULL)[0m
  [1m[35mSQL (4.7ms)[0m  [1m[32mINSERT INTO "schema_migrations" ("version") VALUES ($1) RETURNING "version"[0m  [["version", "20170912020030"]]
  [1m[35m (8.3ms)[0m  [1m[35mCOMMIT[0m
Migrating to CreatePlants (20170912020058)
  [1m[35m (4.3ms)[0m  [1m[35mBEGIN[0m
  [1m[35m (12.2ms)[0m  [1m[35mCREATE TABLE "plants" ("id" bigserial primary key, "name" character varying, "image" text, "created_at" timestamp NOT NULL, "updated_at" timestamp NOT NULL)[0m
  [1m[35mSQL (0.4ms)[0m  [1m[32mINSERT INTO "schema_migrations" ("version") VALUES ($1) RETURNING "version"[0m  [["version", "20170912020058"]]
  [1m[35m (0.3ms)[0m  [1m[35mCOMMIT[0m
  [1m[36mActiveRecord::InternalMetadata Load (0.5ms)[0m  [1m[34mSELECT  "ar_internal_metadata".* FROM "ar_internal_metadata" WHERE "ar_internal_metadata"."key" = $1 LIMIT $2[0m  [["key", "environment"], ["LIMIT", 1]]
  [1m[35m (0.3ms)[0m  [1m[35mBEGIN[0m
  [1m[35mSQL (1.7ms)[0m  [1m[32mINSERT INTO "ar_internal_metadata" ("key", "value", "created_at", "updated_at") VALUES ($1, $2, $3, $4) RETURNING "key"[0m  [["key", "environment"], ["value", "development"], ["created_at", "2017-09-12 02:01:38.712805"], ["updated_at", "2017-09-12 02:01:38.712805"]]
  [1m[35m (0.3ms)[0m  [1m[35mCOMMIT[0m
  [1m[35m (0.3ms)[0m  [1m[34mSELECT pg_advisory_unlock(1477257123317732505)[0m
  [1m[35m (6.6ms)[0m  [1m[34mSELECT "schema_migrations"."version" FROM "schema_migrations" ORDER BY "schema_migrations"."version" ASC[0m
  [1m[35m (0.3ms)[0m  [1m[34mSELECT pg_try_advisory_lock(1477257123317732505)[0m
  [1m[35m (1.2ms)[0m  [1m[34mSELECT "schema_migrations"."version" FROM "schema_migrations" ORDER BY "schema_migrations"."version" ASC[0m
Migrating to AddPlantIdToButterflies (20170912020257)
  [1m[35m (0.2ms)[0m  [1m[35mBEGIN[0m
  [1m[35m (29.8ms)[0m  [1m[35mALTER TABLE "butterflies" ADD "plant_id" integer[0m
  [1m[35mSQL (0.5ms)[0m  [1m[32mINSERT INTO "schema_migrations" ("version") VALUES ($1) RETURNING "version"[0m  [["version", "20170912020257"]]
  [1m[35m (0.4ms)[0m  [1m[35mCOMMIT[0m
  [1m[36mActiveRecord::InternalMetadata Load (1.7ms)[0m  [1m[34mSELECT  "ar_internal_metadata".* FROM "ar_internal_metadata" WHERE "ar_internal_metadata"."key" = $1 LIMIT $2[0m  [["key", "environment"], ["LIMIT", 1]]
  [1m[35m (0.2ms)[0m  [1m[35mBEGIN[0m
  [1m[35m (0.6ms)[0m  [1m[35mCOMMIT[0m
  [1m[35m (0.5ms)[0m  [1m[34mSELECT pg_advisory_unlock(1477257123317732505)[0m
  [1m[35m (0.5ms)[0m  [1m[34mSELECT "schema_migrations"."version" FROM "schema_migrations" ORDER BY "schema_migrations"."version" ASC[0m
  [1m[35m (0.9ms)[0m  [1m[34mSELECT "schema_migrations"."version" FROM "schema_migrations" ORDER BY "schema_migrations"."version" ASC[0m
  [1m[36mButterfly Load (2.1ms)[0m  [1m[34mSELECT "butterflies".* FROM "butterflies"[0m
  [1m[35m (0.3ms)[0m  [1m[35mBEGIN[0m
  [1m[35mSQL (1.3ms)[0m  [1m[32mINSERT INTO "butterflies" ("name", "family", "created_at", "updated_at") VALUES ($1, $2, $3, $4) RETURNING "id"[0m  [["name", "Monarch"], ["family", "Nymphalidae"], ["created_at", "2017-09-12 02:07:00.255183"], ["updated_at", "2017-09-12 02:07:00.255183"]]
  [1m[35m (0.9ms)[0m  [1m[35mCOMMIT[0m
  [1m[35m (0.2ms)[0m  [1m[35mBEGIN[0m
  [1m[35mSQL (0.6ms)[0m  [1m[32mINSERT INTO "butterflies" ("name", "family", "created_at", "updated_at") VALUES ($1, $2, $3, $4) RETURNING "id"[0m  [["name", "Blue Triangle"], ["family", "Blue"], ["created_at", "2017-09-12 02:07:00.260108"], ["updated_at", "2017-09-12 02:07:00.260108"]]
  [1m[35m (0.3ms)[0m  [1m[35mCOMMIT[0m
  [1m[36mPlant Load (7.4ms)[0m  [1m[34mSELECT "plants".* FROM "plants"[0m
  [1m[35m (0.2ms)[0m  [1m[35mBEGIN[0m
  [1m[35mSQL (7.4ms)[0m  [1m[32mINSERT INTO "plants" ("name", "created_at", "updated_at") VALUES ($1, $2, $3) RETURNING "id"[0m  [["name", "Milkweed"], ["created_at", "2017-09-12 02:07:00.307677"], ["updated_at", "2017-09-12 02:07:00.307677"]]
  [1m[35m (1.0ms)[0m  [1m[35mCOMMIT[0m
  [1m[35m (1.5ms)[0m  [1m[35mBEGIN[0m
  [1m[35mSQL (0.6ms)[0m  [1m[32mINSERT INTO "plants" ("name", "created_at", "updated_at") VALUES ($1, $2, $3) RETURNING "id"[0m  [["name", "Lantana"], ["created_at", "2017-09-12 02:07:00.320477"], ["updated_at", "2017-09-12 02:07:00.320477"]]
  [1m[35m (0.3ms)[0m  [1m[35mCOMMIT[0m
  [1m[35m (0.2ms)[0m  [1m[35mBEGIN[0m
  [1m[35mSQL (17.2ms)[0m  [1m[33mUPDATE "butterflies" SET "updated_at" = $1, "plant_id" = $2 WHERE "butterflies"."id" = $3[0m  [["updated_at", "2017-09-12 02:07:00.338831"], ["plant_id", 2], ["id", 2]]
  [1m[35m (5.5ms)[0m  [1m[35mCOMMIT[0m
  [1m[35m (1.4ms)[0m  [1m[34mSELECT "schema_migrations"."version" FROM "schema_migrations" ORDER BY "schema_migrations"."version" ASC[0m
  [1m[36mButterfly Load (2.2ms)[0m  [1m[34mSELECT "butterflies".* FROM "butterflies"[0m
  [1m[35m (0.8ms)[0m  [1m[35mBEGIN[0m
  [1m[35mSQL (0.6ms)[0m  [1m[31mDELETE FROM "butterflies" WHERE "butterflies"."id" = $1[0m  [["id", 1]]
  [1m[35m (6.4ms)[0m  [1m[35mCOMMIT[0m
  [1m[35m (0.1ms)[0m  [1m[35mBEGIN[0m
  [1m[35mSQL (0.4ms)[0m  [1m[31mDELETE FROM "butterflies" WHERE "butterflies"."id" = $1[0m  [["id", 2]]
  [1m[35m (60.0ms)[0m  [1m[35mCOMMIT[0m
  [1m[35m (0.2ms)[0m  [1m[35mBEGIN[0m
  [1m[35mSQL (0.6ms)[0m  [1m[32mINSERT INTO "butterflies" ("name", "family", "created_at", "updated_at") VALUES ($1, $2, $3, $4) RETURNING "id"[0m  [["name", "Monarch"], ["family", "Nymphalidae"], ["created_at", "2017-09-12 02:08:12.311077"], ["updated_at", "2017-09-12 02:08:12.311077"]]
  [1m[35m (4.0ms)[0m  [1m[35mCOMMIT[0m
  [1m[35m (0.1ms)[0m  [1m[35mBEGIN[0m
  [1m[35mSQL (2.8ms)[0m  [1m[32mINSERT INTO "butterflies" ("name", "family", "created_at", "updated_at") VALUES ($1, $2, $3, $4) RETURNING "id"[0m  [["name", "Blue Triangle"], ["family", "Blue"], ["created_at", "2017-09-12 02:08:12.338725"], ["updated_at", "2017-09-12 02:08:12.338725"]]
  [1m[35m (0.6ms)[0m  [1m[35mCOMMIT[0m
  [1m[36mPlant Load (0.6ms)[0m  [1m[34mSELECT "plants".* FROM "plants"[0m
  [1m[35m (0.2ms)[0m  [1m[35mBEGIN[0m
  [1m[35mSQL (0.4ms)[0m  [1m[31mDELETE FROM "plants" WHERE "plants"."id" = $1[0m  [["id", 1]]
  [1m[35m (6.4ms)[0m  [1m[35mCOMMIT[0m
  [1m[35m (0.7ms)[0m  [1m[35mBEGIN[0m
  [1m[35mSQL (0.5ms)[0m  [1m[31mDELETE FROM "plants" WHERE "plants"."id" = $1[0m  [["id", 2]]
  [1m[35m (0.3ms)[0m  [1m[35mCOMMIT[0m
  [1m[35m (0.2ms)[0m  [1m[35mBEGIN[0m
  [1m[35mSQL (1.5ms)[0m  [1m[32mINSERT INTO "plants" ("name", "created_at", "updated_at") VALUES ($1, $2, $3) RETURNING "id"[0m  [["name", "Milkweed"], ["created_at", "2017-09-12 02:08:12.385047"], ["updated_at", "2017-09-12 02:08:12.385047"]]
  [1m[35m (0.4ms)[0m  [1m[35mCOMMIT[0m
  [1m[35m (0.1ms)[0m  [1m[35mBEGIN[0m
  [1m[35mSQL (2.2ms)[0m  [1m[32mINSERT INTO "plants" ("name", "created_at", "updated_at") VALUES ($1, $2, $3) RETURNING "id"[0m  [["name", "Lantana"], ["created_at", "2017-09-12 02:08:12.388730"], ["updated_at", "2017-09-12 02:08:12.388730"]]
  [1m[35m (1.0ms)[0m  [1m[35mCOMMIT[0m
  [1m[35m (2.1ms)[0m  [1m[35mBEGIN[0m
  [1m[35mSQL (1.3ms)[0m  [1m[33mUPDATE "butterflies" SET "updated_at" = $1, "plant_id" = $2 WHERE "butterflies"."id" = $3[0m  [["updated_at", "2017-09-12 02:08:12.416073"], ["plant_id", 3], ["id", 3]]
  [1m[35m (6.3ms)[0m  [1m[35mCOMMIT[0m
  [1m[35m (0.9ms)[0m  [1m[34mSELECT "schema_migrations"."version" FROM "schema_migrations" ORDER BY "schema_migrations"."version" ASC[0m
  [1m[36mButterfly Load (0.6ms)[0m  [1m[34mSELECT "butterflies".* FROM "butterflies"[0m
  [1m[35m (0.2ms)[0m  [1m[35mBEGIN[0m
  [1m[35mSQL (0.6ms)[0m  [1m[31mDELETE FROM "butterflies" WHERE "butterflies"."id" = $1[0m  [["id", 4]]
  [1m[35m (5.9ms)[0m  [1m[35mCOMMIT[0m
  [1m[35m (0.2ms)[0m  [1m[35mBEGIN[0m
  [1m[35mSQL (0.3ms)[0m  [1m[31mDELETE FROM "butterflies" WHERE "butterflies"."id" = $1[0m  [["id", 3]]
  [1m[35m (6.1ms)[0m  [1m[35mCOMMIT[0m
  [1m[35m (0.2ms)[0m  [1m[35mBEGIN[0m
  [1m[35mSQL (0.8ms)[0m  [1m[32mINSERT INTO "butterflies" ("name", "family", "created_at", "updated_at") VALUES ($1, $2, $3, $4) RETURNING "id"[0m  [["name", "Monarch"], ["family", "Nymphalidae"], ["created_at", "2017-09-12 02:08:39.616041"], ["updated_at", "2017-09-12 02:08:39.616041"]]
  [1m[35m (5.6ms)[0m  [1m[35mCOMMIT[0m
  [1m[35m (0.1ms)[0m  [1m[35mBEGIN[0m
  [1m[35mSQL (2.0ms)[0m  [1m[32mINSERT INTO "butterflies" ("name", "family", "created_at", "updated_at") VALUES ($1, $2, $3, $4) RETURNING "id"[0m  [["name", "Blue Triangle"], ["family", "Blue"], ["created_at", "2017-09-12 02:08:39.624563"], ["updated_at", "2017-09-12 02:08:39.624563"]]
  [1m[35m (0.3ms)[0m  [1m[35mCOMMIT[0m
  [1m[36mPlant Load (0.8ms)[0m  [1m[34mSELECT "plants".* FROM "plants"[0m
  [1m[35m (0.3ms)[0m  [1m[35mBEGIN[0m
  [1m[35mSQL (0.4ms)[0m  [1m[31mDELETE FROM "plants" WHERE "plants"."id" = $1[0m  [["id", 3]]
  [1m[35m (6.1ms)[0m  [1m[35mCOMMIT[0m
  [1m[35m (1.2ms)[0m  [1m[35mBEGIN[0m
  [1m[35mSQL (2.1ms)[0m  [1m[31mDELETE FROM "plants" WHERE "plants"."id" = $1[0m  [["id", 4]]
  [1m[35m (2.3ms)[0m  [1m[35mCOMMIT[0m
  [1m[35m (0.2ms)[0m  [1m[35mBEGIN[0m
  [1m[35mSQL (0.5ms)[0m  [1m[32mINSERT INTO "plants" ("name", "created_at", "updated_at") VALUES ($1, $2, $3) RETURNING "id"[0m  [["name", "Milkweed"], ["created_at", "2017-09-12 02:08:39.662331"], ["updated_at", "2017-09-12 02:08:39.662331"]]
  [1m[35m (0.3ms)[0m  [1m[35mCOMMIT[0m
  [1m[35m (0.1ms)[0m  [1m[35mBEGIN[0m
  [1m[35mSQL (0.4ms)[0m  [1m[32mINSERT INTO "plants" ("name", "created_at", "updated_at") VALUES ($1, $2, $3) RETURNING "id"[0m  [["name", "Lantana"], ["created_at", "2017-09-12 02:08:39.664640"], ["updated_at", "2017-09-12 02:08:39.664640"]]
  [1m[35m (0.3ms)[0m  [1m[35mCOMMIT[0m
  [1m[35m (0.2ms)[0m  [1m[35mBEGIN[0m
  [1m[35mSQL (0.6ms)[0m  [1m[33mUPDATE "butterflies" SET "updated_at" = $1, "plant_id" = $2 WHERE "butterflies"."id" = $3[0m  [["updated_at", "2017-09-12 02:08:39.681326"], ["plant_id", 5], ["id", 5]]
  [1m[35m (5.6ms)[0m  [1m[35mCOMMIT[0m
  [1m[35m (0.1ms)[0m  [1m[35mBEGIN[0m
  [1m[35mSQL (0.4ms)[0m  [1m[33mUPDATE "butterflies" SET "updated_at" = $1, "plant_id" = $2 WHERE "butterflies"."id" = $3[0m  [["updated_at", "2017-09-12 02:08:39.690186"], ["plant_id", 6], ["id", 6]]
  [1m[35m (5.6ms)[0m  [1m[35mCOMMIT[0m
  [1m[36mPlant Load (0.6ms)[0m  [1m[34mSELECT  "plants".* FROM "plants" ORDER BY "plants"."id" ASC LIMIT $1[0m  [["LIMIT", 1]]
  [1m[36mButterfly Load (0.4ms)[0m  [1m[34mSELECT  "butterflies".* FROM "butterflies" WHERE "butterflies"."plant_id" = $1 LIMIT $2[0m  [["plant_id", 5], ["LIMIT", 11]]
Started GET "/" for 127.0.0.1 at 2017-09-12 12:13:29 +1000
  [1m[35m (0.9ms)[0m  [1m[34mSELECT "schema_migrations"."version" FROM "schema_migrations" ORDER BY "schema_migrations"."version" ASC[0m
Processing by Rails::WelcomeController#index as HTML
  Rendering /Users/MacEnroy/.rvm/gems/ruby-2.4.0/gems/railties-5.1.4/lib/rails/templates/rails/welcome/index.html.erb
  Rendered /Users/MacEnroy/.rvm/gems/ruby-2.4.0/gems/railties-5.1.4/lib/rails/templates/rails/welcome/index.html.erb (5.4ms)
Completed 200 OK in 26ms (Views: 11.1ms | ActiveRecord: 0.0ms)


Started GET "/butterflies" for 127.0.0.1 at 2017-09-12 12:13:34 +1000
Processing by ButterfliesController#index as HTML
  [1m[36mButterfly Load (4.0ms)[0m  [1m[34mSELECT "butterflies".* FROM "butterflies"[0m
Completed 200 OK in 108ms (Views: 37.3ms | ActiveRecord: 58.6ms)


Started GET "/butterflies/1" for 127.0.0.1 at 2017-09-12 12:16:25 +1000
Processing by ButterfliesController#show as HTML
  Parameters: {"id"=>"1"}
  [1m[36mButterfly Load (2.7ms)[0m  [1m[34mSELECT  "butterflies".* FROM "butterflies" WHERE "butterflies"."id" = $1 LIMIT $2[0m  [["id", 1], ["LIMIT", 1]]
Completed 404 Not Found in 30ms (ActiveRecord: 14.3ms)


  
ActiveRecord::RecordNotFound (Couldn't find Butterfly with 'id'=1):
  
app/controllers/butterflies_controller.rb:8:in `show'
Started GET "/butterflies/2" for 127.0.0.1 at 2017-09-12 12:18:04 +1000
Processing by ButterfliesController#show as HTML
  Parameters: {"id"=>"2"}
  [1m[36mButterfly Load (0.4ms)[0m  [1m[34mSELECT  "butterflies".* FROM "butterflies" WHERE "butterflies"."id" = $1 LIMIT $2[0m  [["id", 2], ["LIMIT", 1]]
Completed 404 Not Found in 13ms (ActiveRecord: 0.4ms)


  
ActiveRecord::RecordNotFound (Couldn't find Butterfly with 'id'=2):
  
app/controllers/butterflies_controller.rb:8:in `show'
Started GET "/butterflies/" for 127.0.0.1 at 2017-09-12 12:18:31 +1000
Processing by ButterfliesController#index as HTML
  [1m[36mButterfly Load (3.6ms)[0m  [1m[34mSELECT "butterflies".* FROM "butterflies"[0m
  [1m[36mPlant Load (0.5ms)[0m  [1m[34mSELECT  "plants".* FROM "plants" WHERE "plants"."id" = $1 LIMIT $2[0m  [["id", 5], ["LIMIT", 1]]
  [1m[36mPlant Load (0.7ms)[0m  [1m[34mSELECT  "plants".* FROM "plants" WHERE "plants"."id" = $1 LIMIT $2[0m  [["id", 6], ["LIMIT", 1]]
Completed 200 OK in 101ms (Views: 0.2ms | ActiveRecord: 15.6ms)


Started GET "/butterflies/1" for 127.0.0.1 at 2017-09-12 12:19:14 +1000
Processing by ButterfliesController#show as HTML
  Parameters: {"id"=>"1"}
  [1m[36mButterfly Load (6.3ms)[0m  [1m[34mSELECT  "butterflies".* FROM "butterflies" WHERE "butterflies"."id" = $1 LIMIT $2[0m  [["id", 1], ["LIMIT", 1]]
Completed 404 Not Found in 36ms (ActiveRecord: 14.7ms)


  
ActiveRecord::RecordNotFound (Couldn't find Butterfly with 'id'=1):
  
app/controllers/butterflies_controller.rb:8:in `show'
Started GET "/butterfly/1" for 127.0.0.1 at 2017-09-12 12:19:19 +1000
  
ActionController::RoutingError (No route matches [GET] "/butterfly/1"):
  
actionpack (5.1.4) lib/action_dispatch/middleware/debug_exceptions.rb:63:in `call'
web-console (3.5.1) lib/web_console/middleware.rb:135:in `call_app'
web-console (3.5.1) lib/web_console/middleware.rb:28:in `block in call'
web-console (3.5.1) lib/web_console/middleware.rb:18:in `catch'
web-console (3.5.1) lib/web_console/middleware.rb:18:in `call'
actionpack (5.1.4) lib/action_dispatch/middleware/show_exceptions.rb:31:in `call'
railties (5.1.4) lib/rails/rack/logger.rb:36:in `call_app'
railties (5.1.4) lib/rails/rack/logger.rb:24:in `block in call'
activesupport (5.1.4) lib/active_support/tagged_logging.rb:69:in `block in tagged'
activesupport (5.1.4) lib/active_support/tagged_logging.rb:26:in `tagged'
activesupport (5.1.4) lib/active_support/tagged_logging.rb:69:in `tagged'
railties (5.1.4) lib/rails/rack/logger.rb:24:in `call'
sprockets-rails (3.2.1) lib/sprockets/rails/quiet_assets.rb:13:in `call'
actionpack (5.1.4) lib/action_dispatch/middleware/remote_ip.rb:79:in `call'
actionpack (5.1.4) lib/action_dispatch/middleware/request_id.rb:25:in `call'
rack (2.0.3) lib/rack/method_override.rb:22:in `call'
rack (2.0.3) lib/rack/runtime.rb:22:in `call'
activesupport (5.1.4) lib/active_support/cache/strategy/local_cache_middleware.rb:27:in `call'
actionpack (5.1.4) lib/action_dispatch/middleware/executor.rb:12:in `call'
actionpack (5.1.4) lib/action_dispatch/middleware/static.rb:125:in `call'
rack (2.0.3) lib/rack/sendfile.rb:111:in `call'
railties (5.1.4) lib/rails/engine.rb:522:in `call'
puma (3.10.0) lib/puma/configuration.rb:225:in `call'
puma (3.10.0) lib/puma/server.rb:605:in `handle_request'
puma (3.10.0) lib/puma/server.rb:437:in `process_client'
puma (3.10.0) lib/puma/server.rb:301:in `block in run'
puma (3.10.0) lib/puma/thread_pool.rb:120:in `block in spawn_thread'
Started GET "/butterflies/1" for 127.0.0.1 at 2017-09-12 12:19:23 +1000
Processing by ButterfliesController#show as HTML
  Parameters: {"id"=>"1"}
  [1m[36mButterfly Load (0.5ms)[0m  [1m[34mSELECT  "butterflies".* FROM "butterflies" WHERE "butterflies"."id" = $1 LIMIT $2[0m  [["id", 1], ["LIMIT", 1]]
Completed 404 Not Found in 3ms (ActiveRecord: 0.5ms)


  
ActiveRecord::RecordNotFound (Couldn't find Butterfly with 'id'=1):
  
app/controllers/butterflies_controller.rb:8:in `show'
Started GET "/butterflies/" for 127.0.0.1 at 2017-09-12 12:19:41 +1000
Processing by ButterfliesController#index as HTML
  [1m[36mButterfly Load (0.7ms)[0m  [1m[34mSELECT "butterflies".* FROM "butterflies"[0m
  [1m[36mPlant Load (1.4ms)[0m  [1m[34mSELECT  "plants".* FROM "plants" WHERE "plants"."id" = $1 LIMIT $2[0m  [["id", 5], ["LIMIT", 1]]
  [1m[36mPlant Load (0.8ms)[0m  [1m[34mSELECT  "plants".* FROM "plants" WHERE "plants"."id" = $1 LIMIT $2[0m  [["id", 6], ["LIMIT", 1]]
Completed 200 OK in 11ms (Views: 0.1ms | ActiveRecord: 2.9ms)


Started GET "/butterflies/5" for 127.0.0.1 at 2017-09-12 12:19:47 +1000
Processing by ButterfliesController#show as HTML
  Parameters: {"id"=>"5"}
  [1m[36mButterfly Load (0.9ms)[0m  [1m[34mSELECT  "butterflies".* FROM "butterflies" WHERE "butterflies"."id" = $1 LIMIT $2[0m  [["id", 5], ["LIMIT", 1]]
Completed 200 OK in 3ms (Views: 0.7ms | ActiveRecord: 0.9ms)


Started GET "/butterflies/5" for 127.0.0.1 at 2017-09-12 12:20:27 +1000
Processing by ButterfliesController#show as HTML
  Parameters: {"id"=>"5"}
  [1m[36mButterfly Load (0.5ms)[0m  [1m[34mSELECT  "butterflies".* FROM "butterflies" WHERE "butterflies"."id" = $1 LIMIT $2[0m  [["id", 5], ["LIMIT", 1]]
  [1m[36mPlant Load (4.1ms)[0m  [1m[34mSELECT  "plants".* FROM "plants" WHERE "plants"."id" = $1 LIMIT $2[0m  [["id", 5], ["LIMIT", 1]]
Completed 200 OK in 61ms (Views: 0.6ms | ActiveRecord: 4.6ms)


Started GET "/plants" for 127.0.0.1 at 2017-09-12 12:24:03 +1000
  [1m[35m (6.8ms)[0m  [1m[34mSELECT "schema_migrations"."version" FROM "schema_migrations" ORDER BY "schema_migrations"."version" ASC[0m
  
SyntaxError (/Users/MacEnroy/Projects/WDi23-Homework/joshua_mcevoy/week_07/day_02/butterflies_app/app/controllers/plants_controller.rb:5: syntax error, unexpected tIDENTIFIER, expecting keyword_end
    rende :json plants.to_json(:include => :butterfl
                      ^
/Users/MacEnroy/Projects/WDi23-Homework/joshua_mcevoy/week_07/day_02/butterflies_app/app/controllers/plants_controller.rb:10: syntax error, unexpected tIDENTIFIER, expecting keyword_end
    rende :json plant.to_json(:include => :butterfl
                     ^):
  
app/controllers/plants_controller.rb:5: syntax error, unexpected tIDENTIFIER, expecting keyword_end
app/controllers/plants_controller.rb:10: syntax error, unexpected tIDENTIFIER, expecting keyword_end
Started GET "/plants" for 127.0.0.1 at 2017-09-12 12:25:02 +1000
Started GET "/plants" for 127.0.0.1 at 2017-09-12 12:25:12 +1000
Processing by PlantsController#index as HTML
  [1m[36mPlant Load (0.7ms)[0m  [1m[34mSELECT "plants".* FROM "plants"[0m
  [1m[36mButterfly Load (0.4ms)[0m  [1m[34mSELECT "butterflies".* FROM "butterflies" WHERE "butterflies"."plant_id" = $1[0m  [["plant_id", 5]]
  [1m[36mButterfly Load (0.4ms)[0m  [1m[34mSELECT "butterflies".* FROM "butterflies" WHERE "butterflies"."plant_id" = $1[0m  [["plant_id", 6]]
Completed 500 Internal Server Error in 170ms (ActiveRecord: 21.2ms)


  
NoMethodError (undefined method `rende' for #<PlantsController:0x007f9124297ec8>
Did you mean?  render):
  
app/controllers/plants_controller.rb:5:in `index'
Processing by PlantsController#index as HTML
  [1m[36mPlant Load (0.3ms)[0m  [1m[34mSELECT "plants".* FROM "plants"[0m
  [1m[36mButterfly Load (1.6ms)[0m  [1m[34mSELECT "butterflies".* FROM "butterflies" WHERE "butterflies"."plant_id" = $1[0m  [["plant_id", 5]]
  [1m[36mButterfly Load (0.4ms)[0m  [1m[34mSELECT "butterflies".* FROM "butterflies" WHERE "butterflies"."plant_id" = $1[0m  [["plant_id", 6]]
Completed 500 Internal Server Error in 211ms (ActiveRecord: 2.4ms)


  
NoMethodError (undefined method `rende' for #<PlantsController:0x007f9125ed43e8>
Did you mean?  render):
  
app/controllers/plants_controller.rb:5:in `index'
Started GET "/plants" for 127.0.0.1 at 2017-09-12 12:25:15 +1000
Processing by PlantsController#index as HTML
  [1m[36mPlant Load (1.8ms)[0m  [1m[34mSELECT "plants".* FROM "plants"[0m
  [1m[36mButterfly Load (0.4ms)[0m  [1m[34mSELECT "butterflies".* FROM "butterflies" WHERE "butterflies"."plant_id" = $1[0m  [["plant_id", 5]]
  [1m[36mButterfly Load (0.4ms)[0m  [1m[34mSELECT "butterflies".* FROM "butterflies" WHERE "butterflies"."plant_id" = $1[0m  [["plant_id", 6]]
Completed 500 Internal Server Error in 100ms (ActiveRecord: 2.8ms)


  
NoMethodError (undefined method `rende' for #<PlantsController:0x007f9124ee3010>
Did you mean?  render):
  
app/controllers/plants_controller.rb:5:in `index'
Started GET "/plants" for 127.0.0.1 at 2017-09-12 12:25:35 +1000
Processing by PlantsController#index as HTML
  [1m[36mPlant Load (0.5ms)[0m  [1m[34mSELECT "plants".* FROM "plants"[0m
  [1m[36mButterfly Load (0.5ms)[0m  [1m[34mSELECT "butterflies".* FROM "butterflies" WHERE "butterflies"."plant_id" = $1[0m  [["plant_id", 5]]
  [1m[36mButterfly Load (4.4ms)[0m  [1m[34mSELECT "butterflies".* FROM "butterflies" WHERE "butterflies"."plant_id" = $1[0m  [["plant_id", 6]]
Completed 200 OK in 81ms (Views: 0.3ms | ActiveRecord: 20.1ms)


