Started GET "/" for 127.0.0.1 at 2017-10-09 14:22:39 +1100
Processing by PagesController#home as HTML
  Rendering pages/home.html.erb within layouts/application
  Rendered pages/home.html.erb within layouts/application (1.4ms)
Completed 200 OK in 1799ms (Views: 1265.5ms)


Started GET "/" for 127.0.0.1 at 2017-10-09 14:25:05 +1100
Processing by PagesController#home as HTML
  Rendering pages/home.html.erb within layouts/application
  Rendered pages/home.html.erb within layouts/application (1.2ms)
Completed 200 OK in 78ms (Views: 74.1ms)


Started GET "/" for 127.0.0.1 at 2017-10-09 14:25:20 +1100
Processing by PagesController#home as HTML
  Rendering pages/home.html.erb within layouts/application
  Rendered pages/home.html.erb within layouts/application (0.6ms)
Completed 200 OK in 74ms (Views: 68.0ms)


Started GET "/" for 127.0.0.1 at 2017-10-09 14:26:01 +1100
Processing by PagesController#home as HTML
  Rendering pages/home.html.erb within layouts/application
  Rendered pages/home.html.erb within layouts/application (0.4ms)
Completed 200 OK in 53ms (Views: 48.8ms)


Started GET "/" for 127.0.0.1 at 2017-10-09 14:26:48 +1100
Processing by PagesController#home as HTML
  Rendering pages/home.html.erb within layouts/application
  Rendered pages/home.html.erb within layouts/application (0.4ms)
Completed 200 OK in 48ms (Views: 45.3ms)


Started GET "/" for 127.0.0.1 at 2017-10-09 14:27:01 +1100
Processing by PagesController#home as HTML
  Rendering pages/home.html.erb within layouts/application
  Rendered pages/home.html.erb within layouts/application (0.4ms)
Completed 200 OK in 48ms (Views: 44.8ms)


Started GET "/" for 127.0.0.1 at 2017-10-09 14:27:22 +1100
Processing by PagesController#home as HTML
  Rendering pages/home.html.erb within layouts/application
  Rendered pages/home.html.erb within layouts/application (0.4ms)
Completed 200 OK in 51ms (Views: 48.6ms)


Started GET "/" for 127.0.0.1 at 2017-10-09 14:28:38 +1100
Processing by PagesController#home as HTML
  Rendering pages/home.html.erb within layouts/application
  Rendered pages/home.html.erb within layouts/application (0.4ms)
Completed 200 OK in 54ms (Views: 49.0ms)


Started GET "/" for 127.0.0.1 at 2017-10-09 14:29:08 +1100
Processing by PagesController#home as HTML
  Rendering pages/home.html.erb within layouts/application
  Rendered pages/home.html.erb within layouts/application (0.5ms)
Completed 200 OK in 50ms (Views: 46.9ms)


Started GET "/" for 127.0.0.1 at 2017-10-09 14:30:20 +1100
Processing by PagesController#home as HTML
  Rendering pages/home.html.erb within layouts/application
  Rendered pages/home.html.erb within layouts/application (0.4ms)
Completed 200 OK in 62ms (Views: 58.3ms)


Started GET "/" for 127.0.0.1 at 2017-10-09 14:30:24 +1100
Processing by PagesController#home as HTML
  Rendering pages/home.html.erb within layouts/application
  Rendered pages/home.html.erb within layouts/application (0.4ms)
Completed 200 OK in 35ms (Views: 32.4ms)


Started GET "/" for 127.0.0.1 at 2017-10-09 14:30:34 +1100
Processing by PagesController#home as HTML
  Rendering pages/home.html.erb within layouts/application
  Rendered pages/home.html.erb within layouts/application (1.0ms)
Completed 200 OK in 31ms (Views: 28.2ms)


Started GET "/" for 127.0.0.1 at 2017-10-09 14:30:48 +1100
Processing by PagesController#home as HTML
  Rendering pages/home.html.erb within layouts/application
  Rendered pages/home.html.erb within layouts/application (0.5ms)
Completed 200 OK in 73ms (Views: 70.3ms)


Started GET "/" for 127.0.0.1 at 2017-10-09 14:31:03 +1100
Processing by PagesController#home as HTML
  Rendering pages/home.html.erb within layouts/application
  Rendered pages/home.html.erb within layouts/application (0.4ms)
Completed 200 OK in 29ms (Views: 26.2ms)


Started GET "/" for 127.0.0.1 at 2017-10-09 14:32:17 +1100
Processing by PagesController#home as HTML
  Rendering pages/home.html.erb within layouts/application
  Rendered pages/home.html.erb within layouts/application (2.1ms)
Completed 200 OK in 135ms (Views: 125.3ms)


Started GET "/" for 127.0.0.1 at 2017-10-09 14:32:55 +1100
Processing by PagesController#home as HTML
  Rendering pages/home.html.erb within layouts/application
  Rendered pages/home.html.erb within layouts/application (0.7ms)
Completed 200 OK in 67ms (Views: 64.0ms)


Started GET "/" for 127.0.0.1 at 2017-10-09 14:33:49 +1100
Processing by PagesController#home as HTML
  Rendering pages/home.html.erb within layouts/application
  Rendered pages/home.html.erb within layouts/application (1.3ms)
Completed 200 OK in 59ms (Views: 56.4ms)


Started GET "/" for 127.0.0.1 at 2017-10-09 14:34:47 +1100
Processing by PagesController#home as HTML
  Rendering pages/home.html.erb within layouts/application
  Rendered pages/home.html.erb within layouts/application (0.5ms)
Completed 200 OK in 31ms (Views: 26.8ms)


Started GET "/" for 127.0.0.1 at 2017-10-09 14:35:52 +1100
Processing by PagesController#home as HTML
  Rendering pages/home.html.erb within layouts/application
  Rendered pages/home.html.erb within layouts/application (0.5ms)
Completed 200 OK in 58ms (Views: 55.2ms)


Started GET "/" for 127.0.0.1 at 2017-10-09 14:36:16 +1100
Processing by PagesController#home as HTML
  Rendering pages/home.html.erb within layouts/application
  Rendered pages/home.html.erb within layouts/application (0.5ms)
Completed 200 OK in 59ms (Views: 53.9ms)


Started GET "/" for 127.0.0.1 at 2017-10-09 14:37:10 +1100
Processing by PagesController#home as HTML
  Rendering pages/home.html.erb within layouts/application
  Rendered pages/home.html.erb within layouts/application (0.7ms)
Completed 200 OK in 176ms (Views: 173.6ms)


Started GET "/" for 127.0.0.1 at 2017-10-09 14:39:55 +1100
Processing by PagesController#home as HTML
  Rendering pages/home.html.erb within layouts/application
  Rendered pages/home.html.erb within layouts/application (0.5ms)
Completed 200 OK in 59ms (Views: 50.8ms)


Started GET "/" for 127.0.0.1 at 2017-10-09 14:40:30 +1100
Processing by PagesController#home as HTML
  Rendering pages/home.html.erb within layouts/application
  Rendered pages/home.html.erb within layouts/application (0.7ms)
Completed 200 OK in 62ms (Views: 59.0ms)


Started GET "/" for 127.0.0.1 at 2017-10-09 14:40:38 +1100
Processing by PagesController#home as HTML
  Rendering pages/home.html.erb within layouts/application
  Rendered pages/home.html.erb within layouts/application (0.5ms)
Completed 200 OK in 42ms (Views: 38.3ms)


Started GET "/" for 127.0.0.1 at 2017-10-09 14:43:38 +1100
Processing by PagesController#home as HTML
  Rendering pages/home.html.erb within layouts/application
  Rendered pages/home.html.erb within layouts/application (0.5ms)
Completed 200 OK in 60ms (Views: 57.0ms)


Started GET "/" for 127.0.0.1 at 2017-10-09 14:44:53 +1100
Processing by PagesController#home as HTML
  Rendering pages/home.html.erb within layouts/application
  Rendered pages/home.html.erb within layouts/application (0.5ms)
Completed 200 OK in 71ms (Views: 68.1ms)


Started GET "/" for 127.0.0.1 at 2017-10-09 14:46:50 +1100
Processing by PagesController#home as HTML
  Rendering pages/home.html.erb within layouts/application
  Rendered pages/home.html.erb within layouts/application (0.5ms)
Completed 200 OK in 62ms (Views: 58.6ms)


Started GET "/" for 127.0.0.1 at 2017-10-09 14:51:08 +1100
Processing by PagesController#home as HTML
  Rendering pages/home.html.erb within layouts/application
  Rendered pages/home.html.erb within layouts/application (0.5ms)
Completed 200 OK in 173ms (Views: 168.0ms)


Started GET "/" for 127.0.0.1 at 2017-10-09 14:53:28 +1100
Processing by PagesController#home as HTML
  Rendering pages/home.html.erb within layouts/application
  Rendered pages/home.html.erb within layouts/application (0.8ms)
Completed 200 OK in 71ms (Views: 68.3ms)


Started GET "/" for 127.0.0.1 at 2017-10-09 14:54:36 +1100
Processing by PagesController#home as HTML
  Rendering pages/home.html.erb within layouts/application
  Rendered pages/home.html.erb within layouts/application (0.9ms)
Completed 200 OK in 80ms (Views: 77.3ms)


